ARM GAS  /tmp/cctqXIPT.s 			page 1


   1              		.cpu cortex-m0plus
   2              		.arch armv6s-m
   3              		.fpu softvfp
   4              		.eabi_attribute 20, 1
   5              		.eabi_attribute 21, 1
   6              		.eabi_attribute 23, 3
   7              		.eabi_attribute 24, 1
   8              		.eabi_attribute 25, 1
   9              		.eabi_attribute 26, 1
  10              		.eabi_attribute 30, 1
  11              		.eabi_attribute 34, 0
  12              		.eabi_attribute 18, 4
  13              		.file	"gpio.c"
  14              		.text
  15              	.Ltext0:
  16              		.cfi_sections	.debug_frame
  17              		.file 1 "Core/Src/gpio.c"
  18              		.section	.text.MX_GPIO_Init,"ax",%progbits
  19              		.align	1
  20              		.global	MX_GPIO_Init
  21              		.syntax unified
  22              		.code	16
  23              		.thumb_func
  25              	MX_GPIO_Init:
  26              	.LFB358:
   1:Core/Src/gpio.c **** /**
   2:Core/Src/gpio.c ****   ******************************************************************************
   3:Core/Src/gpio.c ****   * @file    gpio.c
   4:Core/Src/gpio.c ****   * @brief   This file provides code for the configuration
   5:Core/Src/gpio.c ****   *          of all used GPIO pins.
   6:Core/Src/gpio.c ****   ******************************************************************************
   7:Core/Src/gpio.c ****   * @attention
   8:Core/Src/gpio.c ****   *
   9:Core/Src/gpio.c ****   * <h2><center>&copy; Copyright (c) 2022 STMicroelectronics.
  10:Core/Src/gpio.c ****   * All rights reserved.</center></h2>
  11:Core/Src/gpio.c ****   *
  12:Core/Src/gpio.c ****   * This software component is licensed by ST under Ultimate Liberty license
  13:Core/Src/gpio.c ****   * SLA0044, the "License"; You may not use this file except in compliance with
  14:Core/Src/gpio.c ****   * the License. You may obtain a copy of the License at:
  15:Core/Src/gpio.c ****   *                             www.st.com/SLA0044
  16:Core/Src/gpio.c ****   *
  17:Core/Src/gpio.c ****   ******************************************************************************
  18:Core/Src/gpio.c ****   */
  19:Core/Src/gpio.c **** 
  20:Core/Src/gpio.c **** /* Includes ------------------------------------------------------------------*/
  21:Core/Src/gpio.c **** #include "gpio.h"
  22:Core/Src/gpio.c **** 
  23:Core/Src/gpio.c **** /* USER CODE BEGIN 0 */
  24:Core/Src/gpio.c **** 
  25:Core/Src/gpio.c **** /* USER CODE END 0 */
  26:Core/Src/gpio.c **** 
  27:Core/Src/gpio.c **** /*----------------------------------------------------------------------------*/
  28:Core/Src/gpio.c **** /* Configure GPIO                                                             */
  29:Core/Src/gpio.c **** /*----------------------------------------------------------------------------*/
  30:Core/Src/gpio.c **** /* USER CODE BEGIN 1 */
  31:Core/Src/gpio.c **** 
  32:Core/Src/gpio.c **** /* USER CODE END 1 */
ARM GAS  /tmp/cctqXIPT.s 			page 2


  33:Core/Src/gpio.c **** 
  34:Core/Src/gpio.c **** /** Configure pins as
  35:Core/Src/gpio.c ****         * Analog
  36:Core/Src/gpio.c ****         * Input
  37:Core/Src/gpio.c ****         * Output
  38:Core/Src/gpio.c ****         * EVENT_OUT
  39:Core/Src/gpio.c ****         * EXTI
  40:Core/Src/gpio.c ****         * Free pins are configured automatically as Analog (this feature is enabled through
  41:Core/Src/gpio.c ****         * the Code Generation settings)
  42:Core/Src/gpio.c **** */
  43:Core/Src/gpio.c **** void MX_GPIO_Init(void)
  44:Core/Src/gpio.c **** {
  27              		.loc 1 44 1 view -0
  28              		.cfi_startproc
  29              		@ args = 0, pretend = 0, frame = 40
  30              		@ frame_needed = 0, uses_anonymous_args = 0
  31 0000 F0B5     		push	{r4, r5, r6, r7, lr}
  32              	.LCFI0:
  33              		.cfi_def_cfa_offset 20
  34              		.cfi_offset 4, -20
  35              		.cfi_offset 5, -16
  36              		.cfi_offset 6, -12
  37              		.cfi_offset 7, -8
  38              		.cfi_offset 14, -4
  39 0002 C646     		mov	lr, r8
  40 0004 00B5     		push	{lr}
  41              	.LCFI1:
  42              		.cfi_def_cfa_offset 24
  43              		.cfi_offset 8, -24
  44 0006 8AB0     		sub	sp, sp, #40
  45              	.LCFI2:
  46              		.cfi_def_cfa_offset 64
  45:Core/Src/gpio.c **** 
  46:Core/Src/gpio.c ****   GPIO_InitTypeDef GPIO_InitStruct = {0};
  47              		.loc 1 46 3 view .LVU1
  48              		.loc 1 46 20 is_stmt 0 view .LVU2
  49 0008 1422     		movs	r2, #20
  50 000a 0021     		movs	r1, #0
  51 000c 05A8     		add	r0, sp, #20
  52 000e FFF7FEFF 		bl	memset
  53              	.LVL0:
  47:Core/Src/gpio.c **** 
  48:Core/Src/gpio.c ****   /* GPIO Ports Clock Enable */
  49:Core/Src/gpio.c ****   __HAL_RCC_GPIOB_CLK_ENABLE();
  54              		.loc 1 49 3 is_stmt 1 view .LVU3
  55              	.LBB2:
  56              		.loc 1 49 3 view .LVU4
  57              		.loc 1 49 3 view .LVU5
  58 0012 374B     		ldr	r3, .L2
  59 0014 596B     		ldr	r1, [r3, #52]
  60 0016 0222     		movs	r2, #2
  61 0018 1143     		orrs	r1, r2
  62 001a 5963     		str	r1, [r3, #52]
  63              		.loc 1 49 3 view .LVU6
  64 001c 596B     		ldr	r1, [r3, #52]
  65 001e 0A40     		ands	r2, r1
  66 0020 0092     		str	r2, [sp]
ARM GAS  /tmp/cctqXIPT.s 			page 3


  67              		.loc 1 49 3 view .LVU7
  68 0022 009A     		ldr	r2, [sp]
  69              	.LBE2:
  70              		.loc 1 49 3 view .LVU8
  50:Core/Src/gpio.c ****   __HAL_RCC_GPIOC_CLK_ENABLE();
  71              		.loc 1 50 3 view .LVU9
  72              	.LBB3:
  73              		.loc 1 50 3 view .LVU10
  74              		.loc 1 50 3 view .LVU11
  75 0024 5A6B     		ldr	r2, [r3, #52]
  76 0026 0427     		movs	r7, #4
  77 0028 3A43     		orrs	r2, r7
  78 002a 5A63     		str	r2, [r3, #52]
  79              		.loc 1 50 3 view .LVU12
  80 002c 5A6B     		ldr	r2, [r3, #52]
  81 002e 3A40     		ands	r2, r7
  82 0030 0192     		str	r2, [sp, #4]
  83              		.loc 1 50 3 view .LVU13
  84 0032 019A     		ldr	r2, [sp, #4]
  85              	.LBE3:
  86              		.loc 1 50 3 view .LVU14
  51:Core/Src/gpio.c ****   __HAL_RCC_GPIOF_CLK_ENABLE();
  87              		.loc 1 51 3 view .LVU15
  88              	.LBB4:
  89              		.loc 1 51 3 view .LVU16
  90              		.loc 1 51 3 view .LVU17
  91 0034 596B     		ldr	r1, [r3, #52]
  92 0036 2022     		movs	r2, #32
  93 0038 1143     		orrs	r1, r2
  94 003a 5963     		str	r1, [r3, #52]
  95              		.loc 1 51 3 view .LVU18
  96 003c 596B     		ldr	r1, [r3, #52]
  97 003e 0A40     		ands	r2, r1
  98 0040 0292     		str	r2, [sp, #8]
  99              		.loc 1 51 3 view .LVU19
 100 0042 029A     		ldr	r2, [sp, #8]
 101              	.LBE4:
 102              		.loc 1 51 3 view .LVU20
  52:Core/Src/gpio.c ****   __HAL_RCC_GPIOA_CLK_ENABLE();
 103              		.loc 1 52 3 view .LVU21
 104              	.LBB5:
 105              		.loc 1 52 3 view .LVU22
 106              		.loc 1 52 3 view .LVU23
 107 0044 5A6B     		ldr	r2, [r3, #52]
 108 0046 0126     		movs	r6, #1
 109 0048 3243     		orrs	r2, r6
 110 004a 5A63     		str	r2, [r3, #52]
 111              		.loc 1 52 3 view .LVU24
 112 004c 5A6B     		ldr	r2, [r3, #52]
 113 004e 3240     		ands	r2, r6
 114 0050 0392     		str	r2, [sp, #12]
 115              		.loc 1 52 3 view .LVU25
 116 0052 039A     		ldr	r2, [sp, #12]
 117              	.LBE5:
 118              		.loc 1 52 3 view .LVU26
  53:Core/Src/gpio.c ****   __HAL_RCC_GPIOD_CLK_ENABLE();
 119              		.loc 1 53 3 view .LVU27
ARM GAS  /tmp/cctqXIPT.s 			page 4


 120              	.LBB6:
 121              		.loc 1 53 3 view .LVU28
 122              		.loc 1 53 3 view .LVU29
 123 0054 596B     		ldr	r1, [r3, #52]
 124 0056 0822     		movs	r2, #8
 125 0058 1143     		orrs	r1, r2
 126 005a 5963     		str	r1, [r3, #52]
 127              		.loc 1 53 3 view .LVU30
 128 005c 5B6B     		ldr	r3, [r3, #52]
 129 005e 1A40     		ands	r2, r3
 130 0060 0492     		str	r2, [sp, #16]
 131              		.loc 1 53 3 view .LVU31
 132 0062 049B     		ldr	r3, [sp, #16]
 133              	.LBE6:
 134              		.loc 1 53 3 view .LVU32
  54:Core/Src/gpio.c **** 
  55:Core/Src/gpio.c ****   /*Configure GPIO pin Output Level */
  56:Core/Src/gpio.c ****   HAL_GPIO_WritePin(LED_GPIO_Port, LED_Pin, GPIO_PIN_RESET);
 135              		.loc 1 56 3 view .LVU33
 136 0064 234B     		ldr	r3, .L2+4
 137 0066 9846     		mov	r8, r3
 138 0068 0022     		movs	r2, #0
 139 006a 0121     		movs	r1, #1
 140 006c 1800     		movs	r0, r3
 141 006e FFF7FEFF 		bl	HAL_GPIO_WritePin
 142              	.LVL1:
  57:Core/Src/gpio.c **** 
  58:Core/Src/gpio.c ****   /*Configure GPIO pins : PB9 PB0 PB1 PB15
  59:Core/Src/gpio.c ****                            PB6 PB7 PB8 */
  60:Core/Src/gpio.c ****   GPIO_InitStruct.Pin = GPIO_PIN_9|GPIO_PIN_0|GPIO_PIN_1|GPIO_PIN_15
 143              		.loc 1 60 3 view .LVU34
 144              		.loc 1 60 23 is_stmt 0 view .LVU35
 145 0072 214B     		ldr	r3, .L2+8
 146 0074 0593     		str	r3, [sp, #20]
  61:Core/Src/gpio.c ****                           |GPIO_PIN_6|GPIO_PIN_7|GPIO_PIN_8;
  62:Core/Src/gpio.c ****   GPIO_InitStruct.Mode = GPIO_MODE_ANALOG;
 147              		.loc 1 62 3 is_stmt 1 view .LVU36
 148              		.loc 1 62 24 is_stmt 0 view .LVU37
 149 0076 0325     		movs	r5, #3
 150 0078 0695     		str	r5, [sp, #24]
  63:Core/Src/gpio.c ****   GPIO_InitStruct.Pull = GPIO_NOPULL;
 151              		.loc 1 63 3 is_stmt 1 view .LVU38
 152              		.loc 1 63 24 is_stmt 0 view .LVU39
 153 007a 0024     		movs	r4, #0
 154 007c 0794     		str	r4, [sp, #28]
  64:Core/Src/gpio.c ****   HAL_GPIO_Init(GPIOB, &GPIO_InitStruct);
 155              		.loc 1 64 3 is_stmt 1 view .LVU40
 156 007e 05A9     		add	r1, sp, #20
 157 0080 1E48     		ldr	r0, .L2+12
 158 0082 FFF7FEFF 		bl	HAL_GPIO_Init
 159              	.LVL2:
  65:Core/Src/gpio.c **** 
  66:Core/Src/gpio.c ****   /*Configure GPIO pins : PC14 PC15 */
  67:Core/Src/gpio.c ****   GPIO_InitStruct.Pin = GPIO_PIN_14|GPIO_PIN_15;
 160              		.loc 1 67 3 view .LVU41
 161              		.loc 1 67 23 is_stmt 0 view .LVU42
 162 0086 C023     		movs	r3, #192
ARM GAS  /tmp/cctqXIPT.s 			page 5


 163 0088 1B02     		lsls	r3, r3, #8
 164 008a 0593     		str	r3, [sp, #20]
  68:Core/Src/gpio.c ****   GPIO_InitStruct.Mode = GPIO_MODE_ANALOG;
 165              		.loc 1 68 3 is_stmt 1 view .LVU43
 166              		.loc 1 68 24 is_stmt 0 view .LVU44
 167 008c 0695     		str	r5, [sp, #24]
  69:Core/Src/gpio.c ****   GPIO_InitStruct.Pull = GPIO_NOPULL;
 168              		.loc 1 69 3 is_stmt 1 view .LVU45
 169              		.loc 1 69 24 is_stmt 0 view .LVU46
 170 008e 0794     		str	r4, [sp, #28]
  70:Core/Src/gpio.c ****   HAL_GPIO_Init(GPIOC, &GPIO_InitStruct);
 171              		.loc 1 70 3 is_stmt 1 view .LVU47
 172 0090 05A9     		add	r1, sp, #20
 173 0092 1B48     		ldr	r0, .L2+16
 174 0094 FFF7FEFF 		bl	HAL_GPIO_Init
 175              	.LVL3:
  71:Core/Src/gpio.c **** 
  72:Core/Src/gpio.c ****   /*Configure GPIO pin : PF2 */
  73:Core/Src/gpio.c ****   GPIO_InitStruct.Pin = GPIO_PIN_2;
 176              		.loc 1 73 3 view .LVU48
 177              		.loc 1 73 23 is_stmt 0 view .LVU49
 178 0098 0597     		str	r7, [sp, #20]
  74:Core/Src/gpio.c ****   GPIO_InitStruct.Mode = GPIO_MODE_ANALOG;
 179              		.loc 1 74 3 is_stmt 1 view .LVU50
 180              		.loc 1 74 24 is_stmt 0 view .LVU51
 181 009a 0695     		str	r5, [sp, #24]
  75:Core/Src/gpio.c ****   GPIO_InitStruct.Pull = GPIO_NOPULL;
 182              		.loc 1 75 3 is_stmt 1 view .LVU52
 183              		.loc 1 75 24 is_stmt 0 view .LVU53
 184 009c 0794     		str	r4, [sp, #28]
  76:Core/Src/gpio.c ****   HAL_GPIO_Init(GPIOF, &GPIO_InitStruct);
 185              		.loc 1 76 3 is_stmt 1 view .LVU54
 186 009e 05A9     		add	r1, sp, #20
 187 00a0 1848     		ldr	r0, .L2+20
 188 00a2 FFF7FEFF 		bl	HAL_GPIO_Init
 189              	.LVL4:
  77:Core/Src/gpio.c **** 
  78:Core/Src/gpio.c ****   /*Configure GPIO pin : PtPin */
  79:Core/Src/gpio.c ****   GPIO_InitStruct.Pin = PRES_Pin;
 190              		.loc 1 79 3 view .LVU55
 191              		.loc 1 79 23 is_stmt 0 view .LVU56
 192 00a6 0596     		str	r6, [sp, #20]
  80:Core/Src/gpio.c ****   GPIO_InitStruct.Mode = GPIO_MODE_INPUT;
 193              		.loc 1 80 3 is_stmt 1 view .LVU57
 194              		.loc 1 80 24 is_stmt 0 view .LVU58
 195 00a8 0694     		str	r4, [sp, #24]
  81:Core/Src/gpio.c ****   GPIO_InitStruct.Pull = GPIO_NOPULL;
 196              		.loc 1 81 3 is_stmt 1 view .LVU59
 197              		.loc 1 81 24 is_stmt 0 view .LVU60
 198 00aa 0794     		str	r4, [sp, #28]
  82:Core/Src/gpio.c ****   HAL_GPIO_Init(PRES_GPIO_Port, &GPIO_InitStruct);
 199              		.loc 1 82 3 is_stmt 1 view .LVU61
 200 00ac A027     		movs	r7, #160
 201 00ae FF05     		lsls	r7, r7, #23
 202 00b0 05A9     		add	r1, sp, #20
 203 00b2 3800     		movs	r0, r7
 204 00b4 FFF7FEFF 		bl	HAL_GPIO_Init
ARM GAS  /tmp/cctqXIPT.s 			page 6


 205              	.LVL5:
  83:Core/Src/gpio.c **** 
  84:Core/Src/gpio.c ****   /*Configure GPIO pins : PA1 PA2 PA3 PA4
  85:Core/Src/gpio.c ****                            PA5 PA8 PA9 PA10 */
  86:Core/Src/gpio.c ****   GPIO_InitStruct.Pin = GPIO_PIN_1|GPIO_PIN_2|GPIO_PIN_3|GPIO_PIN_4
 206              		.loc 1 86 3 view .LVU62
 207              		.loc 1 86 23 is_stmt 0 view .LVU63
 208 00b8 134B     		ldr	r3, .L2+24
 209 00ba 0593     		str	r3, [sp, #20]
  87:Core/Src/gpio.c ****                           |GPIO_PIN_5|GPIO_PIN_8|GPIO_PIN_9|GPIO_PIN_10;
  88:Core/Src/gpio.c ****   GPIO_InitStruct.Mode = GPIO_MODE_ANALOG;
 210              		.loc 1 88 3 is_stmt 1 view .LVU64
 211              		.loc 1 88 24 is_stmt 0 view .LVU65
 212 00bc 0695     		str	r5, [sp, #24]
  89:Core/Src/gpio.c ****   GPIO_InitStruct.Pull = GPIO_NOPULL;
 213              		.loc 1 89 3 is_stmt 1 view .LVU66
 214              		.loc 1 89 24 is_stmt 0 view .LVU67
 215 00be 0794     		str	r4, [sp, #28]
  90:Core/Src/gpio.c ****   HAL_GPIO_Init(GPIOA, &GPIO_InitStruct);
 216              		.loc 1 90 3 is_stmt 1 view .LVU68
 217 00c0 05A9     		add	r1, sp, #20
 218 00c2 3800     		movs	r0, r7
 219 00c4 FFF7FEFF 		bl	HAL_GPIO_Init
 220              	.LVL6:
  91:Core/Src/gpio.c **** 
  92:Core/Src/gpio.c ****   /*Configure GPIO pin : PtPin */
  93:Core/Src/gpio.c ****   GPIO_InitStruct.Pin = LED_Pin;
 221              		.loc 1 93 3 view .LVU69
 222              		.loc 1 93 23 is_stmt 0 view .LVU70
 223 00c8 0596     		str	r6, [sp, #20]
  94:Core/Src/gpio.c ****   GPIO_InitStruct.Mode = GPIO_MODE_OUTPUT_PP;
 224              		.loc 1 94 3 is_stmt 1 view .LVU71
 225              		.loc 1 94 24 is_stmt 0 view .LVU72
 226 00ca 0696     		str	r6, [sp, #24]
  95:Core/Src/gpio.c ****   GPIO_InitStruct.Pull = GPIO_NOPULL;
 227              		.loc 1 95 3 is_stmt 1 view .LVU73
 228              		.loc 1 95 24 is_stmt 0 view .LVU74
 229 00cc 0794     		str	r4, [sp, #28]
  96:Core/Src/gpio.c ****   GPIO_InitStruct.Speed = GPIO_SPEED_FREQ_LOW;
 230              		.loc 1 96 3 is_stmt 1 view .LVU75
 231              		.loc 1 96 25 is_stmt 0 view .LVU76
 232 00ce 0894     		str	r4, [sp, #32]
  97:Core/Src/gpio.c ****   HAL_GPIO_Init(LED_GPIO_Port, &GPIO_InitStruct);
 233              		.loc 1 97 3 is_stmt 1 view .LVU77
 234 00d0 05A9     		add	r1, sp, #20
 235 00d2 4046     		mov	r0, r8
 236 00d4 FFF7FEFF 		bl	HAL_GPIO_Init
 237              	.LVL7:
  98:Core/Src/gpio.c **** 
  99:Core/Src/gpio.c ****   /*Configure GPIO pins : PD1 PD2 PD3 */
 100:Core/Src/gpio.c ****   GPIO_InitStruct.Pin = GPIO_PIN_1|GPIO_PIN_2|GPIO_PIN_3;
 238              		.loc 1 100 3 view .LVU78
 239              		.loc 1 100 23 is_stmt 0 view .LVU79
 240 00d8 0E23     		movs	r3, #14
 241 00da 0593     		str	r3, [sp, #20]
 101:Core/Src/gpio.c ****   GPIO_InitStruct.Mode = GPIO_MODE_ANALOG;
 242              		.loc 1 101 3 is_stmt 1 view .LVU80
ARM GAS  /tmp/cctqXIPT.s 			page 7


 243              		.loc 1 101 24 is_stmt 0 view .LVU81
 244 00dc 0695     		str	r5, [sp, #24]
 102:Core/Src/gpio.c ****   GPIO_InitStruct.Pull = GPIO_NOPULL;
 245              		.loc 1 102 3 is_stmt 1 view .LVU82
 246              		.loc 1 102 24 is_stmt 0 view .LVU83
 247 00de 0794     		str	r4, [sp, #28]
 103:Core/Src/gpio.c ****   HAL_GPIO_Init(GPIOD, &GPIO_InitStruct);
 248              		.loc 1 103 3 is_stmt 1 view .LVU84
 249 00e0 05A9     		add	r1, sp, #20
 250 00e2 4046     		mov	r0, r8
 251 00e4 FFF7FEFF 		bl	HAL_GPIO_Init
 252              	.LVL8:
 104:Core/Src/gpio.c **** }
 253              		.loc 1 104 1 is_stmt 0 view .LVU85
 254 00e8 0AB0     		add	sp, sp, #40
 255              		@ sp needed
 256 00ea 80BC     		pop	{r7}
 257 00ec B846     		mov	r8, r7
 258 00ee F0BD     		pop	{r4, r5, r6, r7, pc}
 259              	.L3:
 260              		.align	2
 261              	.L2:
 262 00f0 00100240 		.word	1073876992
 263 00f4 000C0050 		.word	1342180352
 264 00f8 C3830000 		.word	33731
 265 00fc 00040050 		.word	1342178304
 266 0100 00080050 		.word	1342179328
 267 0104 00140050 		.word	1342182400
 268 0108 3E070000 		.word	1854
 269              		.cfi_endproc
 270              	.LFE358:
 272              		.section	.text.write_led,"ax",%progbits
 273              		.align	1
 274              		.global	write_led
 275              		.syntax unified
 276              		.code	16
 277              		.thumb_func
 279              	write_led:
 280              	.LVL9:
 281              	.LFB359:
 105:Core/Src/gpio.c **** 
 106:Core/Src/gpio.c **** /* USER CODE BEGIN 2 */
 107:Core/Src/gpio.c **** 
 108:Core/Src/gpio.c **** void write_led(int val) {
 282              		.loc 1 108 25 is_stmt 1 view -0
 283              		.cfi_startproc
 284              		@ args = 0, pretend = 0, frame = 0
 285              		@ frame_needed = 0, uses_anonymous_args = 0
 286              		.loc 1 108 25 is_stmt 0 view .LVU87
 287 0000 10B5     		push	{r4, lr}
 288              	.LCFI3:
 289              		.cfi_def_cfa_offset 8
 290              		.cfi_offset 4, -8
 291              		.cfi_offset 14, -4
 109:Core/Src/gpio.c ****   HAL_GPIO_WritePin(LED_GPIO_Port, LED_Pin, val ? GPIO_PIN_SET : GPIO_PIN_RESET);
 292              		.loc 1 109 3 is_stmt 1 view .LVU88
 293 0002 431E     		subs	r3, r0, #1
ARM GAS  /tmp/cctqXIPT.s 			page 8


 294 0004 9841     		sbcs	r0, r0, r3
 295              	.LVL10:
 296              		.loc 1 109 3 is_stmt 0 view .LVU89
 297 0006 C2B2     		uxtb	r2, r0
 298 0008 0121     		movs	r1, #1
 299 000a 0248     		ldr	r0, .L5
 300 000c FFF7FEFF 		bl	HAL_GPIO_WritePin
 301              	.LVL11:
 110:Core/Src/gpio.c **** }
 302              		.loc 1 110 1 view .LVU90
 303              		@ sp needed
 304 0010 10BD     		pop	{r4, pc}
 305              	.L6:
 306 0012 C046     		.align	2
 307              	.L5:
 308 0014 000C0050 		.word	1342180352
 309              		.cfi_endproc
 310              	.LFE359:
 312              		.global	__aeabi_i2d
 313              		.global	__aeabi_ddiv
 314              		.global	__aeabi_dmul
 315              		.global	__aeabi_d2iz
 316              		.section	.text.blink_led,"ax",%progbits
 317              		.align	1
 318              		.global	blink_led
 319              		.syntax unified
 320              		.code	16
 321              		.thumb_func
 323              	blink_led:
 324              	.LVL12:
 325              	.LFB360:
 111:Core/Src/gpio.c **** 
 112:Core/Src/gpio.c **** void blink_led(int num_blinks, int frequency) {
 326              		.loc 1 112 47 is_stmt 1 view -0
 327              		.cfi_startproc
 328              		@ args = 0, pretend = 0, frame = 0
 329              		@ frame_needed = 0, uses_anonymous_args = 0
 330              		.loc 1 112 47 is_stmt 0 view .LVU92
 331 0000 70B5     		push	{r4, r5, r6, lr}
 332              	.LCFI4:
 333              		.cfi_def_cfa_offset 16
 334              		.cfi_offset 4, -16
 335              		.cfi_offset 5, -12
 336              		.cfi_offset 6, -8
 337              		.cfi_offset 14, -4
 338 0002 0400     		movs	r4, r0
 339 0004 0800     		movs	r0, r1
 340              	.LVL13:
 113:Core/Src/gpio.c ****   // period in seconds / 1000 = period in ms, / 2 because 50% duty cycle
 114:Core/Src/gpio.c ****   int delay_ms = (1.0 / frequency) * 1000 / 2;
 341              		.loc 1 114 3 is_stmt 1 view .LVU93
 342              		.loc 1 114 23 is_stmt 0 view .LVU94
 343 0006 FFF7FEFF 		bl	__aeabi_i2d
 344              	.LVL14:
 345              		.loc 1 114 23 view .LVU95
 346 000a 0200     		movs	r2, r0
 347 000c 0B00     		movs	r3, r1
ARM GAS  /tmp/cctqXIPT.s 			page 9


 348 000e 0020     		movs	r0, #0
 349 0010 0F49     		ldr	r1, .L10
 350 0012 FFF7FEFF 		bl	__aeabi_ddiv
 351              	.LVL15:
 352              		.loc 1 114 36 view .LVU96
 353 0016 0022     		movs	r2, #0
 354 0018 0E4B     		ldr	r3, .L10+4
 355 001a FFF7FEFF 		bl	__aeabi_dmul
 356              	.LVL16:
 357              		.loc 1 114 43 view .LVU97
 358 001e 0022     		movs	r2, #0
 359 0020 0D4B     		ldr	r3, .L10+8
 360 0022 FFF7FEFF 		bl	__aeabi_dmul
 361              	.LVL17:
 362              		.loc 1 114 7 view .LVU98
 363 0026 FFF7FEFF 		bl	__aeabi_d2iz
 364              	.LVL18:
 365 002a 0500     		movs	r5, r0
 366              	.LVL19:
 115:Core/Src/gpio.c **** 
 116:Core/Src/gpio.c ****   while (num_blinks--) {
 367              		.loc 1 116 3 is_stmt 1 view .LVU99
 368              		.loc 1 116 9 is_stmt 0 view .LVU100
 369 002c 0CE0     		b	.L8
 370              	.LVL20:
 371              	.L9:
 117:Core/Src/gpio.c ****     write_led(1);
 372              		.loc 1 117 5 is_stmt 1 view .LVU101
 373 002e 0120     		movs	r0, #1
 374 0030 FFF7FEFF 		bl	write_led
 375              	.LVL21:
 118:Core/Src/gpio.c ****     HAL_Delay(delay_ms);
 376              		.loc 1 118 5 view .LVU102
 377 0034 2800     		movs	r0, r5
 378 0036 FFF7FEFF 		bl	HAL_Delay
 379              	.LVL22:
 119:Core/Src/gpio.c ****     write_led(0);
 380              		.loc 1 119 5 view .LVU103
 381 003a 0020     		movs	r0, #0
 382 003c FFF7FEFF 		bl	write_led
 383              	.LVL23:
 120:Core/Src/gpio.c ****     HAL_Delay(delay_ms);
 384              		.loc 1 120 5 view .LVU104
 385 0040 2800     		movs	r0, r5
 386 0042 FFF7FEFF 		bl	HAL_Delay
 387              	.LVL24:
 116:Core/Src/gpio.c ****     write_led(1);
 388              		.loc 1 116 20 is_stmt 0 view .LVU105
 389 0046 3400     		movs	r4, r6
 390              	.LVL25:
 391              	.L8:
 116:Core/Src/gpio.c ****     write_led(1);
 392              		.loc 1 116 10 is_stmt 1 view .LVU106
 116:Core/Src/gpio.c ****     write_led(1);
 393              		.loc 1 116 20 is_stmt 0 view .LVU107
 394 0048 661E     		subs	r6, r4, #1
 395              	.LVL26:
ARM GAS  /tmp/cctqXIPT.s 			page 10


 116:Core/Src/gpio.c ****     write_led(1);
 396              		.loc 1 116 10 view .LVU108
 397 004a 002C     		cmp	r4, #0
 398 004c EFD1     		bne	.L9
 121:Core/Src/gpio.c ****   }
 122:Core/Src/gpio.c **** }
 399              		.loc 1 122 1 view .LVU109
 400              		@ sp needed
 401              	.LVL27:
 402              	.LVL28:
 403              		.loc 1 122 1 view .LVU110
 404 004e 70BD     		pop	{r4, r5, r6, pc}
 405              	.L11:
 406              		.align	2
 407              	.L10:
 408 0050 0000F03F 		.word	1072693248
 409 0054 00408F40 		.word	1083129856
 410 0058 0000E03F 		.word	1071644672
 411              		.cfi_endproc
 412              	.LFE360:
 414              		.section	.text.read_pres_pin,"ax",%progbits
 415              		.align	1
 416              		.global	read_pres_pin
 417              		.syntax unified
 418              		.code	16
 419              		.thumb_func
 421              	read_pres_pin:
 422              	.LFB361:
 123:Core/Src/gpio.c **** 
 124:Core/Src/gpio.c **** GPIO_PinState read_pres_pin() {
 423              		.loc 1 124 31 is_stmt 1 view -0
 424              		.cfi_startproc
 425              		@ args = 0, pretend = 0, frame = 0
 426              		@ frame_needed = 0, uses_anonymous_args = 0
 427 0000 10B5     		push	{r4, lr}
 428              	.LCFI5:
 429              		.cfi_def_cfa_offset 8
 430              		.cfi_offset 4, -8
 431              		.cfi_offset 14, -4
 125:Core/Src/gpio.c ****   return HAL_GPIO_ReadPin(PRES_GPIO_Port, PRES_Pin);
 432              		.loc 1 125 3 view .LVU112
 433              		.loc 1 125 10 is_stmt 0 view .LVU113
 434 0002 A020     		movs	r0, #160
 435 0004 0121     		movs	r1, #1
 436 0006 C005     		lsls	r0, r0, #23
 437 0008 FFF7FEFF 		bl	HAL_GPIO_ReadPin
 438              	.LVL29:
 126:Core/Src/gpio.c **** }
 439              		.loc 1 126 1 view .LVU114
 440              		@ sp needed
 441 000c 10BD     		pop	{r4, pc}
 442              		.cfi_endproc
 443              	.LFE361:
 445              		.text
 446              	.Letext0:
 447              		.file 2 "/usr/arm-none-eabi/include/machine/_default_types.h"
 448              		.file 3 "/usr/arm-none-eabi/include/sys/_stdint.h"
ARM GAS  /tmp/cctqXIPT.s 			page 11


 449              		.file 4 "Drivers/CMSIS/Device/ST/STM32G0xx/Include/stm32g0b1xx.h"
 450              		.file 5 "Drivers/STM32G0xx_HAL_Driver/Inc/stm32g0xx_hal_gpio.h"
 451              		.file 6 "Drivers/STM32G0xx_HAL_Driver/Inc/stm32g0xx_hal.h"
 452              		.file 7 "Drivers/STM32G0xx_HAL_Driver/Inc/stm32g0xx_ll_dma.h"
 453              		.file 8 "<built-in>"
ARM GAS  /tmp/cctqXIPT.s 			page 12


DEFINED SYMBOLS
                            *ABS*:0000000000000000 gpio.c
     /tmp/cctqXIPT.s:19     .text.MX_GPIO_Init:0000000000000000 $t
     /tmp/cctqXIPT.s:25     .text.MX_GPIO_Init:0000000000000000 MX_GPIO_Init
     /tmp/cctqXIPT.s:262    .text.MX_GPIO_Init:00000000000000f0 $d
     /tmp/cctqXIPT.s:273    .text.write_led:0000000000000000 $t
     /tmp/cctqXIPT.s:279    .text.write_led:0000000000000000 write_led
     /tmp/cctqXIPT.s:308    .text.write_led:0000000000000014 $d
     /tmp/cctqXIPT.s:317    .text.blink_led:0000000000000000 $t
     /tmp/cctqXIPT.s:323    .text.blink_led:0000000000000000 blink_led
     /tmp/cctqXIPT.s:408    .text.blink_led:0000000000000050 $d
     /tmp/cctqXIPT.s:415    .text.read_pres_pin:0000000000000000 $t
     /tmp/cctqXIPT.s:421    .text.read_pres_pin:0000000000000000 read_pres_pin

UNDEFINED SYMBOLS
memset
HAL_GPIO_WritePin
HAL_GPIO_Init
__aeabi_i2d
__aeabi_ddiv
__aeabi_dmul
__aeabi_d2iz
HAL_Delay
HAL_GPIO_ReadPin
