ARM GAS  /tmp/ccySdkVl.s 			page 1


   1              		.cpu cortex-m0plus
   2              		.eabi_attribute 20, 1
   3              		.eabi_attribute 21, 1
   4              		.eabi_attribute 23, 3
   5              		.eabi_attribute 24, 1
   6              		.eabi_attribute 25, 1
   7              		.eabi_attribute 26, 1
   8              		.eabi_attribute 30, 1
   9              		.eabi_attribute 34, 0
  10              		.eabi_attribute 18, 4
  11              		.file	"main.c"
  12              		.text
  13              	.Ltext0:
  14              		.cfi_sections	.debug_frame
  15              		.section	.text.Error_Handler,"ax",%progbits
  16              		.align	1
  17              		.global	Error_Handler
  18              		.arch armv6s-m
  19              		.syntax unified
  20              		.code	16
  21              		.thumb_func
  22              		.fpu softvfp
  24              	Error_Handler:
  25              	.LFB364:
  26              		.file 1 "Core/Src/main.c"
   1:Core/Src/main.c **** /* USER CODE BEGIN Header */
   2:Core/Src/main.c **** /**
   3:Core/Src/main.c ****   ******************************************************************************
   4:Core/Src/main.c ****   * @file           : main.c
   5:Core/Src/main.c ****   * @brief          : Main program body
   6:Core/Src/main.c ****   ******************************************************************************
   7:Core/Src/main.c ****   * @attention
   8:Core/Src/main.c ****   *
   9:Core/Src/main.c ****   * <h2><center>&copy; Copyright (c) 2022 STMicroelectronics.
  10:Core/Src/main.c ****   * All rights reserved.</center></h2>
  11:Core/Src/main.c ****   *
  12:Core/Src/main.c ****   * This software component is licensed by ST under Ultimate Liberty license
  13:Core/Src/main.c ****   * SLA0044, the "License"; You may not use this file except in compliance with
  14:Core/Src/main.c ****   * the License. You may obtain a copy of the License at:
  15:Core/Src/main.c ****   *                             www.st.com/SLA0044
  16:Core/Src/main.c ****   *
  17:Core/Src/main.c ****   ******************************************************************************
  18:Core/Src/main.c ****   */
  19:Core/Src/main.c **** /* USER CODE END Header */
  20:Core/Src/main.c **** /* Includes ------------------------------------------------------------------*/
  21:Core/Src/main.c **** #include "main.h"
  22:Core/Src/main.c **** #include "i2c.h"
  23:Core/Src/main.c **** #include "usb_device.h"
  24:Core/Src/main.c **** #include "gpio.h"
  25:Core/Src/main.c **** 
  26:Core/Src/main.c **** /* Private includes ----------------------------------------------------------*/
  27:Core/Src/main.c **** /* USER CODE BEGIN Includes */
  28:Core/Src/main.c **** #include "nunchuk.h"
  29:Core/Src/main.c **** /* USER CODE END Includes */
  30:Core/Src/main.c **** 
  31:Core/Src/main.c **** /* Private typedef -----------------------------------------------------------*/
  32:Core/Src/main.c **** /* USER CODE BEGIN PTD */
ARM GAS  /tmp/ccySdkVl.s 			page 2


  33:Core/Src/main.c **** 
  34:Core/Src/main.c **** /* USER CODE END PTD */
  35:Core/Src/main.c **** 
  36:Core/Src/main.c **** /* Private define ------------------------------------------------------------*/
  37:Core/Src/main.c **** /* USER CODE BEGIN PD */
  38:Core/Src/main.c **** /* USER CODE END PD */
  39:Core/Src/main.c **** 
  40:Core/Src/main.c **** /* Private macro -------------------------------------------------------------*/
  41:Core/Src/main.c **** /* USER CODE BEGIN PM */
  42:Core/Src/main.c **** 
  43:Core/Src/main.c **** /* USER CODE END PM */
  44:Core/Src/main.c **** 
  45:Core/Src/main.c **** /* Private variables ---------------------------------------------------------*/
  46:Core/Src/main.c **** 
  47:Core/Src/main.c **** /* USER CODE BEGIN PV */
  48:Core/Src/main.c **** 
  49:Core/Src/main.c **** /* USER CODE END PV */
  50:Core/Src/main.c **** 
  51:Core/Src/main.c **** /* Private function prototypes -----------------------------------------------*/
  52:Core/Src/main.c **** void SystemClock_Config(void);
  53:Core/Src/main.c **** /* USER CODE BEGIN PFP */
  54:Core/Src/main.c **** 
  55:Core/Src/main.c **** /* USER CODE END PFP */
  56:Core/Src/main.c **** 
  57:Core/Src/main.c **** /* Private user code ---------------------------------------------------------*/
  58:Core/Src/main.c **** /* USER CODE BEGIN 0 */
  59:Core/Src/main.c **** 
  60:Core/Src/main.c **** /* USER CODE END 0 */
  61:Core/Src/main.c **** 
  62:Core/Src/main.c **** /**
  63:Core/Src/main.c ****   * @brief  The application entry point.
  64:Core/Src/main.c ****   * @retval int
  65:Core/Src/main.c ****   */
  66:Core/Src/main.c **** int main(void)
  67:Core/Src/main.c **** {
  68:Core/Src/main.c ****   /* USER CODE BEGIN 1 */
  69:Core/Src/main.c **** 
  70:Core/Src/main.c ****   /* USER CODE END 1 */
  71:Core/Src/main.c **** 
  72:Core/Src/main.c ****   /* MCU Configuration--------------------------------------------------------*/
  73:Core/Src/main.c **** 
  74:Core/Src/main.c ****   /* Reset of all peripherals, Initializes the Flash interface and the Systick. */
  75:Core/Src/main.c ****   HAL_Init();
  76:Core/Src/main.c **** 
  77:Core/Src/main.c ****   /* USER CODE BEGIN Init */
  78:Core/Src/main.c **** 
  79:Core/Src/main.c ****   /* USER CODE END Init */
  80:Core/Src/main.c **** 
  81:Core/Src/main.c ****   /* Configure the system clock */
  82:Core/Src/main.c ****   SystemClock_Config();
  83:Core/Src/main.c **** 
  84:Core/Src/main.c ****   /* USER CODE BEGIN SysInit */
  85:Core/Src/main.c **** 
  86:Core/Src/main.c ****   /* USER CODE END SysInit */
  87:Core/Src/main.c **** 
  88:Core/Src/main.c ****   /* Initialize all configured peripherals */
  89:Core/Src/main.c ****   MX_GPIO_Init();
ARM GAS  /tmp/ccySdkVl.s 			page 3


  90:Core/Src/main.c ****   MX_I2C2_Init();
  91:Core/Src/main.c ****   MX_USB_Device_Init();
  92:Core/Src/main.c ****   /* USER CODE BEGIN 2 */
  93:Core/Src/main.c ****   nunchuk_device_t nunchuk_dev = nunchuk_init();
  94:Core/Src/main.c ****   /* USER CODE END 2 */
  95:Core/Src/main.c **** 
  96:Core/Src/main.c ****   /* Infinite loop */
  97:Core/Src/main.c ****   /* USER CODE BEGIN WHILE */
  98:Core/Src/main.c ****   while (1)
  99:Core/Src/main.c ****   {
 100:Core/Src/main.c ****     /* USER CODE END WHILE */
 101:Core/Src/main.c ****     switch (nunchuk_dev) {
 102:Core/Src/main.c ****       case STANDARD: {
 103:Core/Src/main.c ****         nunchuk_standard_t report;
 104:Core/Src/main.c ****         nunchuk_read_standard(&report);
 105:Core/Src/main.c **** 
 106:Core/Src/main.c ****         // standard report -> usb hid gamepad report
 107:Core/Src/main.c ****         // usb hid send report
 108:Core/Src/main.c ****       }
 109:Core/Src/main.c ****       break;
 110:Core/Src/main.c ****       case CLASSIC: {
 111:Core/Src/main.c ****         nunchuk_classic_t report;
 112:Core/Src/main.c ****         nunchuk_read_classic(&report);
 113:Core/Src/main.c **** 
 114:Core/Src/main.c ****         // classic report -> usb hid gamepad report
 115:Core/Src/main.c ****         // usb hid send report
 116:Core/Src/main.c ****       }
 117:Core/Src/main.c ****       break;
 118:Core/Src/main.c ****       case GUITAR_HERO: {
 119:Core/Src/main.c ****         nunchuk_guitar_hero_t report;
 120:Core/Src/main.c ****         nunchuk_read_guitar_hero(&report);
 121:Core/Src/main.c **** 
 122:Core/Src/main.c ****         // guitar hero report -> usb hid gamepad report
 123:Core/Src/main.c ****         // usb hid send report
 124:Core/Src/main.c ****       }
 125:Core/Src/main.c ****       break;
 126:Core/Src/main.c ****       case UNKNOWN:
 127:Core/Src/main.c ****       default:
 128:Core/Src/main.c ****         // zero out usb hid report
 129:Core/Src/main.c ****         // send it
 130:Core/Src/main.c ****         break;
 131:Core/Src/main.c ****     }
 132:Core/Src/main.c ****     /* USER CODE BEGIN 3 */
 133:Core/Src/main.c ****   }
 134:Core/Src/main.c ****   /* USER CODE END 3 */
 135:Core/Src/main.c **** }
 136:Core/Src/main.c **** 
 137:Core/Src/main.c **** /**
 138:Core/Src/main.c ****   * @brief System Clock Configuration
 139:Core/Src/main.c ****   * @retval None
 140:Core/Src/main.c ****   */
 141:Core/Src/main.c **** void SystemClock_Config(void)
 142:Core/Src/main.c **** {
 143:Core/Src/main.c ****   RCC_OscInitTypeDef RCC_OscInitStruct = {0};
 144:Core/Src/main.c ****   RCC_ClkInitTypeDef RCC_ClkInitStruct = {0};
 145:Core/Src/main.c ****   RCC_PeriphCLKInitTypeDef PeriphClkInit = {0};
 146:Core/Src/main.c **** 
ARM GAS  /tmp/ccySdkVl.s 			page 4


 147:Core/Src/main.c ****   /** Configure the main internal regulator output voltage
 148:Core/Src/main.c ****   */
 149:Core/Src/main.c ****   HAL_PWREx_ControlVoltageScaling(PWR_REGULATOR_VOLTAGE_SCALE1);
 150:Core/Src/main.c ****   /** Initializes the RCC Oscillators according to the specified parameters
 151:Core/Src/main.c ****   * in the RCC_OscInitTypeDef structure.
 152:Core/Src/main.c ****   */
 153:Core/Src/main.c ****   RCC_OscInitStruct.OscillatorType = RCC_OSCILLATORTYPE_HSI|RCC_OSCILLATORTYPE_HSI48;
 154:Core/Src/main.c ****   RCC_OscInitStruct.HSIState = RCC_HSI_ON;
 155:Core/Src/main.c ****   RCC_OscInitStruct.HSI48State = RCC_HSI48_ON;
 156:Core/Src/main.c ****   RCC_OscInitStruct.HSIDiv = RCC_HSI_DIV1;
 157:Core/Src/main.c ****   RCC_OscInitStruct.HSICalibrationValue = RCC_HSICALIBRATION_DEFAULT;
 158:Core/Src/main.c ****   RCC_OscInitStruct.PLL.PLLState = RCC_PLL_ON;
 159:Core/Src/main.c ****   RCC_OscInitStruct.PLL.PLLSource = RCC_PLLSOURCE_HSI;
 160:Core/Src/main.c ****   RCC_OscInitStruct.PLL.PLLM = RCC_PLLM_DIV1;
 161:Core/Src/main.c ****   RCC_OscInitStruct.PLL.PLLN = 8;
 162:Core/Src/main.c ****   RCC_OscInitStruct.PLL.PLLP = RCC_PLLP_DIV2;
 163:Core/Src/main.c ****   RCC_OscInitStruct.PLL.PLLQ = RCC_PLLQ_DIV2;
 164:Core/Src/main.c ****   RCC_OscInitStruct.PLL.PLLR = RCC_PLLR_DIV2;
 165:Core/Src/main.c ****   if (HAL_RCC_OscConfig(&RCC_OscInitStruct) != HAL_OK)
 166:Core/Src/main.c ****   {
 167:Core/Src/main.c ****     Error_Handler();
 168:Core/Src/main.c ****   }
 169:Core/Src/main.c ****   /** Initializes the CPU, AHB and APB buses clocks
 170:Core/Src/main.c ****   */
 171:Core/Src/main.c ****   RCC_ClkInitStruct.ClockType = RCC_CLOCKTYPE_HCLK|RCC_CLOCKTYPE_SYSCLK
 172:Core/Src/main.c ****                               |RCC_CLOCKTYPE_PCLK1;
 173:Core/Src/main.c ****   RCC_ClkInitStruct.SYSCLKSource = RCC_SYSCLKSOURCE_PLLCLK;
 174:Core/Src/main.c ****   RCC_ClkInitStruct.AHBCLKDivider = RCC_SYSCLK_DIV1;
 175:Core/Src/main.c ****   RCC_ClkInitStruct.APB1CLKDivider = RCC_HCLK_DIV1;
 176:Core/Src/main.c **** 
 177:Core/Src/main.c ****   if (HAL_RCC_ClockConfig(&RCC_ClkInitStruct, FLASH_LATENCY_2) != HAL_OK)
 178:Core/Src/main.c ****   {
 179:Core/Src/main.c ****     Error_Handler();
 180:Core/Src/main.c ****   }
 181:Core/Src/main.c ****   /** Initializes the peripherals clocks
 182:Core/Src/main.c ****   */
 183:Core/Src/main.c ****   PeriphClkInit.PeriphClockSelection = RCC_PERIPHCLK_I2C2|RCC_PERIPHCLK_USB;
 184:Core/Src/main.c ****   PeriphClkInit.I2c2ClockSelection = RCC_I2C2CLKSOURCE_PCLK1;
 185:Core/Src/main.c ****   PeriphClkInit.UsbClockSelection = RCC_USBCLKSOURCE_HSI48;
 186:Core/Src/main.c ****   if (HAL_RCCEx_PeriphCLKConfig(&PeriphClkInit) != HAL_OK)
 187:Core/Src/main.c ****   {
 188:Core/Src/main.c ****     Error_Handler();
 189:Core/Src/main.c ****   }
 190:Core/Src/main.c **** }
 191:Core/Src/main.c **** 
 192:Core/Src/main.c **** /* USER CODE BEGIN 4 */
 193:Core/Src/main.c **** 
 194:Core/Src/main.c **** /* USER CODE END 4 */
 195:Core/Src/main.c **** 
 196:Core/Src/main.c **** /**
 197:Core/Src/main.c ****   * @brief  This function is executed in case of error occurrence.
 198:Core/Src/main.c ****   * @retval None
 199:Core/Src/main.c ****   */
 200:Core/Src/main.c **** void Error_Handler(void)
 201:Core/Src/main.c **** {
  27              		.loc 1 201 1 view -0
  28              		.cfi_startproc
ARM GAS  /tmp/ccySdkVl.s 			page 5


  29              		@ Volatile: function does not return.
  30              		@ args = 0, pretend = 0, frame = 0
  31              		@ frame_needed = 0, uses_anonymous_args = 0
  32              		@ link register save eliminated.
 202:Core/Src/main.c ****   /* USER CODE BEGIN Error_Handler_Debug */
 203:Core/Src/main.c ****   /* User can add his own implementation to report the HAL error return state */
 204:Core/Src/main.c ****   __disable_irq();
  33              		.loc 1 204 3 view .LVU1
  34              	.LBB4:
  35              	.LBI4:
  36              		.file 2 "Drivers/CMSIS/Include/cmsis_gcc.h"
   1:Drivers/CMSIS/Include/cmsis_gcc.h **** /**************************************************************************//**
   2:Drivers/CMSIS/Include/cmsis_gcc.h ****  * @file     cmsis_gcc.h
   3:Drivers/CMSIS/Include/cmsis_gcc.h ****  * @brief    CMSIS compiler GCC header file
   4:Drivers/CMSIS/Include/cmsis_gcc.h ****  * @version  V5.2.0
   5:Drivers/CMSIS/Include/cmsis_gcc.h ****  * @date     08. May 2019
   6:Drivers/CMSIS/Include/cmsis_gcc.h ****  ******************************************************************************/
   7:Drivers/CMSIS/Include/cmsis_gcc.h **** /*
   8:Drivers/CMSIS/Include/cmsis_gcc.h ****  * Copyright (c) 2009-2019 Arm Limited. All rights reserved.
   9:Drivers/CMSIS/Include/cmsis_gcc.h ****  *
  10:Drivers/CMSIS/Include/cmsis_gcc.h ****  * SPDX-License-Identifier: Apache-2.0
  11:Drivers/CMSIS/Include/cmsis_gcc.h ****  *
  12:Drivers/CMSIS/Include/cmsis_gcc.h ****  * Licensed under the Apache License, Version 2.0 (the License); you may
  13:Drivers/CMSIS/Include/cmsis_gcc.h ****  * not use this file except in compliance with the License.
  14:Drivers/CMSIS/Include/cmsis_gcc.h ****  * You may obtain a copy of the License at
  15:Drivers/CMSIS/Include/cmsis_gcc.h ****  *
  16:Drivers/CMSIS/Include/cmsis_gcc.h ****  * www.apache.org/licenses/LICENSE-2.0
  17:Drivers/CMSIS/Include/cmsis_gcc.h ****  *
  18:Drivers/CMSIS/Include/cmsis_gcc.h ****  * Unless required by applicable law or agreed to in writing, software
  19:Drivers/CMSIS/Include/cmsis_gcc.h ****  * distributed under the License is distributed on an AS IS BASIS, WITHOUT
  20:Drivers/CMSIS/Include/cmsis_gcc.h ****  * WARRANTIES OR CONDITIONS OF ANY KIND, either express or implied.
  21:Drivers/CMSIS/Include/cmsis_gcc.h ****  * See the License for the specific language governing permissions and
  22:Drivers/CMSIS/Include/cmsis_gcc.h ****  * limitations under the License.
  23:Drivers/CMSIS/Include/cmsis_gcc.h ****  */
  24:Drivers/CMSIS/Include/cmsis_gcc.h **** 
  25:Drivers/CMSIS/Include/cmsis_gcc.h **** #ifndef __CMSIS_GCC_H
  26:Drivers/CMSIS/Include/cmsis_gcc.h **** #define __CMSIS_GCC_H
  27:Drivers/CMSIS/Include/cmsis_gcc.h **** 
  28:Drivers/CMSIS/Include/cmsis_gcc.h **** /* ignore some GCC warnings */
  29:Drivers/CMSIS/Include/cmsis_gcc.h **** #pragma GCC diagnostic push
  30:Drivers/CMSIS/Include/cmsis_gcc.h **** #pragma GCC diagnostic ignored "-Wsign-conversion"
  31:Drivers/CMSIS/Include/cmsis_gcc.h **** #pragma GCC diagnostic ignored "-Wconversion"
  32:Drivers/CMSIS/Include/cmsis_gcc.h **** #pragma GCC diagnostic ignored "-Wunused-parameter"
  33:Drivers/CMSIS/Include/cmsis_gcc.h **** 
  34:Drivers/CMSIS/Include/cmsis_gcc.h **** /* Fallback for __has_builtin */
  35:Drivers/CMSIS/Include/cmsis_gcc.h **** #ifndef __has_builtin
  36:Drivers/CMSIS/Include/cmsis_gcc.h ****   #define __has_builtin(x) (0)
  37:Drivers/CMSIS/Include/cmsis_gcc.h **** #endif
  38:Drivers/CMSIS/Include/cmsis_gcc.h **** 
  39:Drivers/CMSIS/Include/cmsis_gcc.h **** /* CMSIS compiler specific defines */
  40:Drivers/CMSIS/Include/cmsis_gcc.h **** #ifndef   __ASM
  41:Drivers/CMSIS/Include/cmsis_gcc.h ****   #define __ASM                                  __asm
  42:Drivers/CMSIS/Include/cmsis_gcc.h **** #endif
  43:Drivers/CMSIS/Include/cmsis_gcc.h **** #ifndef   __INLINE
  44:Drivers/CMSIS/Include/cmsis_gcc.h ****   #define __INLINE                               inline
  45:Drivers/CMSIS/Include/cmsis_gcc.h **** #endif
  46:Drivers/CMSIS/Include/cmsis_gcc.h **** #ifndef   __STATIC_INLINE
ARM GAS  /tmp/ccySdkVl.s 			page 6


  47:Drivers/CMSIS/Include/cmsis_gcc.h ****   #define __STATIC_INLINE                        static inline
  48:Drivers/CMSIS/Include/cmsis_gcc.h **** #endif
  49:Drivers/CMSIS/Include/cmsis_gcc.h **** #ifndef   __STATIC_FORCEINLINE                 
  50:Drivers/CMSIS/Include/cmsis_gcc.h ****   #define __STATIC_FORCEINLINE                   __attribute__((always_inline)) static inline
  51:Drivers/CMSIS/Include/cmsis_gcc.h **** #endif                                           
  52:Drivers/CMSIS/Include/cmsis_gcc.h **** #ifndef   __NO_RETURN
  53:Drivers/CMSIS/Include/cmsis_gcc.h ****   #define __NO_RETURN                            __attribute__((__noreturn__))
  54:Drivers/CMSIS/Include/cmsis_gcc.h **** #endif
  55:Drivers/CMSIS/Include/cmsis_gcc.h **** #ifndef   __USED
  56:Drivers/CMSIS/Include/cmsis_gcc.h ****   #define __USED                                 __attribute__((used))
  57:Drivers/CMSIS/Include/cmsis_gcc.h **** #endif
  58:Drivers/CMSIS/Include/cmsis_gcc.h **** #ifndef   __WEAK
  59:Drivers/CMSIS/Include/cmsis_gcc.h ****   #define __WEAK                                 __attribute__((weak))
  60:Drivers/CMSIS/Include/cmsis_gcc.h **** #endif
  61:Drivers/CMSIS/Include/cmsis_gcc.h **** #ifndef   __PACKED
  62:Drivers/CMSIS/Include/cmsis_gcc.h ****   #define __PACKED                               __attribute__((packed, aligned(1)))
  63:Drivers/CMSIS/Include/cmsis_gcc.h **** #endif
  64:Drivers/CMSIS/Include/cmsis_gcc.h **** #ifndef   __PACKED_STRUCT
  65:Drivers/CMSIS/Include/cmsis_gcc.h ****   #define __PACKED_STRUCT                        struct __attribute__((packed, aligned(1)))
  66:Drivers/CMSIS/Include/cmsis_gcc.h **** #endif
  67:Drivers/CMSIS/Include/cmsis_gcc.h **** #ifndef   __PACKED_UNION
  68:Drivers/CMSIS/Include/cmsis_gcc.h ****   #define __PACKED_UNION                         union __attribute__((packed, aligned(1)))
  69:Drivers/CMSIS/Include/cmsis_gcc.h **** #endif
  70:Drivers/CMSIS/Include/cmsis_gcc.h **** #ifndef   __UNALIGNED_UINT32        /* deprecated */
  71:Drivers/CMSIS/Include/cmsis_gcc.h ****   #pragma GCC diagnostic push
  72:Drivers/CMSIS/Include/cmsis_gcc.h ****   #pragma GCC diagnostic ignored "-Wpacked"
  73:Drivers/CMSIS/Include/cmsis_gcc.h ****   #pragma GCC diagnostic ignored "-Wattributes"
  74:Drivers/CMSIS/Include/cmsis_gcc.h ****   struct __attribute__((packed)) T_UINT32 { uint32_t v; };
  75:Drivers/CMSIS/Include/cmsis_gcc.h ****   #pragma GCC diagnostic pop
  76:Drivers/CMSIS/Include/cmsis_gcc.h ****   #define __UNALIGNED_UINT32(x)                  (((struct T_UINT32 *)(x))->v)
  77:Drivers/CMSIS/Include/cmsis_gcc.h **** #endif
  78:Drivers/CMSIS/Include/cmsis_gcc.h **** #ifndef   __UNALIGNED_UINT16_WRITE
  79:Drivers/CMSIS/Include/cmsis_gcc.h ****   #pragma GCC diagnostic push
  80:Drivers/CMSIS/Include/cmsis_gcc.h ****   #pragma GCC diagnostic ignored "-Wpacked"
  81:Drivers/CMSIS/Include/cmsis_gcc.h ****   #pragma GCC diagnostic ignored "-Wattributes"
  82:Drivers/CMSIS/Include/cmsis_gcc.h ****   __PACKED_STRUCT T_UINT16_WRITE { uint16_t v; };
  83:Drivers/CMSIS/Include/cmsis_gcc.h ****   #pragma GCC diagnostic pop
  84:Drivers/CMSIS/Include/cmsis_gcc.h ****   #define __UNALIGNED_UINT16_WRITE(addr, val)    (void)((((struct T_UINT16_WRITE *)(void *)(addr))-
  85:Drivers/CMSIS/Include/cmsis_gcc.h **** #endif
  86:Drivers/CMSIS/Include/cmsis_gcc.h **** #ifndef   __UNALIGNED_UINT16_READ
  87:Drivers/CMSIS/Include/cmsis_gcc.h ****   #pragma GCC diagnostic push
  88:Drivers/CMSIS/Include/cmsis_gcc.h ****   #pragma GCC diagnostic ignored "-Wpacked"
  89:Drivers/CMSIS/Include/cmsis_gcc.h ****   #pragma GCC diagnostic ignored "-Wattributes"
  90:Drivers/CMSIS/Include/cmsis_gcc.h ****   __PACKED_STRUCT T_UINT16_READ { uint16_t v; };
  91:Drivers/CMSIS/Include/cmsis_gcc.h ****   #pragma GCC diagnostic pop
  92:Drivers/CMSIS/Include/cmsis_gcc.h ****   #define __UNALIGNED_UINT16_READ(addr)          (((const struct T_UINT16_READ *)(const void *)(add
  93:Drivers/CMSIS/Include/cmsis_gcc.h **** #endif
  94:Drivers/CMSIS/Include/cmsis_gcc.h **** #ifndef   __UNALIGNED_UINT32_WRITE
  95:Drivers/CMSIS/Include/cmsis_gcc.h ****   #pragma GCC diagnostic push
  96:Drivers/CMSIS/Include/cmsis_gcc.h ****   #pragma GCC diagnostic ignored "-Wpacked"
  97:Drivers/CMSIS/Include/cmsis_gcc.h ****   #pragma GCC diagnostic ignored "-Wattributes"
  98:Drivers/CMSIS/Include/cmsis_gcc.h ****   __PACKED_STRUCT T_UINT32_WRITE { uint32_t v; };
  99:Drivers/CMSIS/Include/cmsis_gcc.h ****   #pragma GCC diagnostic pop
 100:Drivers/CMSIS/Include/cmsis_gcc.h ****   #define __UNALIGNED_UINT32_WRITE(addr, val)    (void)((((struct T_UINT32_WRITE *)(void *)(addr))-
 101:Drivers/CMSIS/Include/cmsis_gcc.h **** #endif
 102:Drivers/CMSIS/Include/cmsis_gcc.h **** #ifndef   __UNALIGNED_UINT32_READ
 103:Drivers/CMSIS/Include/cmsis_gcc.h ****   #pragma GCC diagnostic push
ARM GAS  /tmp/ccySdkVl.s 			page 7


 104:Drivers/CMSIS/Include/cmsis_gcc.h ****   #pragma GCC diagnostic ignored "-Wpacked"
 105:Drivers/CMSIS/Include/cmsis_gcc.h ****   #pragma GCC diagnostic ignored "-Wattributes"
 106:Drivers/CMSIS/Include/cmsis_gcc.h ****   __PACKED_STRUCT T_UINT32_READ { uint32_t v; };
 107:Drivers/CMSIS/Include/cmsis_gcc.h ****   #pragma GCC diagnostic pop
 108:Drivers/CMSIS/Include/cmsis_gcc.h ****   #define __UNALIGNED_UINT32_READ(addr)          (((const struct T_UINT32_READ *)(const void *)(add
 109:Drivers/CMSIS/Include/cmsis_gcc.h **** #endif
 110:Drivers/CMSIS/Include/cmsis_gcc.h **** #ifndef   __ALIGNED
 111:Drivers/CMSIS/Include/cmsis_gcc.h ****   #define __ALIGNED(x)                           __attribute__((aligned(x)))
 112:Drivers/CMSIS/Include/cmsis_gcc.h **** #endif
 113:Drivers/CMSIS/Include/cmsis_gcc.h **** #ifndef   __RESTRICT
 114:Drivers/CMSIS/Include/cmsis_gcc.h ****   #define __RESTRICT                             __restrict
 115:Drivers/CMSIS/Include/cmsis_gcc.h **** #endif
 116:Drivers/CMSIS/Include/cmsis_gcc.h **** #ifndef   __COMPILER_BARRIER
 117:Drivers/CMSIS/Include/cmsis_gcc.h ****   #define __COMPILER_BARRIER()                   __ASM volatile("":::"memory")
 118:Drivers/CMSIS/Include/cmsis_gcc.h **** #endif
 119:Drivers/CMSIS/Include/cmsis_gcc.h **** 
 120:Drivers/CMSIS/Include/cmsis_gcc.h **** /* #########################  Startup and Lowlevel Init  ######################## */
 121:Drivers/CMSIS/Include/cmsis_gcc.h **** 
 122:Drivers/CMSIS/Include/cmsis_gcc.h **** #ifndef __PROGRAM_START
 123:Drivers/CMSIS/Include/cmsis_gcc.h **** 
 124:Drivers/CMSIS/Include/cmsis_gcc.h **** /**
 125:Drivers/CMSIS/Include/cmsis_gcc.h ****   \brief   Initializes data and bss sections
 126:Drivers/CMSIS/Include/cmsis_gcc.h ****   \details This default implementations initialized all data and additional bss
 127:Drivers/CMSIS/Include/cmsis_gcc.h ****            sections relying on .copy.table and .zero.table specified properly
 128:Drivers/CMSIS/Include/cmsis_gcc.h ****            in the used linker script.
 129:Drivers/CMSIS/Include/cmsis_gcc.h ****   
 130:Drivers/CMSIS/Include/cmsis_gcc.h ****  */
 131:Drivers/CMSIS/Include/cmsis_gcc.h **** __STATIC_FORCEINLINE __NO_RETURN void __cmsis_start(void)
 132:Drivers/CMSIS/Include/cmsis_gcc.h **** {
 133:Drivers/CMSIS/Include/cmsis_gcc.h ****   extern void _start(void) __NO_RETURN;
 134:Drivers/CMSIS/Include/cmsis_gcc.h ****   
 135:Drivers/CMSIS/Include/cmsis_gcc.h ****   typedef struct {
 136:Drivers/CMSIS/Include/cmsis_gcc.h ****     uint32_t const* src;
 137:Drivers/CMSIS/Include/cmsis_gcc.h ****     uint32_t* dest;
 138:Drivers/CMSIS/Include/cmsis_gcc.h ****     uint32_t  wlen;
 139:Drivers/CMSIS/Include/cmsis_gcc.h ****   } __copy_table_t;
 140:Drivers/CMSIS/Include/cmsis_gcc.h ****   
 141:Drivers/CMSIS/Include/cmsis_gcc.h ****   typedef struct {
 142:Drivers/CMSIS/Include/cmsis_gcc.h ****     uint32_t* dest;
 143:Drivers/CMSIS/Include/cmsis_gcc.h ****     uint32_t  wlen;
 144:Drivers/CMSIS/Include/cmsis_gcc.h ****   } __zero_table_t;
 145:Drivers/CMSIS/Include/cmsis_gcc.h ****   
 146:Drivers/CMSIS/Include/cmsis_gcc.h ****   extern const __copy_table_t __copy_table_start__;
 147:Drivers/CMSIS/Include/cmsis_gcc.h ****   extern const __copy_table_t __copy_table_end__;
 148:Drivers/CMSIS/Include/cmsis_gcc.h ****   extern const __zero_table_t __zero_table_start__;
 149:Drivers/CMSIS/Include/cmsis_gcc.h ****   extern const __zero_table_t __zero_table_end__;
 150:Drivers/CMSIS/Include/cmsis_gcc.h **** 
 151:Drivers/CMSIS/Include/cmsis_gcc.h ****   for (__copy_table_t const* pTable = &__copy_table_start__; pTable < &__copy_table_end__; ++pTable
 152:Drivers/CMSIS/Include/cmsis_gcc.h ****     for(uint32_t i=0u; i<pTable->wlen; ++i) {
 153:Drivers/CMSIS/Include/cmsis_gcc.h ****       pTable->dest[i] = pTable->src[i];
 154:Drivers/CMSIS/Include/cmsis_gcc.h ****     }
 155:Drivers/CMSIS/Include/cmsis_gcc.h ****   }
 156:Drivers/CMSIS/Include/cmsis_gcc.h ****  
 157:Drivers/CMSIS/Include/cmsis_gcc.h ****   for (__zero_table_t const* pTable = &__zero_table_start__; pTable < &__zero_table_end__; ++pTable
 158:Drivers/CMSIS/Include/cmsis_gcc.h ****     for(uint32_t i=0u; i<pTable->wlen; ++i) {
 159:Drivers/CMSIS/Include/cmsis_gcc.h ****       pTable->dest[i] = 0u;
 160:Drivers/CMSIS/Include/cmsis_gcc.h ****     }
ARM GAS  /tmp/ccySdkVl.s 			page 8


 161:Drivers/CMSIS/Include/cmsis_gcc.h ****   }
 162:Drivers/CMSIS/Include/cmsis_gcc.h ****  
 163:Drivers/CMSIS/Include/cmsis_gcc.h ****   _start();
 164:Drivers/CMSIS/Include/cmsis_gcc.h **** }
 165:Drivers/CMSIS/Include/cmsis_gcc.h ****   
 166:Drivers/CMSIS/Include/cmsis_gcc.h **** #define __PROGRAM_START           __cmsis_start
 167:Drivers/CMSIS/Include/cmsis_gcc.h **** #endif
 168:Drivers/CMSIS/Include/cmsis_gcc.h **** 
 169:Drivers/CMSIS/Include/cmsis_gcc.h **** #ifndef __INITIAL_SP
 170:Drivers/CMSIS/Include/cmsis_gcc.h **** #define __INITIAL_SP              __StackTop
 171:Drivers/CMSIS/Include/cmsis_gcc.h **** #endif
 172:Drivers/CMSIS/Include/cmsis_gcc.h **** 
 173:Drivers/CMSIS/Include/cmsis_gcc.h **** #ifndef __STACK_LIMIT
 174:Drivers/CMSIS/Include/cmsis_gcc.h **** #define __STACK_LIMIT             __StackLimit
 175:Drivers/CMSIS/Include/cmsis_gcc.h **** #endif
 176:Drivers/CMSIS/Include/cmsis_gcc.h **** 
 177:Drivers/CMSIS/Include/cmsis_gcc.h **** #ifndef __VECTOR_TABLE
 178:Drivers/CMSIS/Include/cmsis_gcc.h **** #define __VECTOR_TABLE            __Vectors
 179:Drivers/CMSIS/Include/cmsis_gcc.h **** #endif
 180:Drivers/CMSIS/Include/cmsis_gcc.h **** 
 181:Drivers/CMSIS/Include/cmsis_gcc.h **** #ifndef __VECTOR_TABLE_ATTRIBUTE
 182:Drivers/CMSIS/Include/cmsis_gcc.h **** #define __VECTOR_TABLE_ATTRIBUTE  __attribute((used, section(".vectors")))
 183:Drivers/CMSIS/Include/cmsis_gcc.h **** #endif
 184:Drivers/CMSIS/Include/cmsis_gcc.h **** 
 185:Drivers/CMSIS/Include/cmsis_gcc.h **** /* ###########################  Core Function Access  ########################### */
 186:Drivers/CMSIS/Include/cmsis_gcc.h **** /** \ingroup  CMSIS_Core_FunctionInterface
 187:Drivers/CMSIS/Include/cmsis_gcc.h ****     \defgroup CMSIS_Core_RegAccFunctions CMSIS Core Register Access Functions
 188:Drivers/CMSIS/Include/cmsis_gcc.h ****   @{
 189:Drivers/CMSIS/Include/cmsis_gcc.h ****  */
 190:Drivers/CMSIS/Include/cmsis_gcc.h **** 
 191:Drivers/CMSIS/Include/cmsis_gcc.h **** /**
 192:Drivers/CMSIS/Include/cmsis_gcc.h ****   \brief   Enable IRQ Interrupts
 193:Drivers/CMSIS/Include/cmsis_gcc.h ****   \details Enables IRQ interrupts by clearing the I-bit in the CPSR.
 194:Drivers/CMSIS/Include/cmsis_gcc.h ****            Can only be executed in Privileged modes.
 195:Drivers/CMSIS/Include/cmsis_gcc.h ****  */
 196:Drivers/CMSIS/Include/cmsis_gcc.h **** __STATIC_FORCEINLINE void __enable_irq(void)
 197:Drivers/CMSIS/Include/cmsis_gcc.h **** {
 198:Drivers/CMSIS/Include/cmsis_gcc.h ****   __ASM volatile ("cpsie i" : : : "memory");
 199:Drivers/CMSIS/Include/cmsis_gcc.h **** }
 200:Drivers/CMSIS/Include/cmsis_gcc.h **** 
 201:Drivers/CMSIS/Include/cmsis_gcc.h **** 
 202:Drivers/CMSIS/Include/cmsis_gcc.h **** /**
 203:Drivers/CMSIS/Include/cmsis_gcc.h ****   \brief   Disable IRQ Interrupts
 204:Drivers/CMSIS/Include/cmsis_gcc.h ****   \details Disables IRQ interrupts by setting the I-bit in the CPSR.
 205:Drivers/CMSIS/Include/cmsis_gcc.h ****            Can only be executed in Privileged modes.
 206:Drivers/CMSIS/Include/cmsis_gcc.h ****  */
 207:Drivers/CMSIS/Include/cmsis_gcc.h **** __STATIC_FORCEINLINE void __disable_irq(void)
  37              		.loc 2 207 27 view .LVU2
  38              	.LBB5:
 208:Drivers/CMSIS/Include/cmsis_gcc.h **** {
 209:Drivers/CMSIS/Include/cmsis_gcc.h ****   __ASM volatile ("cpsid i" : : : "memory");
  39              		.loc 2 209 3 view .LVU3
  40              		.syntax divided
  41              	@ 209 "Drivers/CMSIS/Include/cmsis_gcc.h" 1
  42 0000 72B6     		cpsid i
  43              	@ 0 "" 2
  44              		.thumb
ARM GAS  /tmp/ccySdkVl.s 			page 9


  45              		.syntax unified
  46              	.L2:
  47              	.LBE5:
  48              	.LBE4:
 205:Core/Src/main.c ****   while (1)
  49              		.loc 1 205 3 discriminator 1 view .LVU4
 206:Core/Src/main.c ****   {
 207:Core/Src/main.c ****   }
  50              		.loc 1 207 3 discriminator 1 view .LVU5
 205:Core/Src/main.c ****   while (1)
  51              		.loc 1 205 9 discriminator 1 view .LVU6
  52 0002 FEE7     		b	.L2
  53              		.cfi_endproc
  54              	.LFE364:
  56              		.section	.text.SystemClock_Config,"ax",%progbits
  57              		.align	1
  58              		.global	SystemClock_Config
  59              		.syntax unified
  60              		.code	16
  61              		.thumb_func
  62              		.fpu softvfp
  64              	SystemClock_Config:
  65              	.LFB363:
 142:Core/Src/main.c ****   RCC_OscInitTypeDef RCC_OscInitStruct = {0};
  66              		.loc 1 142 1 view -0
  67              		.cfi_startproc
  68              		@ args = 0, pretend = 0, frame = 152
  69              		@ frame_needed = 0, uses_anonymous_args = 0
  70 0000 00B5     		push	{lr}
  71              	.LCFI0:
  72              		.cfi_def_cfa_offset 4
  73              		.cfi_offset 14, -4
  74 0002 A7B0     		sub	sp, sp, #156
  75              	.LCFI1:
  76              		.cfi_def_cfa_offset 160
 143:Core/Src/main.c ****   RCC_ClkInitTypeDef RCC_ClkInitStruct = {0};
  77              		.loc 1 143 3 view .LVU8
 143:Core/Src/main.c ****   RCC_ClkInitTypeDef RCC_ClkInitStruct = {0};
  78              		.loc 1 143 22 is_stmt 0 view .LVU9
  79 0004 3C22     		movs	r2, #60
  80 0006 0021     		movs	r1, #0
  81 0008 17A8     		add	r0, sp, #92
  82 000a FFF7FEFF 		bl	memset
  83              	.LVL0:
 144:Core/Src/main.c ****   RCC_PeriphCLKInitTypeDef PeriphClkInit = {0};
  84              		.loc 1 144 3 is_stmt 1 view .LVU10
 144:Core/Src/main.c ****   RCC_PeriphCLKInitTypeDef PeriphClkInit = {0};
  85              		.loc 1 144 22 is_stmt 0 view .LVU11
  86 000e 1022     		movs	r2, #16
  87 0010 0021     		movs	r1, #0
  88 0012 13A8     		add	r0, sp, #76
  89 0014 FFF7FEFF 		bl	memset
  90              	.LVL1:
 145:Core/Src/main.c **** 
  91              		.loc 1 145 3 is_stmt 1 view .LVU12
 145:Core/Src/main.c **** 
  92              		.loc 1 145 28 is_stmt 0 view .LVU13
ARM GAS  /tmp/ccySdkVl.s 			page 10


  93 0018 4C22     		movs	r2, #76
  94 001a 0021     		movs	r1, #0
  95 001c 6846     		mov	r0, sp
  96 001e FFF7FEFF 		bl	memset
  97              	.LVL2:
 149:Core/Src/main.c ****   /** Initializes the RCC Oscillators according to the specified parameters
  98              		.loc 1 149 3 is_stmt 1 view .LVU14
  99 0022 8020     		movs	r0, #128
 100 0024 8000     		lsls	r0, r0, #2
 101 0026 FFF7FEFF 		bl	HAL_PWREx_ControlVoltageScaling
 102              	.LVL3:
 153:Core/Src/main.c ****   RCC_OscInitStruct.HSIState = RCC_HSI_ON;
 103              		.loc 1 153 3 view .LVU15
 153:Core/Src/main.c ****   RCC_OscInitStruct.HSIState = RCC_HSI_ON;
 104              		.loc 1 153 36 is_stmt 0 view .LVU16
 105 002a 2223     		movs	r3, #34
 106 002c 1793     		str	r3, [sp, #92]
 154:Core/Src/main.c ****   RCC_OscInitStruct.HSI48State = RCC_HSI48_ON;
 107              		.loc 1 154 3 is_stmt 1 view .LVU17
 154:Core/Src/main.c ****   RCC_OscInitStruct.HSI48State = RCC_HSI48_ON;
 108              		.loc 1 154 30 is_stmt 0 view .LVU18
 109 002e DE33     		adds	r3, r3, #222
 110 0030 1A93     		str	r3, [sp, #104]
 155:Core/Src/main.c ****   RCC_OscInitStruct.HSIDiv = RCC_HSI_DIV1;
 111              		.loc 1 155 3 is_stmt 1 view .LVU19
 155:Core/Src/main.c ****   RCC_OscInitStruct.HSIDiv = RCC_HSI_DIV1;
 112              		.loc 1 155 32 is_stmt 0 view .LVU20
 113 0032 8023     		movs	r3, #128
 114 0034 DB03     		lsls	r3, r3, #15
 115 0036 1E93     		str	r3, [sp, #120]
 156:Core/Src/main.c ****   RCC_OscInitStruct.HSICalibrationValue = RCC_HSICALIBRATION_DEFAULT;
 116              		.loc 1 156 3 is_stmt 1 view .LVU21
 156:Core/Src/main.c ****   RCC_OscInitStruct.HSICalibrationValue = RCC_HSICALIBRATION_DEFAULT;
 117              		.loc 1 156 28 is_stmt 0 view .LVU22
 118 0038 0023     		movs	r3, #0
 119 003a 1B93     		str	r3, [sp, #108]
 157:Core/Src/main.c ****   RCC_OscInitStruct.PLL.PLLState = RCC_PLL_ON;
 120              		.loc 1 157 3 is_stmt 1 view .LVU23
 157:Core/Src/main.c ****   RCC_OscInitStruct.PLL.PLLState = RCC_PLL_ON;
 121              		.loc 1 157 41 is_stmt 0 view .LVU24
 122 003c 4022     		movs	r2, #64
 123 003e 1C92     		str	r2, [sp, #112]
 158:Core/Src/main.c ****   RCC_OscInitStruct.PLL.PLLSource = RCC_PLLSOURCE_HSI;
 124              		.loc 1 158 3 is_stmt 1 view .LVU25
 158:Core/Src/main.c ****   RCC_OscInitStruct.PLL.PLLSource = RCC_PLLSOURCE_HSI;
 125              		.loc 1 158 34 is_stmt 0 view .LVU26
 126 0040 3E3A     		subs	r2, r2, #62
 127 0042 1F92     		str	r2, [sp, #124]
 159:Core/Src/main.c ****   RCC_OscInitStruct.PLL.PLLM = RCC_PLLM_DIV1;
 128              		.loc 1 159 3 is_stmt 1 view .LVU27
 159:Core/Src/main.c ****   RCC_OscInitStruct.PLL.PLLM = RCC_PLLM_DIV1;
 129              		.loc 1 159 35 is_stmt 0 view .LVU28
 130 0044 2092     		str	r2, [sp, #128]
 160:Core/Src/main.c ****   RCC_OscInitStruct.PLL.PLLN = 8;
 131              		.loc 1 160 3 is_stmt 1 view .LVU29
 160:Core/Src/main.c ****   RCC_OscInitStruct.PLL.PLLN = 8;
 132              		.loc 1 160 30 is_stmt 0 view .LVU30
ARM GAS  /tmp/ccySdkVl.s 			page 11


 133 0046 2193     		str	r3, [sp, #132]
 161:Core/Src/main.c ****   RCC_OscInitStruct.PLL.PLLP = RCC_PLLP_DIV2;
 134              		.loc 1 161 3 is_stmt 1 view .LVU31
 161:Core/Src/main.c ****   RCC_OscInitStruct.PLL.PLLP = RCC_PLLP_DIV2;
 135              		.loc 1 161 30 is_stmt 0 view .LVU32
 136 0048 0833     		adds	r3, r3, #8
 137 004a 2293     		str	r3, [sp, #136]
 162:Core/Src/main.c ****   RCC_OscInitStruct.PLL.PLLQ = RCC_PLLQ_DIV2;
 138              		.loc 1 162 3 is_stmt 1 view .LVU33
 162:Core/Src/main.c ****   RCC_OscInitStruct.PLL.PLLQ = RCC_PLLQ_DIV2;
 139              		.loc 1 162 30 is_stmt 0 view .LVU34
 140 004c 8023     		movs	r3, #128
 141 004e 9B02     		lsls	r3, r3, #10
 142 0050 2393     		str	r3, [sp, #140]
 163:Core/Src/main.c ****   RCC_OscInitStruct.PLL.PLLR = RCC_PLLR_DIV2;
 143              		.loc 1 163 3 is_stmt 1 view .LVU35
 163:Core/Src/main.c ****   RCC_OscInitStruct.PLL.PLLR = RCC_PLLR_DIV2;
 144              		.loc 1 163 30 is_stmt 0 view .LVU36
 145 0052 8023     		movs	r3, #128
 146 0054 9B04     		lsls	r3, r3, #18
 147 0056 2493     		str	r3, [sp, #144]
 164:Core/Src/main.c ****   if (HAL_RCC_OscConfig(&RCC_OscInitStruct) != HAL_OK)
 148              		.loc 1 164 3 is_stmt 1 view .LVU37
 164:Core/Src/main.c ****   if (HAL_RCC_OscConfig(&RCC_OscInitStruct) != HAL_OK)
 149              		.loc 1 164 30 is_stmt 0 view .LVU38
 150 0058 8023     		movs	r3, #128
 151 005a 9B05     		lsls	r3, r3, #22
 152 005c 2593     		str	r3, [sp, #148]
 165:Core/Src/main.c ****   {
 153              		.loc 1 165 3 is_stmt 1 view .LVU39
 165:Core/Src/main.c ****   {
 154              		.loc 1 165 7 is_stmt 0 view .LVU40
 155 005e 17A8     		add	r0, sp, #92
 156 0060 FFF7FEFF 		bl	HAL_RCC_OscConfig
 157              	.LVL4:
 165:Core/Src/main.c ****   {
 158              		.loc 1 165 6 view .LVU41
 159 0064 0028     		cmp	r0, #0
 160 0066 18D1     		bne	.L7
 171:Core/Src/main.c ****                               |RCC_CLOCKTYPE_PCLK1;
 161              		.loc 1 171 3 is_stmt 1 view .LVU42
 171:Core/Src/main.c ****                               |RCC_CLOCKTYPE_PCLK1;
 162              		.loc 1 171 31 is_stmt 0 view .LVU43
 163 0068 0723     		movs	r3, #7
 164 006a 1393     		str	r3, [sp, #76]
 173:Core/Src/main.c ****   RCC_ClkInitStruct.AHBCLKDivider = RCC_SYSCLK_DIV1;
 165              		.loc 1 173 3 is_stmt 1 view .LVU44
 173:Core/Src/main.c ****   RCC_ClkInitStruct.AHBCLKDivider = RCC_SYSCLK_DIV1;
 166              		.loc 1 173 34 is_stmt 0 view .LVU45
 167 006c 053B     		subs	r3, r3, #5
 168 006e 1493     		str	r3, [sp, #80]
 174:Core/Src/main.c ****   RCC_ClkInitStruct.APB1CLKDivider = RCC_HCLK_DIV1;
 169              		.loc 1 174 3 is_stmt 1 view .LVU46
 174:Core/Src/main.c ****   RCC_ClkInitStruct.APB1CLKDivider = RCC_HCLK_DIV1;
 170              		.loc 1 174 35 is_stmt 0 view .LVU47
 171 0070 0023     		movs	r3, #0
 172 0072 1593     		str	r3, [sp, #84]
ARM GAS  /tmp/ccySdkVl.s 			page 12


 175:Core/Src/main.c **** 
 173              		.loc 1 175 3 is_stmt 1 view .LVU48
 175:Core/Src/main.c **** 
 174              		.loc 1 175 36 is_stmt 0 view .LVU49
 175 0074 1693     		str	r3, [sp, #88]
 177:Core/Src/main.c ****   {
 176              		.loc 1 177 3 is_stmt 1 view .LVU50
 177:Core/Src/main.c ****   {
 177              		.loc 1 177 7 is_stmt 0 view .LVU51
 178 0076 0221     		movs	r1, #2
 179 0078 13A8     		add	r0, sp, #76
 180 007a FFF7FEFF 		bl	HAL_RCC_ClockConfig
 181              	.LVL5:
 177:Core/Src/main.c ****   {
 182              		.loc 1 177 6 view .LVU52
 183 007e 0028     		cmp	r0, #0
 184 0080 0DD1     		bne	.L8
 183:Core/Src/main.c ****   PeriphClkInit.I2c2ClockSelection = RCC_I2C2CLKSOURCE_PCLK1;
 185              		.loc 1 183 3 is_stmt 1 view .LVU53
 183:Core/Src/main.c ****   PeriphClkInit.I2c2ClockSelection = RCC_I2C2CLKSOURCE_PCLK1;
 186              		.loc 1 183 38 is_stmt 0 view .LVU54
 187 0082 094B     		ldr	r3, .L10
 188 0084 0093     		str	r3, [sp]
 184:Core/Src/main.c ****   PeriphClkInit.UsbClockSelection = RCC_USBCLKSOURCE_HSI48;
 189              		.loc 1 184 3 is_stmt 1 view .LVU55
 184:Core/Src/main.c ****   PeriphClkInit.UsbClockSelection = RCC_USBCLKSOURCE_HSI48;
 190              		.loc 1 184 36 is_stmt 0 view .LVU56
 191 0086 0023     		movs	r3, #0
 192 0088 0793     		str	r3, [sp, #28]
 185:Core/Src/main.c ****   if (HAL_RCCEx_PeriphCLKConfig(&PeriphClkInit) != HAL_OK)
 193              		.loc 1 185 3 is_stmt 1 view .LVU57
 185:Core/Src/main.c ****   if (HAL_RCCEx_PeriphCLKConfig(&PeriphClkInit) != HAL_OK)
 194              		.loc 1 185 35 is_stmt 0 view .LVU58
 195 008a 1193     		str	r3, [sp, #68]
 186:Core/Src/main.c ****   {
 196              		.loc 1 186 3 is_stmt 1 view .LVU59
 186:Core/Src/main.c ****   {
 197              		.loc 1 186 7 is_stmt 0 view .LVU60
 198 008c 6846     		mov	r0, sp
 199 008e FFF7FEFF 		bl	HAL_RCCEx_PeriphCLKConfig
 200              	.LVL6:
 186:Core/Src/main.c ****   {
 201              		.loc 1 186 6 view .LVU61
 202 0092 0028     		cmp	r0, #0
 203 0094 05D1     		bne	.L9
 190:Core/Src/main.c **** 
 204              		.loc 1 190 1 view .LVU62
 205 0096 27B0     		add	sp, sp, #156
 206              		@ sp needed
 207 0098 00BD     		pop	{pc}
 208              	.L7:
 167:Core/Src/main.c ****   }
 209              		.loc 1 167 5 is_stmt 1 view .LVU63
 210 009a FFF7FEFF 		bl	Error_Handler
 211              	.LVL7:
 212              	.L8:
 179:Core/Src/main.c ****   }
ARM GAS  /tmp/ccySdkVl.s 			page 13


 213              		.loc 1 179 5 view .LVU64
 214 009e FFF7FEFF 		bl	Error_Handler
 215              	.LVL8:
 216              	.L9:
 188:Core/Src/main.c ****   }
 217              		.loc 1 188 5 view .LVU65
 218 00a2 FFF7FEFF 		bl	Error_Handler
 219              	.LVL9:
 220              	.L11:
 221 00a6 C046     		.align	2
 222              	.L10:
 223 00a8 40000001 		.word	16777280
 224              		.cfi_endproc
 225              	.LFE363:
 227              		.section	.text.main,"ax",%progbits
 228              		.align	1
 229              		.global	main
 230              		.syntax unified
 231              		.code	16
 232              		.thumb_func
 233              		.fpu softvfp
 235              	main:
 236              	.LFB362:
  67:Core/Src/main.c ****   /* USER CODE BEGIN 1 */
 237              		.loc 1 67 1 view -0
 238              		.cfi_startproc
 239              		@ args = 0, pretend = 0, frame = 24
 240              		@ frame_needed = 0, uses_anonymous_args = 0
 241 0000 10B5     		push	{r4, lr}
 242              	.LCFI2:
 243              		.cfi_def_cfa_offset 8
 244              		.cfi_offset 4, -8
 245              		.cfi_offset 14, -4
 246 0002 86B0     		sub	sp, sp, #24
 247              	.LCFI3:
 248              		.cfi_def_cfa_offset 32
  75:Core/Src/main.c **** 
 249              		.loc 1 75 3 view .LVU67
 250 0004 FFF7FEFF 		bl	HAL_Init
 251              	.LVL10:
  82:Core/Src/main.c **** 
 252              		.loc 1 82 3 view .LVU68
 253 0008 FFF7FEFF 		bl	SystemClock_Config
 254              	.LVL11:
  89:Core/Src/main.c ****   MX_I2C2_Init();
 255              		.loc 1 89 3 view .LVU69
 256 000c FFF7FEFF 		bl	MX_GPIO_Init
 257              	.LVL12:
  90:Core/Src/main.c ****   MX_USB_Device_Init();
 258              		.loc 1 90 3 view .LVU70
 259 0010 FFF7FEFF 		bl	MX_I2C2_Init
 260              	.LVL13:
  91:Core/Src/main.c ****   /* USER CODE BEGIN 2 */
 261              		.loc 1 91 3 view .LVU71
 262 0014 FFF7FEFF 		bl	MX_USB_Device_Init
 263              	.LVL14:
  93:Core/Src/main.c ****   /* USER CODE END 2 */
ARM GAS  /tmp/ccySdkVl.s 			page 14


 264              		.loc 1 93 3 view .LVU72
  93:Core/Src/main.c ****   /* USER CODE END 2 */
 265              		.loc 1 93 34 is_stmt 0 view .LVU73
 266 0018 FFF7FEFF 		bl	nunchuk_init
 267              	.LVL15:
 268 001c 0400     		movs	r4, r0
 269              	.LVL16:
  93:Core/Src/main.c ****   /* USER CODE END 2 */
 270              		.loc 1 93 34 view .LVU74
 271 001e 02E0     		b	.L16
 272              	.LVL17:
 273              	.L15:
 274              	.LBB6:
 111:Core/Src/main.c ****         nunchuk_read_classic(&report);
 275              		.loc 1 111 9 is_stmt 1 discriminator 2 view .LVU75
 112:Core/Src/main.c **** 
 276              		.loc 1 112 9 discriminator 2 view .LVU76
 277 0020 6846     		mov	r0, sp
 278 0022 FFF7FEFF 		bl	nunchuk_read_classic
 279              	.LVL18:
 280              	.LBE6:
 117:Core/Src/main.c ****       case GUITAR_HERO: {
 281              		.loc 1 117 7 discriminator 2 view .LVU77
 282              	.L16:
  98:Core/Src/main.c ****   {
 283              		.loc 1 98 3 view .LVU78
 101:Core/Src/main.c ****       case STANDARD: {
 284              		.loc 1 101 5 view .LVU79
 285 0026 022C     		cmp	r4, #2
 286 0028 07D0     		beq	.L14
 287 002a 032C     		cmp	r4, #3
 288 002c F8D0     		beq	.L15
 289 002e 012C     		cmp	r4, #1
 290 0030 F9D1     		bne	.L16
 291              	.LBB7:
 103:Core/Src/main.c ****         nunchuk_read_standard(&report);
 292              		.loc 1 103 9 view .LVU80
 104:Core/Src/main.c **** 
 293              		.loc 1 104 9 view .LVU81
 294 0032 6846     		mov	r0, sp
 295 0034 FFF7FEFF 		bl	nunchuk_read_standard
 296              	.LVL19:
 297              	.LBE7:
 109:Core/Src/main.c ****       case CLASSIC: {
 298              		.loc 1 109 7 view .LVU82
 299 0038 F5E7     		b	.L16
 300              	.L14:
 301              	.LBB8:
 119:Core/Src/main.c ****         nunchuk_read_guitar_hero(&report);
 302              		.loc 1 119 9 discriminator 3 view .LVU83
 120:Core/Src/main.c **** 
 303              		.loc 1 120 9 discriminator 3 view .LVU84
 304 003a 6846     		mov	r0, sp
 305 003c FFF7FEFF 		bl	nunchuk_read_guitar_hero
 306              	.LVL20:
 307              	.LBE8:
 125:Core/Src/main.c ****       case UNKNOWN:
ARM GAS  /tmp/ccySdkVl.s 			page 15


 308              		.loc 1 125 7 discriminator 3 view .LVU85
 309 0040 F1E7     		b	.L16
 310              		.cfi_endproc
 311              	.LFE362:
 313              		.text
 314              	.Letext0:
 315              		.file 3 "/usr/arm-none-eabi/include/machine/_default_types.h"
 316              		.file 4 "/usr/arm-none-eabi/include/sys/_stdint.h"
 317              		.file 5 "Drivers/STM32G0xx_HAL_Driver/Inc/stm32g0xx_hal_def.h"
 318              		.file 6 "Drivers/STM32G0xx_HAL_Driver/Inc/stm32g0xx_hal_rcc.h"
 319              		.file 7 "Drivers/STM32G0xx_HAL_Driver/Inc/stm32g0xx_hal_rcc_ex.h"
 320              		.file 8 "Middlewares/nunchuk/Inc/nunchuk_devices.h"
 321              		.file 9 "Drivers/STM32G0xx_HAL_Driver/Inc/stm32g0xx_hal_pwr_ex.h"
 322              		.file 10 "Middlewares/nunchuk/Inc/nunchuk.h"
 323              		.file 11 "USB_Device/App/usb_device.h"
 324              		.file 12 "Core/Inc/i2c.h"
 325              		.file 13 "Core/Inc/gpio.h"
 326              		.file 14 "Drivers/STM32G0xx_HAL_Driver/Inc/stm32g0xx_ll_dma.h"
 327              		.file 15 "Drivers/STM32G0xx_HAL_Driver/Inc/stm32g0xx_hal.h"
 328              		.file 16 "<built-in>"
ARM GAS  /tmp/ccySdkVl.s 			page 16


DEFINED SYMBOLS
                            *ABS*:0000000000000000 main.c
     /tmp/ccySdkVl.s:16     .text.Error_Handler:0000000000000000 $t
     /tmp/ccySdkVl.s:24     .text.Error_Handler:0000000000000000 Error_Handler
     /tmp/ccySdkVl.s:57     .text.SystemClock_Config:0000000000000000 $t
     /tmp/ccySdkVl.s:64     .text.SystemClock_Config:0000000000000000 SystemClock_Config
     /tmp/ccySdkVl.s:223    .text.SystemClock_Config:00000000000000a8 $d
     /tmp/ccySdkVl.s:228    .text.main:0000000000000000 $t
     /tmp/ccySdkVl.s:235    .text.main:0000000000000000 main

UNDEFINED SYMBOLS
memset
HAL_PWREx_ControlVoltageScaling
HAL_RCC_OscConfig
HAL_RCC_ClockConfig
HAL_RCCEx_PeriphCLKConfig
HAL_Init
MX_GPIO_Init
MX_I2C2_Init
MX_USB_Device_Init
nunchuk_init
nunchuk_read_classic
nunchuk_read_standard
nunchuk_read_guitar_hero
