ARM GAS  /tmp/cc5TOUmR.s 			page 1


   1              		.cpu cortex-m0plus
   2              		.eabi_attribute 20, 1
   3              		.eabi_attribute 21, 1
   4              		.eabi_attribute 23, 3
   5              		.eabi_attribute 24, 1
   6              		.eabi_attribute 25, 1
   7              		.eabi_attribute 26, 1
   8              		.eabi_attribute 30, 1
   9              		.eabi_attribute 34, 0
  10              		.eabi_attribute 18, 4
  11              		.file	"stm32g0xx_hal_pcd_ex.c"
  12              		.text
  13              	.Ltext0:
  14              		.cfi_sections	.debug_frame
  15              		.section	.text.HAL_PCDEx_PMAConfig,"ax",%progbits
  16              		.align	1
  17              		.global	HAL_PCDEx_PMAConfig
  18              		.arch armv6s-m
  19              		.syntax unified
  20              		.code	16
  21              		.thumb_func
  22              		.fpu softvfp
  24              	HAL_PCDEx_PMAConfig:
  25              	.LVL0:
  26              	.LFB358:
  27              		.file 1 "Drivers/STM32G0xx_HAL_Driver/Src/stm32g0xx_hal_pcd_ex.c"
   1:Drivers/STM32G0xx_HAL_Driver/Src/stm32g0xx_hal_pcd_ex.c **** /**
   2:Drivers/STM32G0xx_HAL_Driver/Src/stm32g0xx_hal_pcd_ex.c ****   ******************************************************************************
   3:Drivers/STM32G0xx_HAL_Driver/Src/stm32g0xx_hal_pcd_ex.c ****   * @file    stm32g0xx_hal_pcd_ex.c
   4:Drivers/STM32G0xx_HAL_Driver/Src/stm32g0xx_hal_pcd_ex.c ****   * @author  MCD Application Team
   5:Drivers/STM32G0xx_HAL_Driver/Src/stm32g0xx_hal_pcd_ex.c ****   * @brief   PCD Extended HAL module driver.
   6:Drivers/STM32G0xx_HAL_Driver/Src/stm32g0xx_hal_pcd_ex.c ****   *          This file provides firmware functions to manage the following
   7:Drivers/STM32G0xx_HAL_Driver/Src/stm32g0xx_hal_pcd_ex.c ****   *          functionalities of the USB Peripheral Controller:
   8:Drivers/STM32G0xx_HAL_Driver/Src/stm32g0xx_hal_pcd_ex.c ****   *           + Extended features functions
   9:Drivers/STM32G0xx_HAL_Driver/Src/stm32g0xx_hal_pcd_ex.c ****   *
  10:Drivers/STM32G0xx_HAL_Driver/Src/stm32g0xx_hal_pcd_ex.c ****   ******************************************************************************
  11:Drivers/STM32G0xx_HAL_Driver/Src/stm32g0xx_hal_pcd_ex.c ****   * @attention
  12:Drivers/STM32G0xx_HAL_Driver/Src/stm32g0xx_hal_pcd_ex.c ****   *
  13:Drivers/STM32G0xx_HAL_Driver/Src/stm32g0xx_hal_pcd_ex.c ****   * <h2><center>&copy; Copyright (c) 2018 STMicroelectronics.
  14:Drivers/STM32G0xx_HAL_Driver/Src/stm32g0xx_hal_pcd_ex.c ****   * All rights reserved.</center></h2>
  15:Drivers/STM32G0xx_HAL_Driver/Src/stm32g0xx_hal_pcd_ex.c ****   *
  16:Drivers/STM32G0xx_HAL_Driver/Src/stm32g0xx_hal_pcd_ex.c ****   * This software component is licensed by ST under BSD 3-Clause license,
  17:Drivers/STM32G0xx_HAL_Driver/Src/stm32g0xx_hal_pcd_ex.c ****   * the "License"; You may not use this file except in compliance with the
  18:Drivers/STM32G0xx_HAL_Driver/Src/stm32g0xx_hal_pcd_ex.c ****   * License. You may obtain a copy of the License at:
  19:Drivers/STM32G0xx_HAL_Driver/Src/stm32g0xx_hal_pcd_ex.c ****   *                        opensource.org/licenses/BSD-3-Clause
  20:Drivers/STM32G0xx_HAL_Driver/Src/stm32g0xx_hal_pcd_ex.c ****   *
  21:Drivers/STM32G0xx_HAL_Driver/Src/stm32g0xx_hal_pcd_ex.c ****   ******************************************************************************
  22:Drivers/STM32G0xx_HAL_Driver/Src/stm32g0xx_hal_pcd_ex.c ****   */
  23:Drivers/STM32G0xx_HAL_Driver/Src/stm32g0xx_hal_pcd_ex.c **** 
  24:Drivers/STM32G0xx_HAL_Driver/Src/stm32g0xx_hal_pcd_ex.c **** /* Includes ------------------------------------------------------------------*/
  25:Drivers/STM32G0xx_HAL_Driver/Src/stm32g0xx_hal_pcd_ex.c **** #include "stm32g0xx_hal.h"
  26:Drivers/STM32G0xx_HAL_Driver/Src/stm32g0xx_hal_pcd_ex.c **** 
  27:Drivers/STM32G0xx_HAL_Driver/Src/stm32g0xx_hal_pcd_ex.c **** /** @addtogroup STM32G0xx_HAL_Driver
  28:Drivers/STM32G0xx_HAL_Driver/Src/stm32g0xx_hal_pcd_ex.c ****   * @{
  29:Drivers/STM32G0xx_HAL_Driver/Src/stm32g0xx_hal_pcd_ex.c ****   */
  30:Drivers/STM32G0xx_HAL_Driver/Src/stm32g0xx_hal_pcd_ex.c **** 
  31:Drivers/STM32G0xx_HAL_Driver/Src/stm32g0xx_hal_pcd_ex.c **** /** @defgroup PCDEx PCDEx
ARM GAS  /tmp/cc5TOUmR.s 			page 2


  32:Drivers/STM32G0xx_HAL_Driver/Src/stm32g0xx_hal_pcd_ex.c ****   * @brief PCD Extended HAL module driver
  33:Drivers/STM32G0xx_HAL_Driver/Src/stm32g0xx_hal_pcd_ex.c ****   * @{
  34:Drivers/STM32G0xx_HAL_Driver/Src/stm32g0xx_hal_pcd_ex.c ****   */
  35:Drivers/STM32G0xx_HAL_Driver/Src/stm32g0xx_hal_pcd_ex.c **** 
  36:Drivers/STM32G0xx_HAL_Driver/Src/stm32g0xx_hal_pcd_ex.c **** #ifdef HAL_PCD_MODULE_ENABLED
  37:Drivers/STM32G0xx_HAL_Driver/Src/stm32g0xx_hal_pcd_ex.c **** 
  38:Drivers/STM32G0xx_HAL_Driver/Src/stm32g0xx_hal_pcd_ex.c **** #if defined (USB_DRD_FS)
  39:Drivers/STM32G0xx_HAL_Driver/Src/stm32g0xx_hal_pcd_ex.c **** /* Private types -------------------------------------------------------------*/
  40:Drivers/STM32G0xx_HAL_Driver/Src/stm32g0xx_hal_pcd_ex.c **** /* Private variables ---------------------------------------------------------*/
  41:Drivers/STM32G0xx_HAL_Driver/Src/stm32g0xx_hal_pcd_ex.c **** /* Private constants ---------------------------------------------------------*/
  42:Drivers/STM32G0xx_HAL_Driver/Src/stm32g0xx_hal_pcd_ex.c **** /* Private macros ------------------------------------------------------------*/
  43:Drivers/STM32G0xx_HAL_Driver/Src/stm32g0xx_hal_pcd_ex.c **** /* Private functions ---------------------------------------------------------*/
  44:Drivers/STM32G0xx_HAL_Driver/Src/stm32g0xx_hal_pcd_ex.c **** /* Exported functions --------------------------------------------------------*/
  45:Drivers/STM32G0xx_HAL_Driver/Src/stm32g0xx_hal_pcd_ex.c **** 
  46:Drivers/STM32G0xx_HAL_Driver/Src/stm32g0xx_hal_pcd_ex.c **** /** @defgroup PCDEx_Exported_Functions PCDEx Exported Functions
  47:Drivers/STM32G0xx_HAL_Driver/Src/stm32g0xx_hal_pcd_ex.c ****   * @{
  48:Drivers/STM32G0xx_HAL_Driver/Src/stm32g0xx_hal_pcd_ex.c ****   */
  49:Drivers/STM32G0xx_HAL_Driver/Src/stm32g0xx_hal_pcd_ex.c **** 
  50:Drivers/STM32G0xx_HAL_Driver/Src/stm32g0xx_hal_pcd_ex.c **** /** @defgroup PCDEx_Exported_Functions_Group1 Peripheral Control functions
  51:Drivers/STM32G0xx_HAL_Driver/Src/stm32g0xx_hal_pcd_ex.c ****   * @brief    PCDEx control functions
  52:Drivers/STM32G0xx_HAL_Driver/Src/stm32g0xx_hal_pcd_ex.c ****   *
  53:Drivers/STM32G0xx_HAL_Driver/Src/stm32g0xx_hal_pcd_ex.c **** @verbatim
  54:Drivers/STM32G0xx_HAL_Driver/Src/stm32g0xx_hal_pcd_ex.c ****  ===============================================================================
  55:Drivers/STM32G0xx_HAL_Driver/Src/stm32g0xx_hal_pcd_ex.c ****                  ##### Extended features functions #####
  56:Drivers/STM32G0xx_HAL_Driver/Src/stm32g0xx_hal_pcd_ex.c ****  ===============================================================================
  57:Drivers/STM32G0xx_HAL_Driver/Src/stm32g0xx_hal_pcd_ex.c ****     [..]  This section provides functions allowing to:
  58:Drivers/STM32G0xx_HAL_Driver/Src/stm32g0xx_hal_pcd_ex.c ****       (+) Update FIFO configuration
  59:Drivers/STM32G0xx_HAL_Driver/Src/stm32g0xx_hal_pcd_ex.c **** 
  60:Drivers/STM32G0xx_HAL_Driver/Src/stm32g0xx_hal_pcd_ex.c **** @endverbatim
  61:Drivers/STM32G0xx_HAL_Driver/Src/stm32g0xx_hal_pcd_ex.c ****   * @{
  62:Drivers/STM32G0xx_HAL_Driver/Src/stm32g0xx_hal_pcd_ex.c ****   */
  63:Drivers/STM32G0xx_HAL_Driver/Src/stm32g0xx_hal_pcd_ex.c **** 
  64:Drivers/STM32G0xx_HAL_Driver/Src/stm32g0xx_hal_pcd_ex.c **** /**
  65:Drivers/STM32G0xx_HAL_Driver/Src/stm32g0xx_hal_pcd_ex.c ****   * @brief  Configure PMA for EP
  66:Drivers/STM32G0xx_HAL_Driver/Src/stm32g0xx_hal_pcd_ex.c ****   * @param  hpcd  Device instance
  67:Drivers/STM32G0xx_HAL_Driver/Src/stm32g0xx_hal_pcd_ex.c ****   * @param  ep_addr endpoint address
  68:Drivers/STM32G0xx_HAL_Driver/Src/stm32g0xx_hal_pcd_ex.c ****   * @param  ep_kind endpoint Kind
  69:Drivers/STM32G0xx_HAL_Driver/Src/stm32g0xx_hal_pcd_ex.c ****   *                  USB_SNG_BUF: Single Buffer used
  70:Drivers/STM32G0xx_HAL_Driver/Src/stm32g0xx_hal_pcd_ex.c ****   *                  USB_DBL_BUF: Double Buffer used
  71:Drivers/STM32G0xx_HAL_Driver/Src/stm32g0xx_hal_pcd_ex.c ****   * @param  pmaadress: EP address in The PMA: In case of single buffer endpoint
  72:Drivers/STM32G0xx_HAL_Driver/Src/stm32g0xx_hal_pcd_ex.c ****   *                   this parameter is 16-bit value providing the address
  73:Drivers/STM32G0xx_HAL_Driver/Src/stm32g0xx_hal_pcd_ex.c ****   *                   in PMA allocated to endpoint.
  74:Drivers/STM32G0xx_HAL_Driver/Src/stm32g0xx_hal_pcd_ex.c ****   *                   In case of double buffer endpoint this parameter
  75:Drivers/STM32G0xx_HAL_Driver/Src/stm32g0xx_hal_pcd_ex.c ****   *                   is a 32-bit value providing the endpoint buffer 0 address
  76:Drivers/STM32G0xx_HAL_Driver/Src/stm32g0xx_hal_pcd_ex.c ****   *                   in the LSB part of 32-bit value and endpoint buffer 1 address
  77:Drivers/STM32G0xx_HAL_Driver/Src/stm32g0xx_hal_pcd_ex.c ****   *                   in the MSB part of 32-bit value.
  78:Drivers/STM32G0xx_HAL_Driver/Src/stm32g0xx_hal_pcd_ex.c ****   * @retval HAL status
  79:Drivers/STM32G0xx_HAL_Driver/Src/stm32g0xx_hal_pcd_ex.c ****   */
  80:Drivers/STM32G0xx_HAL_Driver/Src/stm32g0xx_hal_pcd_ex.c **** 
  81:Drivers/STM32G0xx_HAL_Driver/Src/stm32g0xx_hal_pcd_ex.c **** HAL_StatusTypeDef  HAL_PCDEx_PMAConfig(PCD_HandleTypeDef *hpcd, uint16_t ep_addr,
  82:Drivers/STM32G0xx_HAL_Driver/Src/stm32g0xx_hal_pcd_ex.c ****                                        uint16_t ep_kind, uint32_t pmaadress)
  83:Drivers/STM32G0xx_HAL_Driver/Src/stm32g0xx_hal_pcd_ex.c **** {
  28              		.loc 1 83 1 view -0
  29              		.cfi_startproc
  30              		@ args = 0, pretend = 0, frame = 0
  31              		@ frame_needed = 0, uses_anonymous_args = 0
  32              		.loc 1 83 1 is_stmt 0 view .LVU1
ARM GAS  /tmp/cc5TOUmR.s 			page 3


  33 0000 10B5     		push	{r4, lr}
  34              	.LCFI0:
  35              		.cfi_def_cfa_offset 8
  36              		.cfi_offset 4, -8
  37              		.cfi_offset 14, -4
  84:Drivers/STM32G0xx_HAL_Driver/Src/stm32g0xx_hal_pcd_ex.c ****   PCD_EPTypeDef *ep;
  38              		.loc 1 84 3 is_stmt 1 view .LVU2
  85:Drivers/STM32G0xx_HAL_Driver/Src/stm32g0xx_hal_pcd_ex.c **** 
  86:Drivers/STM32G0xx_HAL_Driver/Src/stm32g0xx_hal_pcd_ex.c ****   /* initialize ep structure*/
  87:Drivers/STM32G0xx_HAL_Driver/Src/stm32g0xx_hal_pcd_ex.c ****   if ((0x80U & ep_addr) == 0x80U)
  39              		.loc 1 87 3 view .LVU3
  40              		.loc 1 87 6 is_stmt 0 view .LVU4
  41 0002 0C06     		lsls	r4, r1, #24
  42 0004 0CD5     		bpl	.L2
  88:Drivers/STM32G0xx_HAL_Driver/Src/stm32g0xx_hal_pcd_ex.c ****   {
  89:Drivers/STM32G0xx_HAL_Driver/Src/stm32g0xx_hal_pcd_ex.c ****     ep = &hpcd->IN_ep[ep_addr & EP_ADDR_MSK];
  43              		.loc 1 89 5 is_stmt 1 view .LVU5
  44              		.loc 1 89 31 is_stmt 0 view .LVU6
  45 0006 0724     		movs	r4, #7
  46 0008 0C40     		ands	r4, r1
  47              		.loc 1 89 8 view .LVU7
  48 000a A100     		lsls	r1, r4, #2
  49              	.LVL1:
  50              		.loc 1 89 8 view .LVU8
  51 000c 0919     		adds	r1, r1, r4
  52 000e C900     		lsls	r1, r1, #3
  53 0010 3831     		adds	r1, r1, #56
  54 0012 4018     		adds	r0, r0, r1
  55              	.LVL2:
  56              	.L3:
  90:Drivers/STM32G0xx_HAL_Driver/Src/stm32g0xx_hal_pcd_ex.c ****   }
  91:Drivers/STM32G0xx_HAL_Driver/Src/stm32g0xx_hal_pcd_ex.c ****   else
  92:Drivers/STM32G0xx_HAL_Driver/Src/stm32g0xx_hal_pcd_ex.c ****   {
  93:Drivers/STM32G0xx_HAL_Driver/Src/stm32g0xx_hal_pcd_ex.c ****     ep = &hpcd->OUT_ep[ep_addr];
  94:Drivers/STM32G0xx_HAL_Driver/Src/stm32g0xx_hal_pcd_ex.c ****   }
  95:Drivers/STM32G0xx_HAL_Driver/Src/stm32g0xx_hal_pcd_ex.c **** 
  96:Drivers/STM32G0xx_HAL_Driver/Src/stm32g0xx_hal_pcd_ex.c ****   /* Here we check if the endpoint is single or double Buffer*/
  97:Drivers/STM32G0xx_HAL_Driver/Src/stm32g0xx_hal_pcd_ex.c ****   if (ep_kind == PCD_SNG_BUF)
  57              		.loc 1 97 3 is_stmt 1 view .LVU9
  58              		.loc 1 97 6 is_stmt 0 view .LVU10
  59 0014 002A     		cmp	r2, #0
  60 0016 0AD1     		bne	.L4
  98:Drivers/STM32G0xx_HAL_Driver/Src/stm32g0xx_hal_pcd_ex.c ****   {
  99:Drivers/STM32G0xx_HAL_Driver/Src/stm32g0xx_hal_pcd_ex.c ****     /* Single Buffer */
 100:Drivers/STM32G0xx_HAL_Driver/Src/stm32g0xx_hal_pcd_ex.c ****     ep->doublebuffer = 0U;
  61              		.loc 1 100 5 is_stmt 1 view .LVU11
  62              		.loc 1 100 22 is_stmt 0 view .LVU12
  63 0018 8272     		strb	r2, [r0, #10]
 101:Drivers/STM32G0xx_HAL_Driver/Src/stm32g0xx_hal_pcd_ex.c ****     /* Configure the PMA */
 102:Drivers/STM32G0xx_HAL_Driver/Src/stm32g0xx_hal_pcd_ex.c ****     ep->pmaadress = (uint16_t)pmaadress;
  64              		.loc 1 102 5 is_stmt 1 view .LVU13
  65              		.loc 1 102 19 is_stmt 0 view .LVU14
  66 001a 8380     		strh	r3, [r0, #4]
  67              	.LVL3:
  68              	.L5:
 103:Drivers/STM32G0xx_HAL_Driver/Src/stm32g0xx_hal_pcd_ex.c ****   }
 104:Drivers/STM32G0xx_HAL_Driver/Src/stm32g0xx_hal_pcd_ex.c ****   else /* USB_DBL_BUF */
ARM GAS  /tmp/cc5TOUmR.s 			page 4


 105:Drivers/STM32G0xx_HAL_Driver/Src/stm32g0xx_hal_pcd_ex.c ****   {
 106:Drivers/STM32G0xx_HAL_Driver/Src/stm32g0xx_hal_pcd_ex.c ****     /* Double Buffer Endpoint */
 107:Drivers/STM32G0xx_HAL_Driver/Src/stm32g0xx_hal_pcd_ex.c ****     ep->doublebuffer = 1U;
 108:Drivers/STM32G0xx_HAL_Driver/Src/stm32g0xx_hal_pcd_ex.c ****     /* Configure the PMA */
 109:Drivers/STM32G0xx_HAL_Driver/Src/stm32g0xx_hal_pcd_ex.c ****     ep->pmaaddr0 = (uint16_t)(pmaadress & 0xFFFFU);
 110:Drivers/STM32G0xx_HAL_Driver/Src/stm32g0xx_hal_pcd_ex.c ****     ep->pmaaddr1 = (uint16_t)((pmaadress & 0xFFFF0000U) >> 16);
 111:Drivers/STM32G0xx_HAL_Driver/Src/stm32g0xx_hal_pcd_ex.c ****   }
 112:Drivers/STM32G0xx_HAL_Driver/Src/stm32g0xx_hal_pcd_ex.c **** 
 113:Drivers/STM32G0xx_HAL_Driver/Src/stm32g0xx_hal_pcd_ex.c ****   return HAL_OK;
  69              		.loc 1 113 3 is_stmt 1 view .LVU15
 114:Drivers/STM32G0xx_HAL_Driver/Src/stm32g0xx_hal_pcd_ex.c **** }
  70              		.loc 1 114 1 is_stmt 0 view .LVU16
  71 001c 0020     		movs	r0, #0
  72              	.LVL4:
  73              		.loc 1 114 1 view .LVU17
  74              		@ sp needed
  75 001e 10BD     		pop	{r4, pc}
  76              	.LVL5:
  77              	.L2:
  93:Drivers/STM32G0xx_HAL_Driver/Src/stm32g0xx_hal_pcd_ex.c ****   }
  78              		.loc 1 93 5 is_stmt 1 view .LVU18
  93:Drivers/STM32G0xx_HAL_Driver/Src/stm32g0xx_hal_pcd_ex.c ****   }
  79              		.loc 1 93 8 is_stmt 0 view .LVU19
  80 0020 8C00     		lsls	r4, r1, #2
  81 0022 6118     		adds	r1, r4, r1
  82              	.LVL6:
  93:Drivers/STM32G0xx_HAL_Driver/Src/stm32g0xx_hal_pcd_ex.c ****   }
  83              		.loc 1 93 8 view .LVU20
  84 0024 C900     		lsls	r1, r1, #3
  85 0026 7931     		adds	r1, r1, #121
  86 0028 FF31     		adds	r1, r1, #255
  87 002a 4018     		adds	r0, r0, r1
  88              	.LVL7:
  93:Drivers/STM32G0xx_HAL_Driver/Src/stm32g0xx_hal_pcd_ex.c ****   }
  89              		.loc 1 93 8 view .LVU21
  90 002c F2E7     		b	.L3
  91              	.L4:
 107:Drivers/STM32G0xx_HAL_Driver/Src/stm32g0xx_hal_pcd_ex.c ****     /* Configure the PMA */
  92              		.loc 1 107 5 is_stmt 1 view .LVU22
 107:Drivers/STM32G0xx_HAL_Driver/Src/stm32g0xx_hal_pcd_ex.c ****     /* Configure the PMA */
  93              		.loc 1 107 22 is_stmt 0 view .LVU23
  94 002e 0122     		movs	r2, #1
  95              	.LVL8:
 107:Drivers/STM32G0xx_HAL_Driver/Src/stm32g0xx_hal_pcd_ex.c ****     /* Configure the PMA */
  96              		.loc 1 107 22 view .LVU24
  97 0030 8272     		strb	r2, [r0, #10]
 109:Drivers/STM32G0xx_HAL_Driver/Src/stm32g0xx_hal_pcd_ex.c ****     ep->pmaaddr1 = (uint16_t)((pmaadress & 0xFFFF0000U) >> 16);
  98              		.loc 1 109 5 is_stmt 1 view .LVU25
 109:Drivers/STM32G0xx_HAL_Driver/Src/stm32g0xx_hal_pcd_ex.c ****     ep->pmaaddr1 = (uint16_t)((pmaadress & 0xFFFF0000U) >> 16);
  99              		.loc 1 109 18 is_stmt 0 view .LVU26
 100 0032 C380     		strh	r3, [r0, #6]
 110:Drivers/STM32G0xx_HAL_Driver/Src/stm32g0xx_hal_pcd_ex.c ****   }
 101              		.loc 1 110 5 is_stmt 1 view .LVU27
 110:Drivers/STM32G0xx_HAL_Driver/Src/stm32g0xx_hal_pcd_ex.c ****   }
 102              		.loc 1 110 20 is_stmt 0 view .LVU28
 103 0034 1B0C     		lsrs	r3, r3, #16
 104              	.LVL9:
ARM GAS  /tmp/cc5TOUmR.s 			page 5


 110:Drivers/STM32G0xx_HAL_Driver/Src/stm32g0xx_hal_pcd_ex.c ****   }
 105              		.loc 1 110 18 view .LVU29
 106 0036 0381     		strh	r3, [r0, #8]
 107 0038 F0E7     		b	.L5
 108              		.cfi_endproc
 109              	.LFE358:
 111              		.section	.text.HAL_PCDEx_ActivateBCD,"ax",%progbits
 112              		.align	1
 113              		.global	HAL_PCDEx_ActivateBCD
 114              		.syntax unified
 115              		.code	16
 116              		.thumb_func
 117              		.fpu softvfp
 119              	HAL_PCDEx_ActivateBCD:
 120              	.LVL10:
 121              	.LFB359:
 115:Drivers/STM32G0xx_HAL_Driver/Src/stm32g0xx_hal_pcd_ex.c **** 
 116:Drivers/STM32G0xx_HAL_Driver/Src/stm32g0xx_hal_pcd_ex.c **** /**
 117:Drivers/STM32G0xx_HAL_Driver/Src/stm32g0xx_hal_pcd_ex.c ****   * @brief  Activate BatteryCharging feature.
 118:Drivers/STM32G0xx_HAL_Driver/Src/stm32g0xx_hal_pcd_ex.c ****   * @param  hpcd PCD handle
 119:Drivers/STM32G0xx_HAL_Driver/Src/stm32g0xx_hal_pcd_ex.c ****   * @retval HAL status
 120:Drivers/STM32G0xx_HAL_Driver/Src/stm32g0xx_hal_pcd_ex.c ****   */
 121:Drivers/STM32G0xx_HAL_Driver/Src/stm32g0xx_hal_pcd_ex.c **** HAL_StatusTypeDef HAL_PCDEx_ActivateBCD(PCD_HandleTypeDef *hpcd)
 122:Drivers/STM32G0xx_HAL_Driver/Src/stm32g0xx_hal_pcd_ex.c **** {
 122              		.loc 1 122 1 is_stmt 1 view -0
 123              		.cfi_startproc
 124              		@ args = 0, pretend = 0, frame = 0
 125              		@ frame_needed = 0, uses_anonymous_args = 0
 126              		@ link register save eliminated.
 123:Drivers/STM32G0xx_HAL_Driver/Src/stm32g0xx_hal_pcd_ex.c ****   USB_DRD_TypeDef *USBx = hpcd->Instance;
 127              		.loc 1 123 3 view .LVU31
 128              		.loc 1 123 20 is_stmt 0 view .LVU32
 129 0000 0368     		ldr	r3, [r0]
 130              	.LVL11:
 124:Drivers/STM32G0xx_HAL_Driver/Src/stm32g0xx_hal_pcd_ex.c ****   hpcd->battery_charging_active = 1U;
 131              		.loc 1 124 3 is_stmt 1 view .LVU33
 132              		.loc 1 124 33 is_stmt 0 view .LVU34
 133 0002 0121     		movs	r1, #1
 134 0004 BF22     		movs	r2, #191
 135 0006 9200     		lsls	r2, r2, #2
 136 0008 8150     		str	r1, [r0, r2]
 125:Drivers/STM32G0xx_HAL_Driver/Src/stm32g0xx_hal_pcd_ex.c **** 
 126:Drivers/STM32G0xx_HAL_Driver/Src/stm32g0xx_hal_pcd_ex.c ****   /* Enable BCD feature */
 127:Drivers/STM32G0xx_HAL_Driver/Src/stm32g0xx_hal_pcd_ex.c ****   USBx->BCDR |= USB_BCDR_BCDEN;
 137              		.loc 1 127 3 is_stmt 1 view .LVU35
 138              		.loc 1 127 14 is_stmt 0 view .LVU36
 139 000a 9A6D     		ldr	r2, [r3, #88]
 140 000c 0A43     		orrs	r2, r1
 141 000e 9A65     		str	r2, [r3, #88]
 128:Drivers/STM32G0xx_HAL_Driver/Src/stm32g0xx_hal_pcd_ex.c **** 
 129:Drivers/STM32G0xx_HAL_Driver/Src/stm32g0xx_hal_pcd_ex.c ****   /* Enable DCD : Data Contact Detect */
 130:Drivers/STM32G0xx_HAL_Driver/Src/stm32g0xx_hal_pcd_ex.c ****   USBx->BCDR &= ~(USB_BCDR_PDEN);
 142              		.loc 1 130 3 is_stmt 1 view .LVU37
 143              		.loc 1 130 14 is_stmt 0 view .LVU38
 144 0010 9A6D     		ldr	r2, [r3, #88]
 145 0012 0331     		adds	r1, r1, #3
 146 0014 8A43     		bics	r2, r1
ARM GAS  /tmp/cc5TOUmR.s 			page 6


 147 0016 9A65     		str	r2, [r3, #88]
 131:Drivers/STM32G0xx_HAL_Driver/Src/stm32g0xx_hal_pcd_ex.c ****   USBx->BCDR &= ~(USB_BCDR_SDEN);
 148              		.loc 1 131 3 is_stmt 1 view .LVU39
 149              		.loc 1 131 14 is_stmt 0 view .LVU40
 150 0018 9A6D     		ldr	r2, [r3, #88]
 151 001a 0431     		adds	r1, r1, #4
 152 001c 8A43     		bics	r2, r1
 153 001e 9A65     		str	r2, [r3, #88]
 132:Drivers/STM32G0xx_HAL_Driver/Src/stm32g0xx_hal_pcd_ex.c ****   USBx->BCDR |= USB_BCDR_DCDEN;
 154              		.loc 1 132 3 is_stmt 1 view .LVU41
 155              		.loc 1 132 14 is_stmt 0 view .LVU42
 156 0020 9A6D     		ldr	r2, [r3, #88]
 157 0022 0639     		subs	r1, r1, #6
 158 0024 0A43     		orrs	r2, r1
 159 0026 9A65     		str	r2, [r3, #88]
 133:Drivers/STM32G0xx_HAL_Driver/Src/stm32g0xx_hal_pcd_ex.c **** 
 134:Drivers/STM32G0xx_HAL_Driver/Src/stm32g0xx_hal_pcd_ex.c ****   return HAL_OK;
 160              		.loc 1 134 3 is_stmt 1 view .LVU43
 135:Drivers/STM32G0xx_HAL_Driver/Src/stm32g0xx_hal_pcd_ex.c **** }
 161              		.loc 1 135 1 is_stmt 0 view .LVU44
 162 0028 0020     		movs	r0, #0
 163              	.LVL12:
 164              		.loc 1 135 1 view .LVU45
 165              		@ sp needed
 166 002a 7047     		bx	lr
 167              		.cfi_endproc
 168              	.LFE359:
 170              		.section	.text.HAL_PCDEx_DeActivateBCD,"ax",%progbits
 171              		.align	1
 172              		.global	HAL_PCDEx_DeActivateBCD
 173              		.syntax unified
 174              		.code	16
 175              		.thumb_func
 176              		.fpu softvfp
 178              	HAL_PCDEx_DeActivateBCD:
 179              	.LVL13:
 180              	.LFB360:
 136:Drivers/STM32G0xx_HAL_Driver/Src/stm32g0xx_hal_pcd_ex.c **** 
 137:Drivers/STM32G0xx_HAL_Driver/Src/stm32g0xx_hal_pcd_ex.c **** /**
 138:Drivers/STM32G0xx_HAL_Driver/Src/stm32g0xx_hal_pcd_ex.c ****   * @brief  Deactivate BatteryCharging feature.
 139:Drivers/STM32G0xx_HAL_Driver/Src/stm32g0xx_hal_pcd_ex.c ****   * @param  hpcd PCD handle
 140:Drivers/STM32G0xx_HAL_Driver/Src/stm32g0xx_hal_pcd_ex.c ****   * @retval HAL status
 141:Drivers/STM32G0xx_HAL_Driver/Src/stm32g0xx_hal_pcd_ex.c ****   */
 142:Drivers/STM32G0xx_HAL_Driver/Src/stm32g0xx_hal_pcd_ex.c **** HAL_StatusTypeDef HAL_PCDEx_DeActivateBCD(PCD_HandleTypeDef *hpcd)
 143:Drivers/STM32G0xx_HAL_Driver/Src/stm32g0xx_hal_pcd_ex.c **** {
 181              		.loc 1 143 1 is_stmt 1 view -0
 182              		.cfi_startproc
 183              		@ args = 0, pretend = 0, frame = 0
 184              		@ frame_needed = 0, uses_anonymous_args = 0
 185              		@ link register save eliminated.
 144:Drivers/STM32G0xx_HAL_Driver/Src/stm32g0xx_hal_pcd_ex.c ****   USB_DRD_TypeDef *USBx = hpcd->Instance;
 186              		.loc 1 144 3 view .LVU47
 187              		.loc 1 144 20 is_stmt 0 view .LVU48
 188 0000 0268     		ldr	r2, [r0]
 189              	.LVL14:
 145:Drivers/STM32G0xx_HAL_Driver/Src/stm32g0xx_hal_pcd_ex.c ****   hpcd->battery_charging_active = 0U;
 190              		.loc 1 145 3 is_stmt 1 view .LVU49
ARM GAS  /tmp/cc5TOUmR.s 			page 7


 191              		.loc 1 145 33 is_stmt 0 view .LVU50
 192 0002 BF23     		movs	r3, #191
 193 0004 9B00     		lsls	r3, r3, #2
 194 0006 0021     		movs	r1, #0
 195 0008 C150     		str	r1, [r0, r3]
 146:Drivers/STM32G0xx_HAL_Driver/Src/stm32g0xx_hal_pcd_ex.c **** 
 147:Drivers/STM32G0xx_HAL_Driver/Src/stm32g0xx_hal_pcd_ex.c ****   /* Disable BCD feature */
 148:Drivers/STM32G0xx_HAL_Driver/Src/stm32g0xx_hal_pcd_ex.c ****   USBx->BCDR &= ~(USB_BCDR_BCDEN);
 196              		.loc 1 148 3 is_stmt 1 view .LVU51
 197              		.loc 1 148 14 is_stmt 0 view .LVU52
 198 000a 936D     		ldr	r3, [r2, #88]
 199 000c 0131     		adds	r1, r1, #1
 200 000e 8B43     		bics	r3, r1
 201 0010 9365     		str	r3, [r2, #88]
 149:Drivers/STM32G0xx_HAL_Driver/Src/stm32g0xx_hal_pcd_ex.c **** 
 150:Drivers/STM32G0xx_HAL_Driver/Src/stm32g0xx_hal_pcd_ex.c ****   return HAL_OK;
 202              		.loc 1 150 3 is_stmt 1 view .LVU53
 151:Drivers/STM32G0xx_HAL_Driver/Src/stm32g0xx_hal_pcd_ex.c **** }
 203              		.loc 1 151 1 is_stmt 0 view .LVU54
 204 0012 0020     		movs	r0, #0
 205              	.LVL15:
 206              		.loc 1 151 1 view .LVU55
 207              		@ sp needed
 208 0014 7047     		bx	lr
 209              		.cfi_endproc
 210              	.LFE360:
 212              		.section	.text.HAL_PCDEx_ActivateLPM,"ax",%progbits
 213              		.align	1
 214              		.global	HAL_PCDEx_ActivateLPM
 215              		.syntax unified
 216              		.code	16
 217              		.thumb_func
 218              		.fpu softvfp
 220              	HAL_PCDEx_ActivateLPM:
 221              	.LVL16:
 222              	.LFB362:
 152:Drivers/STM32G0xx_HAL_Driver/Src/stm32g0xx_hal_pcd_ex.c **** 
 153:Drivers/STM32G0xx_HAL_Driver/Src/stm32g0xx_hal_pcd_ex.c **** /**
 154:Drivers/STM32G0xx_HAL_Driver/Src/stm32g0xx_hal_pcd_ex.c ****   * @brief  Handle BatteryCharging Process.
 155:Drivers/STM32G0xx_HAL_Driver/Src/stm32g0xx_hal_pcd_ex.c ****   * @param  hpcd PCD handle
 156:Drivers/STM32G0xx_HAL_Driver/Src/stm32g0xx_hal_pcd_ex.c ****   * @retval HAL status
 157:Drivers/STM32G0xx_HAL_Driver/Src/stm32g0xx_hal_pcd_ex.c ****   */
 158:Drivers/STM32G0xx_HAL_Driver/Src/stm32g0xx_hal_pcd_ex.c **** void HAL_PCDEx_BCD_VBUSDetect(PCD_HandleTypeDef *hpcd)
 159:Drivers/STM32G0xx_HAL_Driver/Src/stm32g0xx_hal_pcd_ex.c **** {
 160:Drivers/STM32G0xx_HAL_Driver/Src/stm32g0xx_hal_pcd_ex.c ****   USB_DRD_TypeDef *USBx = hpcd->Instance;
 161:Drivers/STM32G0xx_HAL_Driver/Src/stm32g0xx_hal_pcd_ex.c ****   uint32_t tickstart = HAL_GetTick();
 162:Drivers/STM32G0xx_HAL_Driver/Src/stm32g0xx_hal_pcd_ex.c **** 
 163:Drivers/STM32G0xx_HAL_Driver/Src/stm32g0xx_hal_pcd_ex.c ****   /* Wait Detect flag or a timeout is happen*/
 164:Drivers/STM32G0xx_HAL_Driver/Src/stm32g0xx_hal_pcd_ex.c ****   while ((USBx->BCDR & USB_BCDR_DCDET) == 0U)
 165:Drivers/STM32G0xx_HAL_Driver/Src/stm32g0xx_hal_pcd_ex.c ****   {
 166:Drivers/STM32G0xx_HAL_Driver/Src/stm32g0xx_hal_pcd_ex.c ****     /* Check for the Timeout */
 167:Drivers/STM32G0xx_HAL_Driver/Src/stm32g0xx_hal_pcd_ex.c ****     if ((HAL_GetTick() - tickstart) > 1000U)
 168:Drivers/STM32G0xx_HAL_Driver/Src/stm32g0xx_hal_pcd_ex.c ****     {
 169:Drivers/STM32G0xx_HAL_Driver/Src/stm32g0xx_hal_pcd_ex.c **** #if (USE_HAL_PCD_REGISTER_CALLBACKS == 1U)
 170:Drivers/STM32G0xx_HAL_Driver/Src/stm32g0xx_hal_pcd_ex.c ****       hpcd->BCDCallback(hpcd, PCD_BCD_ERROR);
 171:Drivers/STM32G0xx_HAL_Driver/Src/stm32g0xx_hal_pcd_ex.c **** #else
 172:Drivers/STM32G0xx_HAL_Driver/Src/stm32g0xx_hal_pcd_ex.c ****       HAL_PCDEx_BCD_Callback(hpcd, PCD_BCD_ERROR);
ARM GAS  /tmp/cc5TOUmR.s 			page 8


 173:Drivers/STM32G0xx_HAL_Driver/Src/stm32g0xx_hal_pcd_ex.c **** #endif /* USE_HAL_PCD_REGISTER_CALLBACKS */
 174:Drivers/STM32G0xx_HAL_Driver/Src/stm32g0xx_hal_pcd_ex.c **** 
 175:Drivers/STM32G0xx_HAL_Driver/Src/stm32g0xx_hal_pcd_ex.c ****       return;
 176:Drivers/STM32G0xx_HAL_Driver/Src/stm32g0xx_hal_pcd_ex.c ****     }
 177:Drivers/STM32G0xx_HAL_Driver/Src/stm32g0xx_hal_pcd_ex.c ****   }
 178:Drivers/STM32G0xx_HAL_Driver/Src/stm32g0xx_hal_pcd_ex.c **** 
 179:Drivers/STM32G0xx_HAL_Driver/Src/stm32g0xx_hal_pcd_ex.c ****   HAL_Delay(200U);
 180:Drivers/STM32G0xx_HAL_Driver/Src/stm32g0xx_hal_pcd_ex.c **** 
 181:Drivers/STM32G0xx_HAL_Driver/Src/stm32g0xx_hal_pcd_ex.c ****   /* Data Pin Contact ? Check Detect flag */
 182:Drivers/STM32G0xx_HAL_Driver/Src/stm32g0xx_hal_pcd_ex.c ****   if ((USBx->BCDR & USB_BCDR_DCDET) == USB_BCDR_DCDET)
 183:Drivers/STM32G0xx_HAL_Driver/Src/stm32g0xx_hal_pcd_ex.c ****   {
 184:Drivers/STM32G0xx_HAL_Driver/Src/stm32g0xx_hal_pcd_ex.c **** #if (USE_HAL_PCD_REGISTER_CALLBACKS == 1U)
 185:Drivers/STM32G0xx_HAL_Driver/Src/stm32g0xx_hal_pcd_ex.c ****     hpcd->BCDCallback(hpcd, PCD_BCD_CONTACT_DETECTION);
 186:Drivers/STM32G0xx_HAL_Driver/Src/stm32g0xx_hal_pcd_ex.c **** #else
 187:Drivers/STM32G0xx_HAL_Driver/Src/stm32g0xx_hal_pcd_ex.c ****     HAL_PCDEx_BCD_Callback(hpcd, PCD_BCD_CONTACT_DETECTION);
 188:Drivers/STM32G0xx_HAL_Driver/Src/stm32g0xx_hal_pcd_ex.c **** #endif /* USE_HAL_PCD_REGISTER_CALLBACKS */
 189:Drivers/STM32G0xx_HAL_Driver/Src/stm32g0xx_hal_pcd_ex.c ****   }
 190:Drivers/STM32G0xx_HAL_Driver/Src/stm32g0xx_hal_pcd_ex.c ****   /* Primary detection: checks if connected to Standard Downstream Port
 191:Drivers/STM32G0xx_HAL_Driver/Src/stm32g0xx_hal_pcd_ex.c ****   (without charging capability) */
 192:Drivers/STM32G0xx_HAL_Driver/Src/stm32g0xx_hal_pcd_ex.c ****   USBx->BCDR &= ~(USB_BCDR_DCDEN);
 193:Drivers/STM32G0xx_HAL_Driver/Src/stm32g0xx_hal_pcd_ex.c ****   HAL_Delay(50U);
 194:Drivers/STM32G0xx_HAL_Driver/Src/stm32g0xx_hal_pcd_ex.c ****   USBx->BCDR |= (USB_BCDR_PDEN);
 195:Drivers/STM32G0xx_HAL_Driver/Src/stm32g0xx_hal_pcd_ex.c ****   HAL_Delay(50U);
 196:Drivers/STM32G0xx_HAL_Driver/Src/stm32g0xx_hal_pcd_ex.c **** 
 197:Drivers/STM32G0xx_HAL_Driver/Src/stm32g0xx_hal_pcd_ex.c ****   /* If Charger detect ? */
 198:Drivers/STM32G0xx_HAL_Driver/Src/stm32g0xx_hal_pcd_ex.c ****   if ((USBx->BCDR & USB_BCDR_PDET) == USB_BCDR_PDET)
 199:Drivers/STM32G0xx_HAL_Driver/Src/stm32g0xx_hal_pcd_ex.c ****   {
 200:Drivers/STM32G0xx_HAL_Driver/Src/stm32g0xx_hal_pcd_ex.c ****     /* Start secondary detection to check connection to Charging Downstream
 201:Drivers/STM32G0xx_HAL_Driver/Src/stm32g0xx_hal_pcd_ex.c ****     Port or Dedicated Charging Port */
 202:Drivers/STM32G0xx_HAL_Driver/Src/stm32g0xx_hal_pcd_ex.c ****     USBx->BCDR &= ~(USB_BCDR_PDEN);
 203:Drivers/STM32G0xx_HAL_Driver/Src/stm32g0xx_hal_pcd_ex.c ****     HAL_Delay(50U);
 204:Drivers/STM32G0xx_HAL_Driver/Src/stm32g0xx_hal_pcd_ex.c ****     USBx->BCDR |= (USB_BCDR_SDEN);
 205:Drivers/STM32G0xx_HAL_Driver/Src/stm32g0xx_hal_pcd_ex.c ****     HAL_Delay(50U);
 206:Drivers/STM32G0xx_HAL_Driver/Src/stm32g0xx_hal_pcd_ex.c **** 
 207:Drivers/STM32G0xx_HAL_Driver/Src/stm32g0xx_hal_pcd_ex.c ****     /* If CDP ? */
 208:Drivers/STM32G0xx_HAL_Driver/Src/stm32g0xx_hal_pcd_ex.c ****     if ((USBx->BCDR & USB_BCDR_SDET) == USB_BCDR_SDET)
 209:Drivers/STM32G0xx_HAL_Driver/Src/stm32g0xx_hal_pcd_ex.c ****     {
 210:Drivers/STM32G0xx_HAL_Driver/Src/stm32g0xx_hal_pcd_ex.c ****       /* Dedicated Downstream Port DCP */
 211:Drivers/STM32G0xx_HAL_Driver/Src/stm32g0xx_hal_pcd_ex.c **** #if (USE_HAL_PCD_REGISTER_CALLBACKS == 1U)
 212:Drivers/STM32G0xx_HAL_Driver/Src/stm32g0xx_hal_pcd_ex.c ****       hpcd->BCDCallback(hpcd, PCD_BCD_DEDICATED_CHARGING_PORT);
 213:Drivers/STM32G0xx_HAL_Driver/Src/stm32g0xx_hal_pcd_ex.c **** #else
 214:Drivers/STM32G0xx_HAL_Driver/Src/stm32g0xx_hal_pcd_ex.c ****       HAL_PCDEx_BCD_Callback(hpcd, PCD_BCD_DEDICATED_CHARGING_PORT);
 215:Drivers/STM32G0xx_HAL_Driver/Src/stm32g0xx_hal_pcd_ex.c **** #endif /* USE_HAL_PCD_REGISTER_CALLBACKS */
 216:Drivers/STM32G0xx_HAL_Driver/Src/stm32g0xx_hal_pcd_ex.c ****     }
 217:Drivers/STM32G0xx_HAL_Driver/Src/stm32g0xx_hal_pcd_ex.c ****     else
 218:Drivers/STM32G0xx_HAL_Driver/Src/stm32g0xx_hal_pcd_ex.c ****     {
 219:Drivers/STM32G0xx_HAL_Driver/Src/stm32g0xx_hal_pcd_ex.c ****       /* Charging Downstream Port CDP */
 220:Drivers/STM32G0xx_HAL_Driver/Src/stm32g0xx_hal_pcd_ex.c **** #if (USE_HAL_PCD_REGISTER_CALLBACKS == 1U)
 221:Drivers/STM32G0xx_HAL_Driver/Src/stm32g0xx_hal_pcd_ex.c ****       hpcd->BCDCallback(hpcd, PCD_BCD_CHARGING_DOWNSTREAM_PORT);
 222:Drivers/STM32G0xx_HAL_Driver/Src/stm32g0xx_hal_pcd_ex.c **** #else
 223:Drivers/STM32G0xx_HAL_Driver/Src/stm32g0xx_hal_pcd_ex.c ****       HAL_PCDEx_BCD_Callback(hpcd, PCD_BCD_CHARGING_DOWNSTREAM_PORT);
 224:Drivers/STM32G0xx_HAL_Driver/Src/stm32g0xx_hal_pcd_ex.c **** #endif /* USE_HAL_PCD_REGISTER_CALLBACKS */
 225:Drivers/STM32G0xx_HAL_Driver/Src/stm32g0xx_hal_pcd_ex.c ****     }
 226:Drivers/STM32G0xx_HAL_Driver/Src/stm32g0xx_hal_pcd_ex.c ****   }
 227:Drivers/STM32G0xx_HAL_Driver/Src/stm32g0xx_hal_pcd_ex.c ****   else /* NO */
 228:Drivers/STM32G0xx_HAL_Driver/Src/stm32g0xx_hal_pcd_ex.c ****   {
 229:Drivers/STM32G0xx_HAL_Driver/Src/stm32g0xx_hal_pcd_ex.c ****     /* Standard Downstream Port */
ARM GAS  /tmp/cc5TOUmR.s 			page 9


 230:Drivers/STM32G0xx_HAL_Driver/Src/stm32g0xx_hal_pcd_ex.c **** #if (USE_HAL_PCD_REGISTER_CALLBACKS == 1U)
 231:Drivers/STM32G0xx_HAL_Driver/Src/stm32g0xx_hal_pcd_ex.c ****     hpcd->BCDCallback(hpcd, PCD_BCD_STD_DOWNSTREAM_PORT);
 232:Drivers/STM32G0xx_HAL_Driver/Src/stm32g0xx_hal_pcd_ex.c **** #else
 233:Drivers/STM32G0xx_HAL_Driver/Src/stm32g0xx_hal_pcd_ex.c ****     HAL_PCDEx_BCD_Callback(hpcd, PCD_BCD_STD_DOWNSTREAM_PORT);
 234:Drivers/STM32G0xx_HAL_Driver/Src/stm32g0xx_hal_pcd_ex.c **** #endif /* USE_HAL_PCD_REGISTER_CALLBACKS */
 235:Drivers/STM32G0xx_HAL_Driver/Src/stm32g0xx_hal_pcd_ex.c ****   }
 236:Drivers/STM32G0xx_HAL_Driver/Src/stm32g0xx_hal_pcd_ex.c **** 
 237:Drivers/STM32G0xx_HAL_Driver/Src/stm32g0xx_hal_pcd_ex.c ****   /* Battery Charging capability discovery finished Start Enumeration */
 238:Drivers/STM32G0xx_HAL_Driver/Src/stm32g0xx_hal_pcd_ex.c ****   (void)HAL_PCDEx_DeActivateBCD(hpcd);
 239:Drivers/STM32G0xx_HAL_Driver/Src/stm32g0xx_hal_pcd_ex.c **** #if (USE_HAL_PCD_REGISTER_CALLBACKS == 1U)
 240:Drivers/STM32G0xx_HAL_Driver/Src/stm32g0xx_hal_pcd_ex.c ****   hpcd->BCDCallback(hpcd, PCD_BCD_DISCOVERY_COMPLETED);
 241:Drivers/STM32G0xx_HAL_Driver/Src/stm32g0xx_hal_pcd_ex.c **** #else
 242:Drivers/STM32G0xx_HAL_Driver/Src/stm32g0xx_hal_pcd_ex.c ****   HAL_PCDEx_BCD_Callback(hpcd, PCD_BCD_DISCOVERY_COMPLETED);
 243:Drivers/STM32G0xx_HAL_Driver/Src/stm32g0xx_hal_pcd_ex.c **** #endif /* USE_HAL_PCD_REGISTER_CALLBACKS */
 244:Drivers/STM32G0xx_HAL_Driver/Src/stm32g0xx_hal_pcd_ex.c **** }
 245:Drivers/STM32G0xx_HAL_Driver/Src/stm32g0xx_hal_pcd_ex.c **** 
 246:Drivers/STM32G0xx_HAL_Driver/Src/stm32g0xx_hal_pcd_ex.c **** 
 247:Drivers/STM32G0xx_HAL_Driver/Src/stm32g0xx_hal_pcd_ex.c **** /**
 248:Drivers/STM32G0xx_HAL_Driver/Src/stm32g0xx_hal_pcd_ex.c ****   * @brief  Activate LPM feature.
 249:Drivers/STM32G0xx_HAL_Driver/Src/stm32g0xx_hal_pcd_ex.c ****   * @param  hpcd PCD handle
 250:Drivers/STM32G0xx_HAL_Driver/Src/stm32g0xx_hal_pcd_ex.c ****   * @retval HAL status
 251:Drivers/STM32G0xx_HAL_Driver/Src/stm32g0xx_hal_pcd_ex.c ****   */
 252:Drivers/STM32G0xx_HAL_Driver/Src/stm32g0xx_hal_pcd_ex.c **** HAL_StatusTypeDef HAL_PCDEx_ActivateLPM(PCD_HandleTypeDef *hpcd)
 253:Drivers/STM32G0xx_HAL_Driver/Src/stm32g0xx_hal_pcd_ex.c **** {
 223              		.loc 1 253 1 is_stmt 1 view -0
 224              		.cfi_startproc
 225              		@ args = 0, pretend = 0, frame = 0
 226              		@ frame_needed = 0, uses_anonymous_args = 0
 227              		.loc 1 253 1 is_stmt 0 view .LVU57
 228 0000 10B5     		push	{r4, lr}
 229              	.LCFI1:
 230              		.cfi_def_cfa_offset 8
 231              		.cfi_offset 4, -8
 232              		.cfi_offset 14, -4
 254:Drivers/STM32G0xx_HAL_Driver/Src/stm32g0xx_hal_pcd_ex.c **** 
 255:Drivers/STM32G0xx_HAL_Driver/Src/stm32g0xx_hal_pcd_ex.c ****   USB_DRD_TypeDef *USBx = hpcd->Instance;
 233              		.loc 1 255 3 is_stmt 1 view .LVU58
 234              		.loc 1 255 20 is_stmt 0 view .LVU59
 235 0002 0368     		ldr	r3, [r0]
 236              	.LVL17:
 256:Drivers/STM32G0xx_HAL_Driver/Src/stm32g0xx_hal_pcd_ex.c ****   hpcd->lpm_active = 1U;
 237              		.loc 1 256 3 is_stmt 1 view .LVU60
 238              		.loc 1 256 20 is_stmt 0 view .LVU61
 239 0004 0121     		movs	r1, #1
 240 0006 BE22     		movs	r2, #190
 241 0008 9200     		lsls	r2, r2, #2
 242 000a 8150     		str	r1, [r0, r2]
 257:Drivers/STM32G0xx_HAL_Driver/Src/stm32g0xx_hal_pcd_ex.c ****   hpcd->LPM_State = LPM_L0;
 243              		.loc 1 257 3 is_stmt 1 view .LVU62
 244              		.loc 1 257 19 is_stmt 0 view .LVU63
 245 000c 083A     		subs	r2, r2, #8
 246 000e 0024     		movs	r4, #0
 247 0010 8454     		strb	r4, [r0, r2]
 258:Drivers/STM32G0xx_HAL_Driver/Src/stm32g0xx_hal_pcd_ex.c **** 
 259:Drivers/STM32G0xx_HAL_Driver/Src/stm32g0xx_hal_pcd_ex.c ****   USBx->LPMCSR |= USB_LPMCSR_LMPEN;
 248              		.loc 1 259 3 is_stmt 1 view .LVU64
 249              		.loc 1 259 16 is_stmt 0 view .LVU65
ARM GAS  /tmp/cc5TOUmR.s 			page 10


 250 0012 5A6D     		ldr	r2, [r3, #84]
 251 0014 0A43     		orrs	r2, r1
 252 0016 5A65     		str	r2, [r3, #84]
 260:Drivers/STM32G0xx_HAL_Driver/Src/stm32g0xx_hal_pcd_ex.c ****   USBx->LPMCSR |= USB_LPMCSR_LPMACK;
 253              		.loc 1 260 3 is_stmt 1 view .LVU66
 254              		.loc 1 260 16 is_stmt 0 view .LVU67
 255 0018 5A6D     		ldr	r2, [r3, #84]
 256 001a 0131     		adds	r1, r1, #1
 257 001c 0A43     		orrs	r2, r1
 258 001e 5A65     		str	r2, [r3, #84]
 261:Drivers/STM32G0xx_HAL_Driver/Src/stm32g0xx_hal_pcd_ex.c **** 
 262:Drivers/STM32G0xx_HAL_Driver/Src/stm32g0xx_hal_pcd_ex.c ****   return HAL_OK;
 259              		.loc 1 262 3 is_stmt 1 view .LVU68
 263:Drivers/STM32G0xx_HAL_Driver/Src/stm32g0xx_hal_pcd_ex.c **** }
 260              		.loc 1 263 1 is_stmt 0 view .LVU69
 261 0020 0020     		movs	r0, #0
 262              	.LVL18:
 263              		.loc 1 263 1 view .LVU70
 264              		@ sp needed
 265 0022 10BD     		pop	{r4, pc}
 266              		.cfi_endproc
 267              	.LFE362:
 269              		.section	.text.HAL_PCDEx_DeActivateLPM,"ax",%progbits
 270              		.align	1
 271              		.global	HAL_PCDEx_DeActivateLPM
 272              		.syntax unified
 273              		.code	16
 274              		.thumb_func
 275              		.fpu softvfp
 277              	HAL_PCDEx_DeActivateLPM:
 278              	.LVL19:
 279              	.LFB363:
 264:Drivers/STM32G0xx_HAL_Driver/Src/stm32g0xx_hal_pcd_ex.c **** 
 265:Drivers/STM32G0xx_HAL_Driver/Src/stm32g0xx_hal_pcd_ex.c **** /**
 266:Drivers/STM32G0xx_HAL_Driver/Src/stm32g0xx_hal_pcd_ex.c ****   * @brief  Deactivate LPM feature.
 267:Drivers/STM32G0xx_HAL_Driver/Src/stm32g0xx_hal_pcd_ex.c ****   * @param  hpcd PCD handle
 268:Drivers/STM32G0xx_HAL_Driver/Src/stm32g0xx_hal_pcd_ex.c ****   * @retval HAL status
 269:Drivers/STM32G0xx_HAL_Driver/Src/stm32g0xx_hal_pcd_ex.c ****   */
 270:Drivers/STM32G0xx_HAL_Driver/Src/stm32g0xx_hal_pcd_ex.c **** HAL_StatusTypeDef HAL_PCDEx_DeActivateLPM(PCD_HandleTypeDef *hpcd)
 271:Drivers/STM32G0xx_HAL_Driver/Src/stm32g0xx_hal_pcd_ex.c **** {
 280              		.loc 1 271 1 is_stmt 1 view -0
 281              		.cfi_startproc
 282              		@ args = 0, pretend = 0, frame = 0
 283              		@ frame_needed = 0, uses_anonymous_args = 0
 284              		@ link register save eliminated.
 272:Drivers/STM32G0xx_HAL_Driver/Src/stm32g0xx_hal_pcd_ex.c ****   USB_DRD_TypeDef *USBx = hpcd->Instance;
 285              		.loc 1 272 3 view .LVU72
 286              		.loc 1 272 20 is_stmt 0 view .LVU73
 287 0000 0368     		ldr	r3, [r0]
 288              	.LVL20:
 273:Drivers/STM32G0xx_HAL_Driver/Src/stm32g0xx_hal_pcd_ex.c **** 
 274:Drivers/STM32G0xx_HAL_Driver/Src/stm32g0xx_hal_pcd_ex.c ****   hpcd->lpm_active = 0U;
 289              		.loc 1 274 3 is_stmt 1 view .LVU74
 290              		.loc 1 274 20 is_stmt 0 view .LVU75
 291 0002 BE22     		movs	r2, #190
 292 0004 9200     		lsls	r2, r2, #2
 293 0006 0021     		movs	r1, #0
ARM GAS  /tmp/cc5TOUmR.s 			page 11


 294 0008 8150     		str	r1, [r0, r2]
 275:Drivers/STM32G0xx_HAL_Driver/Src/stm32g0xx_hal_pcd_ex.c **** 
 276:Drivers/STM32G0xx_HAL_Driver/Src/stm32g0xx_hal_pcd_ex.c ****   USBx->LPMCSR &= ~(USB_LPMCSR_LMPEN);
 295              		.loc 1 276 3 is_stmt 1 view .LVU76
 296              		.loc 1 276 16 is_stmt 0 view .LVU77
 297 000a 5A6D     		ldr	r2, [r3, #84]
 298 000c 0131     		adds	r1, r1, #1
 299 000e 8A43     		bics	r2, r1
 300 0010 5A65     		str	r2, [r3, #84]
 277:Drivers/STM32G0xx_HAL_Driver/Src/stm32g0xx_hal_pcd_ex.c ****   USBx->LPMCSR &= ~(USB_LPMCSR_LPMACK);
 301              		.loc 1 277 3 is_stmt 1 view .LVU78
 302              		.loc 1 277 16 is_stmt 0 view .LVU79
 303 0012 5A6D     		ldr	r2, [r3, #84]
 304 0014 0131     		adds	r1, r1, #1
 305 0016 8A43     		bics	r2, r1
 306 0018 5A65     		str	r2, [r3, #84]
 278:Drivers/STM32G0xx_HAL_Driver/Src/stm32g0xx_hal_pcd_ex.c **** 
 279:Drivers/STM32G0xx_HAL_Driver/Src/stm32g0xx_hal_pcd_ex.c ****   return HAL_OK;
 307              		.loc 1 279 3 is_stmt 1 view .LVU80
 280:Drivers/STM32G0xx_HAL_Driver/Src/stm32g0xx_hal_pcd_ex.c **** }
 308              		.loc 1 280 1 is_stmt 0 view .LVU81
 309 001a 0020     		movs	r0, #0
 310              	.LVL21:
 311              		.loc 1 280 1 view .LVU82
 312              		@ sp needed
 313 001c 7047     		bx	lr
 314              		.cfi_endproc
 315              	.LFE363:
 317              		.section	.text.HAL_PCDEx_LPM_Callback,"ax",%progbits
 318              		.align	1
 319              		.weak	HAL_PCDEx_LPM_Callback
 320              		.syntax unified
 321              		.code	16
 322              		.thumb_func
 323              		.fpu softvfp
 325              	HAL_PCDEx_LPM_Callback:
 326              	.LVL22:
 327              	.LFB364:
 281:Drivers/STM32G0xx_HAL_Driver/Src/stm32g0xx_hal_pcd_ex.c **** 
 282:Drivers/STM32G0xx_HAL_Driver/Src/stm32g0xx_hal_pcd_ex.c **** 
 283:Drivers/STM32G0xx_HAL_Driver/Src/stm32g0xx_hal_pcd_ex.c **** 
 284:Drivers/STM32G0xx_HAL_Driver/Src/stm32g0xx_hal_pcd_ex.c **** /**
 285:Drivers/STM32G0xx_HAL_Driver/Src/stm32g0xx_hal_pcd_ex.c ****   * @brief  Send LPM message to user layer callback.
 286:Drivers/STM32G0xx_HAL_Driver/Src/stm32g0xx_hal_pcd_ex.c ****   * @param  hpcd PCD handle
 287:Drivers/STM32G0xx_HAL_Driver/Src/stm32g0xx_hal_pcd_ex.c ****   * @param  msg LPM message
 288:Drivers/STM32G0xx_HAL_Driver/Src/stm32g0xx_hal_pcd_ex.c ****   * @retval HAL status
 289:Drivers/STM32G0xx_HAL_Driver/Src/stm32g0xx_hal_pcd_ex.c ****   */
 290:Drivers/STM32G0xx_HAL_Driver/Src/stm32g0xx_hal_pcd_ex.c **** __weak void HAL_PCDEx_LPM_Callback(PCD_HandleTypeDef *hpcd, PCD_LPM_MsgTypeDef msg)
 291:Drivers/STM32G0xx_HAL_Driver/Src/stm32g0xx_hal_pcd_ex.c **** {
 328              		.loc 1 291 1 is_stmt 1 view -0
 329              		.cfi_startproc
 330              		@ args = 0, pretend = 0, frame = 0
 331              		@ frame_needed = 0, uses_anonymous_args = 0
 332              		@ link register save eliminated.
 292:Drivers/STM32G0xx_HAL_Driver/Src/stm32g0xx_hal_pcd_ex.c ****   /* Prevent unused argument(s) compilation warning */
 293:Drivers/STM32G0xx_HAL_Driver/Src/stm32g0xx_hal_pcd_ex.c ****   UNUSED(hpcd);
 333              		.loc 1 293 3 view .LVU84
ARM GAS  /tmp/cc5TOUmR.s 			page 12


 294:Drivers/STM32G0xx_HAL_Driver/Src/stm32g0xx_hal_pcd_ex.c ****   UNUSED(msg);
 334              		.loc 1 294 3 view .LVU85
 295:Drivers/STM32G0xx_HAL_Driver/Src/stm32g0xx_hal_pcd_ex.c **** 
 296:Drivers/STM32G0xx_HAL_Driver/Src/stm32g0xx_hal_pcd_ex.c ****   /* NOTE : This function should not be modified, when the callback is needed,
 297:Drivers/STM32G0xx_HAL_Driver/Src/stm32g0xx_hal_pcd_ex.c ****             the HAL_PCDEx_LPM_Callback could be implemented in the user file
 298:Drivers/STM32G0xx_HAL_Driver/Src/stm32g0xx_hal_pcd_ex.c ****    */
 299:Drivers/STM32G0xx_HAL_Driver/Src/stm32g0xx_hal_pcd_ex.c **** }
 335              		.loc 1 299 1 is_stmt 0 view .LVU86
 336              		@ sp needed
 337 0000 7047     		bx	lr
 338              		.cfi_endproc
 339              	.LFE364:
 341              		.section	.text.HAL_PCDEx_BCD_Callback,"ax",%progbits
 342              		.align	1
 343              		.weak	HAL_PCDEx_BCD_Callback
 344              		.syntax unified
 345              		.code	16
 346              		.thumb_func
 347              		.fpu softvfp
 349              	HAL_PCDEx_BCD_Callback:
 350              	.LVL23:
 351              	.LFB365:
 300:Drivers/STM32G0xx_HAL_Driver/Src/stm32g0xx_hal_pcd_ex.c **** 
 301:Drivers/STM32G0xx_HAL_Driver/Src/stm32g0xx_hal_pcd_ex.c **** /**
 302:Drivers/STM32G0xx_HAL_Driver/Src/stm32g0xx_hal_pcd_ex.c ****   * @brief  Send BatteryCharging message to user layer callback.
 303:Drivers/STM32G0xx_HAL_Driver/Src/stm32g0xx_hal_pcd_ex.c ****   * @param  hpcd PCD handle
 304:Drivers/STM32G0xx_HAL_Driver/Src/stm32g0xx_hal_pcd_ex.c ****   * @param  msg LPM message
 305:Drivers/STM32G0xx_HAL_Driver/Src/stm32g0xx_hal_pcd_ex.c ****   * @retval HAL status
 306:Drivers/STM32G0xx_HAL_Driver/Src/stm32g0xx_hal_pcd_ex.c ****   */
 307:Drivers/STM32G0xx_HAL_Driver/Src/stm32g0xx_hal_pcd_ex.c **** __weak void HAL_PCDEx_BCD_Callback(PCD_HandleTypeDef *hpcd, PCD_BCD_MsgTypeDef msg)
 308:Drivers/STM32G0xx_HAL_Driver/Src/stm32g0xx_hal_pcd_ex.c **** {
 352              		.loc 1 308 1 is_stmt 1 view -0
 353              		.cfi_startproc
 354              		@ args = 0, pretend = 0, frame = 0
 355              		@ frame_needed = 0, uses_anonymous_args = 0
 356              		@ link register save eliminated.
 309:Drivers/STM32G0xx_HAL_Driver/Src/stm32g0xx_hal_pcd_ex.c ****   /* Prevent unused argument(s) compilation warning */
 310:Drivers/STM32G0xx_HAL_Driver/Src/stm32g0xx_hal_pcd_ex.c ****   UNUSED(hpcd);
 357              		.loc 1 310 3 view .LVU88
 311:Drivers/STM32G0xx_HAL_Driver/Src/stm32g0xx_hal_pcd_ex.c ****   UNUSED(msg);
 358              		.loc 1 311 3 view .LVU89
 312:Drivers/STM32G0xx_HAL_Driver/Src/stm32g0xx_hal_pcd_ex.c **** 
 313:Drivers/STM32G0xx_HAL_Driver/Src/stm32g0xx_hal_pcd_ex.c ****   /* NOTE : This function should not be modified, when the callback is needed,
 314:Drivers/STM32G0xx_HAL_Driver/Src/stm32g0xx_hal_pcd_ex.c ****             the HAL_PCDEx_BCD_Callback could be implemented in the user file
 315:Drivers/STM32G0xx_HAL_Driver/Src/stm32g0xx_hal_pcd_ex.c ****    */
 316:Drivers/STM32G0xx_HAL_Driver/Src/stm32g0xx_hal_pcd_ex.c **** }
 359              		.loc 1 316 1 is_stmt 0 view .LVU90
 360              		@ sp needed
 361 0000 7047     		bx	lr
 362              		.cfi_endproc
 363              	.LFE365:
 365              		.section	.text.HAL_PCDEx_BCD_VBUSDetect,"ax",%progbits
 366              		.align	1
 367              		.global	HAL_PCDEx_BCD_VBUSDetect
 368              		.syntax unified
 369              		.code	16
 370              		.thumb_func
ARM GAS  /tmp/cc5TOUmR.s 			page 13


 371              		.fpu softvfp
 373              	HAL_PCDEx_BCD_VBUSDetect:
 374              	.LVL24:
 375              	.LFB361:
 159:Drivers/STM32G0xx_HAL_Driver/Src/stm32g0xx_hal_pcd_ex.c ****   USB_DRD_TypeDef *USBx = hpcd->Instance;
 376              		.loc 1 159 1 is_stmt 1 view -0
 377              		.cfi_startproc
 378              		@ args = 0, pretend = 0, frame = 0
 379              		@ frame_needed = 0, uses_anonymous_args = 0
 159:Drivers/STM32G0xx_HAL_Driver/Src/stm32g0xx_hal_pcd_ex.c ****   USB_DRD_TypeDef *USBx = hpcd->Instance;
 380              		.loc 1 159 1 is_stmt 0 view .LVU92
 381 0000 70B5     		push	{r4, r5, r6, lr}
 382              	.LCFI2:
 383              		.cfi_def_cfa_offset 16
 384              		.cfi_offset 4, -16
 385              		.cfi_offset 5, -12
 386              		.cfi_offset 6, -8
 387              		.cfi_offset 14, -4
 388 0002 0600     		movs	r6, r0
 160:Drivers/STM32G0xx_HAL_Driver/Src/stm32g0xx_hal_pcd_ex.c ****   uint32_t tickstart = HAL_GetTick();
 389              		.loc 1 160 3 is_stmt 1 view .LVU93
 160:Drivers/STM32G0xx_HAL_Driver/Src/stm32g0xx_hal_pcd_ex.c ****   uint32_t tickstart = HAL_GetTick();
 390              		.loc 1 160 20 is_stmt 0 view .LVU94
 391 0004 0468     		ldr	r4, [r0]
 392              	.LVL25:
 161:Drivers/STM32G0xx_HAL_Driver/Src/stm32g0xx_hal_pcd_ex.c **** 
 393              		.loc 1 161 3 is_stmt 1 view .LVU95
 161:Drivers/STM32G0xx_HAL_Driver/Src/stm32g0xx_hal_pcd_ex.c **** 
 394              		.loc 1 161 24 is_stmt 0 view .LVU96
 395 0006 FFF7FEFF 		bl	HAL_GetTick
 396              	.LVL26:
 161:Drivers/STM32G0xx_HAL_Driver/Src/stm32g0xx_hal_pcd_ex.c **** 
 397              		.loc 1 161 24 view .LVU97
 398 000a 0500     		movs	r5, r0
 399              	.LVL27:
 164:Drivers/STM32G0xx_HAL_Driver/Src/stm32g0xx_hal_pcd_ex.c ****   {
 400              		.loc 1 164 3 is_stmt 1 view .LVU98
 401              	.L13:
 164:Drivers/STM32G0xx_HAL_Driver/Src/stm32g0xx_hal_pcd_ex.c ****   {
 402              		.loc 1 164 40 view .LVU99
 164:Drivers/STM32G0xx_HAL_Driver/Src/stm32g0xx_hal_pcd_ex.c ****   {
 403              		.loc 1 164 15 is_stmt 0 view .LVU100
 404 000c A36D     		ldr	r3, [r4, #88]
 164:Drivers/STM32G0xx_HAL_Driver/Src/stm32g0xx_hal_pcd_ex.c ****   {
 405              		.loc 1 164 40 view .LVU101
 406 000e DB06     		lsls	r3, r3, #27
 407 0010 0BD4     		bmi	.L21
 167:Drivers/STM32G0xx_HAL_Driver/Src/stm32g0xx_hal_pcd_ex.c ****     {
 408              		.loc 1 167 5 is_stmt 1 view .LVU102
 167:Drivers/STM32G0xx_HAL_Driver/Src/stm32g0xx_hal_pcd_ex.c ****     {
 409              		.loc 1 167 10 is_stmt 0 view .LVU103
 410 0012 FFF7FEFF 		bl	HAL_GetTick
 411              	.LVL28:
 167:Drivers/STM32G0xx_HAL_Driver/Src/stm32g0xx_hal_pcd_ex.c ****     {
 412              		.loc 1 167 24 view .LVU104
 413 0016 401B     		subs	r0, r0, r5
 167:Drivers/STM32G0xx_HAL_Driver/Src/stm32g0xx_hal_pcd_ex.c ****     {
ARM GAS  /tmp/cc5TOUmR.s 			page 14


 414              		.loc 1 167 8 view .LVU105
 415 0018 FA23     		movs	r3, #250
 416 001a 9B00     		lsls	r3, r3, #2
 417 001c 9842     		cmp	r0, r3
 418 001e F5D9     		bls	.L13
 172:Drivers/STM32G0xx_HAL_Driver/Src/stm32g0xx_hal_pcd_ex.c **** #endif /* USE_HAL_PCD_REGISTER_CALLBACKS */
 419              		.loc 1 172 7 is_stmt 1 view .LVU106
 420 0020 FF21     		movs	r1, #255
 421 0022 3000     		movs	r0, r6
 422 0024 FFF7FEFF 		bl	HAL_PCDEx_BCD_Callback
 423              	.LVL29:
 175:Drivers/STM32G0xx_HAL_Driver/Src/stm32g0xx_hal_pcd_ex.c ****     }
 424              		.loc 1 175 7 view .LVU107
 425 0028 41E0     		b	.L12
 426              	.L21:
 179:Drivers/STM32G0xx_HAL_Driver/Src/stm32g0xx_hal_pcd_ex.c **** 
 427              		.loc 1 179 3 view .LVU108
 428 002a C820     		movs	r0, #200
 429 002c FFF7FEFF 		bl	HAL_Delay
 430              	.LVL30:
 182:Drivers/STM32G0xx_HAL_Driver/Src/stm32g0xx_hal_pcd_ex.c ****   {
 431              		.loc 1 182 3 view .LVU109
 182:Drivers/STM32G0xx_HAL_Driver/Src/stm32g0xx_hal_pcd_ex.c ****   {
 432              		.loc 1 182 12 is_stmt 0 view .LVU110
 433 0030 A36D     		ldr	r3, [r4, #88]
 182:Drivers/STM32G0xx_HAL_Driver/Src/stm32g0xx_hal_pcd_ex.c ****   {
 434              		.loc 1 182 6 view .LVU111
 435 0032 DB06     		lsls	r3, r3, #27
 436 0034 26D4     		bmi	.L22
 437              	.L16:
 192:Drivers/STM32G0xx_HAL_Driver/Src/stm32g0xx_hal_pcd_ex.c ****   HAL_Delay(50U);
 438              		.loc 1 192 3 is_stmt 1 view .LVU112
 192:Drivers/STM32G0xx_HAL_Driver/Src/stm32g0xx_hal_pcd_ex.c ****   HAL_Delay(50U);
 439              		.loc 1 192 14 is_stmt 0 view .LVU113
 440 0036 A36D     		ldr	r3, [r4, #88]
 441 0038 0222     		movs	r2, #2
 442 003a 9343     		bics	r3, r2
 443 003c A365     		str	r3, [r4, #88]
 193:Drivers/STM32G0xx_HAL_Driver/Src/stm32g0xx_hal_pcd_ex.c ****   USBx->BCDR |= (USB_BCDR_PDEN);
 444              		.loc 1 193 3 is_stmt 1 view .LVU114
 445 003e 3220     		movs	r0, #50
 446 0040 FFF7FEFF 		bl	HAL_Delay
 447              	.LVL31:
 194:Drivers/STM32G0xx_HAL_Driver/Src/stm32g0xx_hal_pcd_ex.c ****   HAL_Delay(50U);
 448              		.loc 1 194 3 view .LVU115
 194:Drivers/STM32G0xx_HAL_Driver/Src/stm32g0xx_hal_pcd_ex.c ****   HAL_Delay(50U);
 449              		.loc 1 194 14 is_stmt 0 view .LVU116
 450 0044 A36D     		ldr	r3, [r4, #88]
 451 0046 0422     		movs	r2, #4
 452 0048 1343     		orrs	r3, r2
 453 004a A365     		str	r3, [r4, #88]
 195:Drivers/STM32G0xx_HAL_Driver/Src/stm32g0xx_hal_pcd_ex.c **** 
 454              		.loc 1 195 3 is_stmt 1 view .LVU117
 455 004c 3220     		movs	r0, #50
 456 004e FFF7FEFF 		bl	HAL_Delay
 457              	.LVL32:
 198:Drivers/STM32G0xx_HAL_Driver/Src/stm32g0xx_hal_pcd_ex.c ****   {
ARM GAS  /tmp/cc5TOUmR.s 			page 15


 458              		.loc 1 198 3 view .LVU118
 198:Drivers/STM32G0xx_HAL_Driver/Src/stm32g0xx_hal_pcd_ex.c ****   {
 459              		.loc 1 198 12 is_stmt 0 view .LVU119
 460 0052 A36D     		ldr	r3, [r4, #88]
 198:Drivers/STM32G0xx_HAL_Driver/Src/stm32g0xx_hal_pcd_ex.c ****   {
 461              		.loc 1 198 6 view .LVU120
 462 0054 9B06     		lsls	r3, r3, #26
 463 0056 1FD5     		bpl	.L17
 202:Drivers/STM32G0xx_HAL_Driver/Src/stm32g0xx_hal_pcd_ex.c ****     HAL_Delay(50U);
 464              		.loc 1 202 5 is_stmt 1 view .LVU121
 202:Drivers/STM32G0xx_HAL_Driver/Src/stm32g0xx_hal_pcd_ex.c ****     HAL_Delay(50U);
 465              		.loc 1 202 16 is_stmt 0 view .LVU122
 466 0058 A36D     		ldr	r3, [r4, #88]
 467 005a 0422     		movs	r2, #4
 468 005c 9343     		bics	r3, r2
 469 005e A365     		str	r3, [r4, #88]
 203:Drivers/STM32G0xx_HAL_Driver/Src/stm32g0xx_hal_pcd_ex.c ****     USBx->BCDR |= (USB_BCDR_SDEN);
 470              		.loc 1 203 5 is_stmt 1 view .LVU123
 471 0060 3220     		movs	r0, #50
 472 0062 FFF7FEFF 		bl	HAL_Delay
 473              	.LVL33:
 204:Drivers/STM32G0xx_HAL_Driver/Src/stm32g0xx_hal_pcd_ex.c ****     HAL_Delay(50U);
 474              		.loc 1 204 5 view .LVU124
 204:Drivers/STM32G0xx_HAL_Driver/Src/stm32g0xx_hal_pcd_ex.c ****     HAL_Delay(50U);
 475              		.loc 1 204 16 is_stmt 0 view .LVU125
 476 0066 A36D     		ldr	r3, [r4, #88]
 477 0068 0822     		movs	r2, #8
 478 006a 1343     		orrs	r3, r2
 479 006c A365     		str	r3, [r4, #88]
 205:Drivers/STM32G0xx_HAL_Driver/Src/stm32g0xx_hal_pcd_ex.c **** 
 480              		.loc 1 205 5 is_stmt 1 view .LVU126
 481 006e 3220     		movs	r0, #50
 482 0070 FFF7FEFF 		bl	HAL_Delay
 483              	.LVL34:
 208:Drivers/STM32G0xx_HAL_Driver/Src/stm32g0xx_hal_pcd_ex.c ****     {
 484              		.loc 1 208 5 view .LVU127
 208:Drivers/STM32G0xx_HAL_Driver/Src/stm32g0xx_hal_pcd_ex.c ****     {
 485              		.loc 1 208 14 is_stmt 0 view .LVU128
 486 0074 A36D     		ldr	r3, [r4, #88]
 208:Drivers/STM32G0xx_HAL_Driver/Src/stm32g0xx_hal_pcd_ex.c ****     {
 487              		.loc 1 208 8 view .LVU129
 488 0076 5B06     		lsls	r3, r3, #25
 489 0078 09D5     		bpl	.L18
 214:Drivers/STM32G0xx_HAL_Driver/Src/stm32g0xx_hal_pcd_ex.c **** #endif /* USE_HAL_PCD_REGISTER_CALLBACKS */
 490              		.loc 1 214 7 is_stmt 1 view .LVU130
 491 007a FB21     		movs	r1, #251
 492 007c 3000     		movs	r0, r6
 493 007e FFF7FEFF 		bl	HAL_PCDEx_BCD_Callback
 494              	.LVL35:
 495 0082 0DE0     		b	.L19
 496              	.L22:
 187:Drivers/STM32G0xx_HAL_Driver/Src/stm32g0xx_hal_pcd_ex.c **** #endif /* USE_HAL_PCD_REGISTER_CALLBACKS */
 497              		.loc 1 187 5 view .LVU131
 498 0084 FE21     		movs	r1, #254
 499 0086 3000     		movs	r0, r6
 500 0088 FFF7FEFF 		bl	HAL_PCDEx_BCD_Callback
 501              	.LVL36:
ARM GAS  /tmp/cc5TOUmR.s 			page 16


 502 008c D3E7     		b	.L16
 503              	.L18:
 223:Drivers/STM32G0xx_HAL_Driver/Src/stm32g0xx_hal_pcd_ex.c **** #endif /* USE_HAL_PCD_REGISTER_CALLBACKS */
 504              		.loc 1 223 7 view .LVU132
 505 008e FC21     		movs	r1, #252
 506 0090 3000     		movs	r0, r6
 507 0092 FFF7FEFF 		bl	HAL_PCDEx_BCD_Callback
 508              	.LVL37:
 509 0096 03E0     		b	.L19
 510              	.L17:
 233:Drivers/STM32G0xx_HAL_Driver/Src/stm32g0xx_hal_pcd_ex.c **** #endif /* USE_HAL_PCD_REGISTER_CALLBACKS */
 511              		.loc 1 233 5 view .LVU133
 512 0098 FD21     		movs	r1, #253
 513 009a 3000     		movs	r0, r6
 514 009c FFF7FEFF 		bl	HAL_PCDEx_BCD_Callback
 515              	.LVL38:
 516              	.L19:
 238:Drivers/STM32G0xx_HAL_Driver/Src/stm32g0xx_hal_pcd_ex.c **** #if (USE_HAL_PCD_REGISTER_CALLBACKS == 1U)
 517              		.loc 1 238 3 view .LVU134
 238:Drivers/STM32G0xx_HAL_Driver/Src/stm32g0xx_hal_pcd_ex.c **** #if (USE_HAL_PCD_REGISTER_CALLBACKS == 1U)
 518              		.loc 1 238 9 is_stmt 0 view .LVU135
 519 00a0 3000     		movs	r0, r6
 520 00a2 FFF7FEFF 		bl	HAL_PCDEx_DeActivateBCD
 521              	.LVL39:
 242:Drivers/STM32G0xx_HAL_Driver/Src/stm32g0xx_hal_pcd_ex.c **** #endif /* USE_HAL_PCD_REGISTER_CALLBACKS */
 522              		.loc 1 242 3 is_stmt 1 view .LVU136
 523 00a6 0021     		movs	r1, #0
 524 00a8 3000     		movs	r0, r6
 525 00aa FFF7FEFF 		bl	HAL_PCDEx_BCD_Callback
 526              	.LVL40:
 527              	.L12:
 244:Drivers/STM32G0xx_HAL_Driver/Src/stm32g0xx_hal_pcd_ex.c **** 
 528              		.loc 1 244 1 is_stmt 0 view .LVU137
 529              		@ sp needed
 530              	.LVL41:
 531              	.LVL42:
 532              	.LVL43:
 244:Drivers/STM32G0xx_HAL_Driver/Src/stm32g0xx_hal_pcd_ex.c **** 
 533              		.loc 1 244 1 view .LVU138
 534 00ae 70BD     		pop	{r4, r5, r6, pc}
 535              		.cfi_endproc
 536              	.LFE361:
 538              		.text
 539              	.Letext0:
 540              		.file 2 "/usr/arm-none-eabi/include/machine/_default_types.h"
 541              		.file 3 "/usr/arm-none-eabi/include/sys/_stdint.h"
 542              		.file 4 "Drivers/CMSIS/Device/ST/STM32G0xx/Include/stm32g0b1xx.h"
 543              		.file 5 "Drivers/STM32G0xx_HAL_Driver/Inc/stm32g0xx_hal_def.h"
 544              		.file 6 "Drivers/STM32G0xx_HAL_Driver/Inc/stm32g0xx_ll_usb.h"
 545              		.file 7 "Drivers/STM32G0xx_HAL_Driver/Inc/stm32g0xx_hal_pcd.h"
 546              		.file 8 "Drivers/STM32G0xx_HAL_Driver/Inc/stm32g0xx_ll_dma.h"
 547              		.file 9 "Drivers/STM32G0xx_HAL_Driver/Inc/stm32g0xx_hal.h"
ARM GAS  /tmp/cc5TOUmR.s 			page 17


DEFINED SYMBOLS
                            *ABS*:0000000000000000 stm32g0xx_hal_pcd_ex.c
     /tmp/cc5TOUmR.s:16     .text.HAL_PCDEx_PMAConfig:0000000000000000 $t
     /tmp/cc5TOUmR.s:24     .text.HAL_PCDEx_PMAConfig:0000000000000000 HAL_PCDEx_PMAConfig
     /tmp/cc5TOUmR.s:112    .text.HAL_PCDEx_ActivateBCD:0000000000000000 $t
     /tmp/cc5TOUmR.s:119    .text.HAL_PCDEx_ActivateBCD:0000000000000000 HAL_PCDEx_ActivateBCD
     /tmp/cc5TOUmR.s:171    .text.HAL_PCDEx_DeActivateBCD:0000000000000000 $t
     /tmp/cc5TOUmR.s:178    .text.HAL_PCDEx_DeActivateBCD:0000000000000000 HAL_PCDEx_DeActivateBCD
     /tmp/cc5TOUmR.s:213    .text.HAL_PCDEx_ActivateLPM:0000000000000000 $t
     /tmp/cc5TOUmR.s:220    .text.HAL_PCDEx_ActivateLPM:0000000000000000 HAL_PCDEx_ActivateLPM
     /tmp/cc5TOUmR.s:270    .text.HAL_PCDEx_DeActivateLPM:0000000000000000 $t
     /tmp/cc5TOUmR.s:277    .text.HAL_PCDEx_DeActivateLPM:0000000000000000 HAL_PCDEx_DeActivateLPM
     /tmp/cc5TOUmR.s:318    .text.HAL_PCDEx_LPM_Callback:0000000000000000 $t
     /tmp/cc5TOUmR.s:325    .text.HAL_PCDEx_LPM_Callback:0000000000000000 HAL_PCDEx_LPM_Callback
     /tmp/cc5TOUmR.s:342    .text.HAL_PCDEx_BCD_Callback:0000000000000000 $t
     /tmp/cc5TOUmR.s:349    .text.HAL_PCDEx_BCD_Callback:0000000000000000 HAL_PCDEx_BCD_Callback
     /tmp/cc5TOUmR.s:366    .text.HAL_PCDEx_BCD_VBUSDetect:0000000000000000 $t
     /tmp/cc5TOUmR.s:373    .text.HAL_PCDEx_BCD_VBUSDetect:0000000000000000 HAL_PCDEx_BCD_VBUSDetect

UNDEFINED SYMBOLS
HAL_GetTick
HAL_Delay
