ARM GAS  /tmp/ccD3VkfN.s 			page 1


   1              		.cpu cortex-m0plus
   2              		.eabi_attribute 20, 1
   3              		.eabi_attribute 21, 1
   4              		.eabi_attribute 23, 3
   5              		.eabi_attribute 24, 1
   6              		.eabi_attribute 25, 1
   7              		.eabi_attribute 26, 1
   8              		.eabi_attribute 30, 1
   9              		.eabi_attribute 34, 0
  10              		.eabi_attribute 18, 4
  11              		.file	"stm32g0xx_hal_dma_ex.c"
  12              		.text
  13              	.Ltext0:
  14              		.cfi_sections	.debug_frame
  15              		.section	.text.HAL_DMAEx_ConfigMuxSync,"ax",%progbits
  16              		.align	1
  17              		.global	HAL_DMAEx_ConfigMuxSync
  18              		.arch armv6s-m
  19              		.syntax unified
  20              		.code	16
  21              		.thumb_func
  22              		.fpu softvfp
  24              	HAL_DMAEx_ConfigMuxSync:
  25              	.LVL0:
  26              	.LFB358:
  27              		.file 1 "Drivers/STM32G0xx_HAL_Driver/Src/stm32g0xx_hal_dma_ex.c"
   1:Drivers/STM32G0xx_HAL_Driver/Src/stm32g0xx_hal_dma_ex.c **** /**
   2:Drivers/STM32G0xx_HAL_Driver/Src/stm32g0xx_hal_dma_ex.c ****   ******************************************************************************
   3:Drivers/STM32G0xx_HAL_Driver/Src/stm32g0xx_hal_dma_ex.c ****   * @file    stm32g0xx_hal_dma_ex.c
   4:Drivers/STM32G0xx_HAL_Driver/Src/stm32g0xx_hal_dma_ex.c ****   * @author  MCD Application Team
   5:Drivers/STM32G0xx_HAL_Driver/Src/stm32g0xx_hal_dma_ex.c ****   * @brief   DMA Extension HAL module driver
   6:Drivers/STM32G0xx_HAL_Driver/Src/stm32g0xx_hal_dma_ex.c ****   *         This file provides firmware functions to manage the following
   7:Drivers/STM32G0xx_HAL_Driver/Src/stm32g0xx_hal_dma_ex.c ****   *         functionalities of the DMA Extension peripheral:
   8:Drivers/STM32G0xx_HAL_Driver/Src/stm32g0xx_hal_dma_ex.c ****   *           + Extended features functions
   9:Drivers/STM32G0xx_HAL_Driver/Src/stm32g0xx_hal_dma_ex.c ****   *
  10:Drivers/STM32G0xx_HAL_Driver/Src/stm32g0xx_hal_dma_ex.c ****   @verbatim
  11:Drivers/STM32G0xx_HAL_Driver/Src/stm32g0xx_hal_dma_ex.c ****   ==============================================================================
  12:Drivers/STM32G0xx_HAL_Driver/Src/stm32g0xx_hal_dma_ex.c ****                         ##### How to use this driver #####
  13:Drivers/STM32G0xx_HAL_Driver/Src/stm32g0xx_hal_dma_ex.c ****   ==============================================================================
  14:Drivers/STM32G0xx_HAL_Driver/Src/stm32g0xx_hal_dma_ex.c ****   [..]
  15:Drivers/STM32G0xx_HAL_Driver/Src/stm32g0xx_hal_dma_ex.c ****   The DMA Extension HAL driver can be used as follows:
  16:Drivers/STM32G0xx_HAL_Driver/Src/stm32g0xx_hal_dma_ex.c ****    (+) Configure the DMAMUX Synchronization Block using HAL_DMAEx_ConfigMuxSync function.
  17:Drivers/STM32G0xx_HAL_Driver/Src/stm32g0xx_hal_dma_ex.c ****    (+) Configure the DMAMUX Request Generator Block using HAL_DMAEx_ConfigMuxRequestGenerator funct
  18:Drivers/STM32G0xx_HAL_Driver/Src/stm32g0xx_hal_dma_ex.c ****        Functions HAL_DMAEx_EnableMuxRequestGenerator and HAL_DMAEx_DisableMuxRequestGenerator can t
  19:Drivers/STM32G0xx_HAL_Driver/Src/stm32g0xx_hal_dma_ex.c ****        to respectively enable/disable the request generator.
  20:Drivers/STM32G0xx_HAL_Driver/Src/stm32g0xx_hal_dma_ex.c **** 
  21:Drivers/STM32G0xx_HAL_Driver/Src/stm32g0xx_hal_dma_ex.c ****    (+) To handle the DMAMUX Interrupts, the function  HAL_DMAEx_MUX_IRQHandler should be called fro
  22:Drivers/STM32G0xx_HAL_Driver/Src/stm32g0xx_hal_dma_ex.c ****        the DMAMUX IRQ handler i.e DMAMUX1_OVR_IRQHandler.
  23:Drivers/STM32G0xx_HAL_Driver/Src/stm32g0xx_hal_dma_ex.c ****        As only one interrupt line is available for all DMAMUX channels and request generators , HAL
  24:Drivers/STM32G0xx_HAL_Driver/Src/stm32g0xx_hal_dma_ex.c ****        called with, as parameter, the appropriate DMA handle as many as used DMAs in the user proje
  25:Drivers/STM32G0xx_HAL_Driver/Src/stm32g0xx_hal_dma_ex.c ****       (exception done if a given DMA is not using the DMAMUX SYNC block neither a request generator
  26:Drivers/STM32G0xx_HAL_Driver/Src/stm32g0xx_hal_dma_ex.c **** 
  27:Drivers/STM32G0xx_HAL_Driver/Src/stm32g0xx_hal_dma_ex.c ****   @endverbatim
  28:Drivers/STM32G0xx_HAL_Driver/Src/stm32g0xx_hal_dma_ex.c ****   ******************************************************************************
  29:Drivers/STM32G0xx_HAL_Driver/Src/stm32g0xx_hal_dma_ex.c ****   * @attention
  30:Drivers/STM32G0xx_HAL_Driver/Src/stm32g0xx_hal_dma_ex.c ****   *
  31:Drivers/STM32G0xx_HAL_Driver/Src/stm32g0xx_hal_dma_ex.c ****   * <h2><center>&copy; Copyright (c) 2018 STMicroelectronics.
ARM GAS  /tmp/ccD3VkfN.s 			page 2


  32:Drivers/STM32G0xx_HAL_Driver/Src/stm32g0xx_hal_dma_ex.c ****   * All rights reserved.</center></h2>
  33:Drivers/STM32G0xx_HAL_Driver/Src/stm32g0xx_hal_dma_ex.c ****   *
  34:Drivers/STM32G0xx_HAL_Driver/Src/stm32g0xx_hal_dma_ex.c ****   * This software component is licensed by ST under BSD 3-Clause license,
  35:Drivers/STM32G0xx_HAL_Driver/Src/stm32g0xx_hal_dma_ex.c ****   * the "License"; You may not use this file except in compliance with the
  36:Drivers/STM32G0xx_HAL_Driver/Src/stm32g0xx_hal_dma_ex.c ****   * License. You may obtain a copy of the License at:
  37:Drivers/STM32G0xx_HAL_Driver/Src/stm32g0xx_hal_dma_ex.c ****   *                        opensource.org/licenses/BSD-3-Clause
  38:Drivers/STM32G0xx_HAL_Driver/Src/stm32g0xx_hal_dma_ex.c ****   *
  39:Drivers/STM32G0xx_HAL_Driver/Src/stm32g0xx_hal_dma_ex.c ****   ******************************************************************************
  40:Drivers/STM32G0xx_HAL_Driver/Src/stm32g0xx_hal_dma_ex.c ****   */
  41:Drivers/STM32G0xx_HAL_Driver/Src/stm32g0xx_hal_dma_ex.c **** 
  42:Drivers/STM32G0xx_HAL_Driver/Src/stm32g0xx_hal_dma_ex.c **** /* Includes ------------------------------------------------------------------*/
  43:Drivers/STM32G0xx_HAL_Driver/Src/stm32g0xx_hal_dma_ex.c **** #include "stm32g0xx_hal.h"
  44:Drivers/STM32G0xx_HAL_Driver/Src/stm32g0xx_hal_dma_ex.c **** 
  45:Drivers/STM32G0xx_HAL_Driver/Src/stm32g0xx_hal_dma_ex.c **** /** @addtogroup STM32G0xx_HAL_Driver
  46:Drivers/STM32G0xx_HAL_Driver/Src/stm32g0xx_hal_dma_ex.c ****   * @{
  47:Drivers/STM32G0xx_HAL_Driver/Src/stm32g0xx_hal_dma_ex.c ****   */
  48:Drivers/STM32G0xx_HAL_Driver/Src/stm32g0xx_hal_dma_ex.c **** 
  49:Drivers/STM32G0xx_HAL_Driver/Src/stm32g0xx_hal_dma_ex.c **** /** @defgroup DMAEx DMAEx
  50:Drivers/STM32G0xx_HAL_Driver/Src/stm32g0xx_hal_dma_ex.c ****   * @brief DMA Extended HAL module driver
  51:Drivers/STM32G0xx_HAL_Driver/Src/stm32g0xx_hal_dma_ex.c ****   * @{
  52:Drivers/STM32G0xx_HAL_Driver/Src/stm32g0xx_hal_dma_ex.c ****   */
  53:Drivers/STM32G0xx_HAL_Driver/Src/stm32g0xx_hal_dma_ex.c **** 
  54:Drivers/STM32G0xx_HAL_Driver/Src/stm32g0xx_hal_dma_ex.c **** #ifdef HAL_DMA_MODULE_ENABLED
  55:Drivers/STM32G0xx_HAL_Driver/Src/stm32g0xx_hal_dma_ex.c **** 
  56:Drivers/STM32G0xx_HAL_Driver/Src/stm32g0xx_hal_dma_ex.c **** /* Private typedef -----------------------------------------------------------*/
  57:Drivers/STM32G0xx_HAL_Driver/Src/stm32g0xx_hal_dma_ex.c **** /* Private define ------------------------------------------------------------*/
  58:Drivers/STM32G0xx_HAL_Driver/Src/stm32g0xx_hal_dma_ex.c **** /* Private macro -------------------------------------------------------------*/
  59:Drivers/STM32G0xx_HAL_Driver/Src/stm32g0xx_hal_dma_ex.c **** /* Private variables ---------------------------------------------------------*/
  60:Drivers/STM32G0xx_HAL_Driver/Src/stm32g0xx_hal_dma_ex.c **** /* Private Constants ---------------------------------------------------------*/
  61:Drivers/STM32G0xx_HAL_Driver/Src/stm32g0xx_hal_dma_ex.c **** /* Private function prototypes -----------------------------------------------*/
  62:Drivers/STM32G0xx_HAL_Driver/Src/stm32g0xx_hal_dma_ex.c **** /* Exported functions --------------------------------------------------------*/
  63:Drivers/STM32G0xx_HAL_Driver/Src/stm32g0xx_hal_dma_ex.c **** 
  64:Drivers/STM32G0xx_HAL_Driver/Src/stm32g0xx_hal_dma_ex.c **** 
  65:Drivers/STM32G0xx_HAL_Driver/Src/stm32g0xx_hal_dma_ex.c **** /** @defgroup DMAEx_Exported_Functions DMAEx Exported Functions
  66:Drivers/STM32G0xx_HAL_Driver/Src/stm32g0xx_hal_dma_ex.c ****   * @{
  67:Drivers/STM32G0xx_HAL_Driver/Src/stm32g0xx_hal_dma_ex.c ****   */
  68:Drivers/STM32G0xx_HAL_Driver/Src/stm32g0xx_hal_dma_ex.c **** 
  69:Drivers/STM32G0xx_HAL_Driver/Src/stm32g0xx_hal_dma_ex.c **** /** @defgroup DMAEx_Exported_Functions_Group1 DMAEx Extended features functions
  70:Drivers/STM32G0xx_HAL_Driver/Src/stm32g0xx_hal_dma_ex.c ****  *  @brief   Extended features functions
  71:Drivers/STM32G0xx_HAL_Driver/Src/stm32g0xx_hal_dma_ex.c ****  *
  72:Drivers/STM32G0xx_HAL_Driver/Src/stm32g0xx_hal_dma_ex.c **** @verbatim
  73:Drivers/STM32G0xx_HAL_Driver/Src/stm32g0xx_hal_dma_ex.c ****  ===============================================================================
  74:Drivers/STM32G0xx_HAL_Driver/Src/stm32g0xx_hal_dma_ex.c ****                 #####  Extended features functions  #####
  75:Drivers/STM32G0xx_HAL_Driver/Src/stm32g0xx_hal_dma_ex.c ****  ===============================================================================
  76:Drivers/STM32G0xx_HAL_Driver/Src/stm32g0xx_hal_dma_ex.c ****     [..]  This section provides functions allowing to:
  77:Drivers/STM32G0xx_HAL_Driver/Src/stm32g0xx_hal_dma_ex.c **** 
  78:Drivers/STM32G0xx_HAL_Driver/Src/stm32g0xx_hal_dma_ex.c ****     (+) Configure the DMAMUX Synchronization Block using HAL_DMAEx_ConfigMuxSync function.
  79:Drivers/STM32G0xx_HAL_Driver/Src/stm32g0xx_hal_dma_ex.c ****     (+) Configure the DMAMUX Request Generator Block using HAL_DMAEx_ConfigMuxRequestGenerator func
  80:Drivers/STM32G0xx_HAL_Driver/Src/stm32g0xx_hal_dma_ex.c ****        Functions HAL_DMAEx_EnableMuxRequestGenerator and HAL_DMAEx_DisableMuxRequestGenerator can t
  81:Drivers/STM32G0xx_HAL_Driver/Src/stm32g0xx_hal_dma_ex.c ****        to respectively enable/disable the request generator.
  82:Drivers/STM32G0xx_HAL_Driver/Src/stm32g0xx_hal_dma_ex.c ****     (+) Handle DMAMUX interrupts using HAL_DMAEx_MUX_IRQHandler : should be called from
  83:Drivers/STM32G0xx_HAL_Driver/Src/stm32g0xx_hal_dma_ex.c ****         the DMAMUX IRQ handler
  84:Drivers/STM32G0xx_HAL_Driver/Src/stm32g0xx_hal_dma_ex.c **** 
  85:Drivers/STM32G0xx_HAL_Driver/Src/stm32g0xx_hal_dma_ex.c **** @endverbatim
  86:Drivers/STM32G0xx_HAL_Driver/Src/stm32g0xx_hal_dma_ex.c ****   * @{
  87:Drivers/STM32G0xx_HAL_Driver/Src/stm32g0xx_hal_dma_ex.c ****   */
  88:Drivers/STM32G0xx_HAL_Driver/Src/stm32g0xx_hal_dma_ex.c **** 
ARM GAS  /tmp/ccD3VkfN.s 			page 3


  89:Drivers/STM32G0xx_HAL_Driver/Src/stm32g0xx_hal_dma_ex.c **** /**
  90:Drivers/STM32G0xx_HAL_Driver/Src/stm32g0xx_hal_dma_ex.c ****   * @brief Configure the DMAMUX synchronization parameters for a given DMA channel (instance).
  91:Drivers/STM32G0xx_HAL_Driver/Src/stm32g0xx_hal_dma_ex.c ****   * @param hdma Pointer to a DMA_HandleTypeDef structure that contains
  92:Drivers/STM32G0xx_HAL_Driver/Src/stm32g0xx_hal_dma_ex.c ****   *             the configuration information for the specified DMA channel.
  93:Drivers/STM32G0xx_HAL_Driver/Src/stm32g0xx_hal_dma_ex.c ****   * @param pSyncConfig Pointer to HAL_DMA_MuxSyncConfigTypeDef contains the DMAMUX synchronization 
  94:Drivers/STM32G0xx_HAL_Driver/Src/stm32g0xx_hal_dma_ex.c ****   * @retval HAL status
  95:Drivers/STM32G0xx_HAL_Driver/Src/stm32g0xx_hal_dma_ex.c ****   */
  96:Drivers/STM32G0xx_HAL_Driver/Src/stm32g0xx_hal_dma_ex.c **** HAL_StatusTypeDef HAL_DMAEx_ConfigMuxSync(DMA_HandleTypeDef *hdma, HAL_DMA_MuxSyncConfigTypeDef *pS
  97:Drivers/STM32G0xx_HAL_Driver/Src/stm32g0xx_hal_dma_ex.c **** {
  28              		.loc 1 97 1 view -0
  29              		.cfi_startproc
  30              		@ args = 0, pretend = 0, frame = 0
  31              		@ frame_needed = 0, uses_anonymous_args = 0
  32              		.loc 1 97 1 is_stmt 0 view .LVU1
  33 0000 70B5     		push	{r4, r5, r6, lr}
  34              	.LCFI0:
  35              		.cfi_def_cfa_offset 16
  36              		.cfi_offset 4, -16
  37              		.cfi_offset 5, -12
  38              		.cfi_offset 6, -8
  39              		.cfi_offset 14, -4
  98:Drivers/STM32G0xx_HAL_Driver/Src/stm32g0xx_hal_dma_ex.c ****   /* Check the parameters */
  99:Drivers/STM32G0xx_HAL_Driver/Src/stm32g0xx_hal_dma_ex.c ****   assert_param(IS_DMA_ALL_INSTANCE(hdma->Instance));
  40              		.loc 1 99 3 is_stmt 1 view .LVU2
 100:Drivers/STM32G0xx_HAL_Driver/Src/stm32g0xx_hal_dma_ex.c **** 
 101:Drivers/STM32G0xx_HAL_Driver/Src/stm32g0xx_hal_dma_ex.c ****   assert_param(IS_DMAMUX_SYNC_SIGNAL_ID(pSyncConfig->SyncSignalID));
  41              		.loc 1 101 3 view .LVU3
 102:Drivers/STM32G0xx_HAL_Driver/Src/stm32g0xx_hal_dma_ex.c **** 
 103:Drivers/STM32G0xx_HAL_Driver/Src/stm32g0xx_hal_dma_ex.c ****   assert_param(IS_DMAMUX_SYNC_POLARITY(pSyncConfig-> SyncPolarity));
  42              		.loc 1 103 3 view .LVU4
 104:Drivers/STM32G0xx_HAL_Driver/Src/stm32g0xx_hal_dma_ex.c ****   assert_param(IS_DMAMUX_SYNC_STATE(pSyncConfig->SyncEnable));
  43              		.loc 1 104 3 view .LVU5
 105:Drivers/STM32G0xx_HAL_Driver/Src/stm32g0xx_hal_dma_ex.c ****   assert_param(IS_DMAMUX_SYNC_EVENT(pSyncConfig->EventEnable));
  44              		.loc 1 105 3 view .LVU6
 106:Drivers/STM32G0xx_HAL_Driver/Src/stm32g0xx_hal_dma_ex.c ****   assert_param(IS_DMAMUX_SYNC_REQUEST_NUMBER(pSyncConfig->RequestNumber));
  45              		.loc 1 106 3 view .LVU7
 107:Drivers/STM32G0xx_HAL_Driver/Src/stm32g0xx_hal_dma_ex.c **** 
 108:Drivers/STM32G0xx_HAL_Driver/Src/stm32g0xx_hal_dma_ex.c ****   /*Check if the DMA state is ready */
 109:Drivers/STM32G0xx_HAL_Driver/Src/stm32g0xx_hal_dma_ex.c ****   if (hdma->State == HAL_DMA_STATE_READY)
  46              		.loc 1 109 3 view .LVU8
  47              		.loc 1 109 11 is_stmt 0 view .LVU9
  48 0002 2523     		movs	r3, #37
  49 0004 C35C     		ldrb	r3, [r0, r3]
  50              		.loc 1 109 6 view .LVU10
  51 0006 012B     		cmp	r3, #1
  52 0008 1DD1     		bne	.L2
 110:Drivers/STM32G0xx_HAL_Driver/Src/stm32g0xx_hal_dma_ex.c ****   {
 111:Drivers/STM32G0xx_HAL_Driver/Src/stm32g0xx_hal_dma_ex.c ****     /* Process Locked */
 112:Drivers/STM32G0xx_HAL_Driver/Src/stm32g0xx_hal_dma_ex.c ****     __HAL_LOCK(hdma);
  53              		.loc 1 112 5 is_stmt 1 view .LVU11
  54              		.loc 1 112 5 view .LVU12
  55 000a 2333     		adds	r3, r3, #35
  56 000c C35C     		ldrb	r3, [r0, r3]
  57 000e 012B     		cmp	r3, #1
  58 0010 1DD0     		beq	.L4
  59              		.loc 1 112 5 discriminator 2 view .LVU13
  60 0012 2424     		movs	r4, #36
ARM GAS  /tmp/ccD3VkfN.s 			page 4


  61 0014 0123     		movs	r3, #1
  62 0016 0355     		strb	r3, [r0, r4]
  63              		.loc 1 112 5 discriminator 2 view .LVU14
 113:Drivers/STM32G0xx_HAL_Driver/Src/stm32g0xx_hal_dma_ex.c **** 
 114:Drivers/STM32G0xx_HAL_Driver/Src/stm32g0xx_hal_dma_ex.c ****     /* Set the new synchronization parameters (and keep the request ID filled during the Init)*/
 115:Drivers/STM32G0xx_HAL_Driver/Src/stm32g0xx_hal_dma_ex.c ****     MODIFY_REG(hdma->DMAmuxChannel->CCR, \
  64              		.loc 1 115 5 discriminator 2 view .LVU15
  65 0018 856C     		ldr	r5, [r0, #72]
  66 001a 2E68     		ldr	r6, [r5]
  67 001c 7E33     		adds	r3, r3, #126
  68 001e 1E40     		ands	r6, r3
  69 0020 0B68     		ldr	r3, [r1]
  70 0022 CA68     		ldr	r2, [r1, #12]
  71 0024 013A     		subs	r2, r2, #1
  72 0026 D204     		lsls	r2, r2, #19
  73 0028 1343     		orrs	r3, r2
  74 002a 4A68     		ldr	r2, [r1, #4]
  75 002c 1343     		orrs	r3, r2
  76 002e 0A7A     		ldrb	r2, [r1, #8]
  77 0030 1204     		lsls	r2, r2, #16
  78 0032 1343     		orrs	r3, r2
  79 0034 4A7A     		ldrb	r2, [r1, #9]
  80 0036 5202     		lsls	r2, r2, #9
  81 0038 1343     		orrs	r3, r2
  82 003a 3343     		orrs	r3, r6
  83 003c 2B60     		str	r3, [r5]
 116:Drivers/STM32G0xx_HAL_Driver/Src/stm32g0xx_hal_dma_ex.c ****                (~DMAMUX_CxCR_DMAREQ_ID), \
 117:Drivers/STM32G0xx_HAL_Driver/Src/stm32g0xx_hal_dma_ex.c ****                (pSyncConfig->SyncSignalID | ((pSyncConfig->RequestNumber - 1U) << DMAMUX_CxCR_NBREQ
 118:Drivers/STM32G0xx_HAL_Driver/Src/stm32g0xx_hal_dma_ex.c ****                 pSyncConfig->SyncPolarity | ((uint32_t)pSyncConfig->SyncEnable << DMAMUX_CxCR_SE_Po
 119:Drivers/STM32G0xx_HAL_Driver/Src/stm32g0xx_hal_dma_ex.c ****                 ((uint32_t)pSyncConfig->EventEnable << DMAMUX_CxCR_EGE_Pos)));
 120:Drivers/STM32G0xx_HAL_Driver/Src/stm32g0xx_hal_dma_ex.c **** 
 121:Drivers/STM32G0xx_HAL_Driver/Src/stm32g0xx_hal_dma_ex.c ****     /* Process UnLocked */
 122:Drivers/STM32G0xx_HAL_Driver/Src/stm32g0xx_hal_dma_ex.c ****     __HAL_UNLOCK(hdma);
  84              		.loc 1 122 5 discriminator 2 view .LVU16
  85              		.loc 1 122 5 discriminator 2 view .LVU17
  86 003e 0023     		movs	r3, #0
  87 0040 0355     		strb	r3, [r0, r4]
  88              		.loc 1 122 5 discriminator 2 view .LVU18
 123:Drivers/STM32G0xx_HAL_Driver/Src/stm32g0xx_hal_dma_ex.c **** 
 124:Drivers/STM32G0xx_HAL_Driver/Src/stm32g0xx_hal_dma_ex.c ****     return HAL_OK;
  89              		.loc 1 124 5 discriminator 2 view .LVU19
  90              		.loc 1 124 12 is_stmt 0 discriminator 2 view .LVU20
  91 0042 0020     		movs	r0, #0
  92              	.LVL1:
  93              		.loc 1 124 12 discriminator 2 view .LVU21
  94 0044 02E0     		b	.L3
  95              	.LVL2:
  96              	.L2:
 125:Drivers/STM32G0xx_HAL_Driver/Src/stm32g0xx_hal_dma_ex.c ****   }
 126:Drivers/STM32G0xx_HAL_Driver/Src/stm32g0xx_hal_dma_ex.c ****   else
 127:Drivers/STM32G0xx_HAL_Driver/Src/stm32g0xx_hal_dma_ex.c ****   {
 128:Drivers/STM32G0xx_HAL_Driver/Src/stm32g0xx_hal_dma_ex.c ****     /* Set the error code to busy */
 129:Drivers/STM32G0xx_HAL_Driver/Src/stm32g0xx_hal_dma_ex.c ****     hdma->ErrorCode = HAL_DMA_ERROR_BUSY;
  97              		.loc 1 129 5 is_stmt 1 view .LVU22
  98              		.loc 1 129 21 is_stmt 0 view .LVU23
  99 0046 8023     		movs	r3, #128
 100 0048 C363     		str	r3, [r0, #60]
ARM GAS  /tmp/ccD3VkfN.s 			page 5


 130:Drivers/STM32G0xx_HAL_Driver/Src/stm32g0xx_hal_dma_ex.c **** 
 131:Drivers/STM32G0xx_HAL_Driver/Src/stm32g0xx_hal_dma_ex.c ****     /* Return error status */
 132:Drivers/STM32G0xx_HAL_Driver/Src/stm32g0xx_hal_dma_ex.c ****     return HAL_ERROR;
 101              		.loc 1 132 5 is_stmt 1 view .LVU24
 102              		.loc 1 132 12 is_stmt 0 view .LVU25
 103 004a 0120     		movs	r0, #1
 104              	.LVL3:
 105              	.L3:
 133:Drivers/STM32G0xx_HAL_Driver/Src/stm32g0xx_hal_dma_ex.c ****   }
 134:Drivers/STM32G0xx_HAL_Driver/Src/stm32g0xx_hal_dma_ex.c **** }
 106              		.loc 1 134 1 view .LVU26
 107              		@ sp needed
 108 004c 70BD     		pop	{r4, r5, r6, pc}
 109              	.LVL4:
 110              	.L4:
 112:Drivers/STM32G0xx_HAL_Driver/Src/stm32g0xx_hal_dma_ex.c **** 
 111              		.loc 1 112 5 view .LVU27
 112 004e 0220     		movs	r0, #2
 113              	.LVL5:
 112:Drivers/STM32G0xx_HAL_Driver/Src/stm32g0xx_hal_dma_ex.c **** 
 114              		.loc 1 112 5 view .LVU28
 115 0050 FCE7     		b	.L3
 116              		.cfi_endproc
 117              	.LFE358:
 119              		.section	.text.HAL_DMAEx_ConfigMuxRequestGenerator,"ax",%progbits
 120              		.align	1
 121              		.global	HAL_DMAEx_ConfigMuxRequestGenerator
 122              		.syntax unified
 123              		.code	16
 124              		.thumb_func
 125              		.fpu softvfp
 127              	HAL_DMAEx_ConfigMuxRequestGenerator:
 128              	.LVL6:
 129              	.LFB359:
 135:Drivers/STM32G0xx_HAL_Driver/Src/stm32g0xx_hal_dma_ex.c **** 
 136:Drivers/STM32G0xx_HAL_Driver/Src/stm32g0xx_hal_dma_ex.c **** /**
 137:Drivers/STM32G0xx_HAL_Driver/Src/stm32g0xx_hal_dma_ex.c ****   * @brief Configure the DMAMUX request generator block used by the given DMA channel (instance).
 138:Drivers/STM32G0xx_HAL_Driver/Src/stm32g0xx_hal_dma_ex.c ****   * @param hdma Pointer to a DMA_HandleTypeDef structure that contains
 139:Drivers/STM32G0xx_HAL_Driver/Src/stm32g0xx_hal_dma_ex.c ****   *             the configuration information for the specified DMA channel.
 140:Drivers/STM32G0xx_HAL_Driver/Src/stm32g0xx_hal_dma_ex.c ****   * @param pRequestGeneratorConfig Pointer to HAL_DMA_MuxRequestGeneratorConfigTypeDef
 141:Drivers/STM32G0xx_HAL_Driver/Src/stm32g0xx_hal_dma_ex.c ****   *                                contains the request generator parameters.
 142:Drivers/STM32G0xx_HAL_Driver/Src/stm32g0xx_hal_dma_ex.c ****   *
 143:Drivers/STM32G0xx_HAL_Driver/Src/stm32g0xx_hal_dma_ex.c ****   * @retval HAL status
 144:Drivers/STM32G0xx_HAL_Driver/Src/stm32g0xx_hal_dma_ex.c ****   */
 145:Drivers/STM32G0xx_HAL_Driver/Src/stm32g0xx_hal_dma_ex.c **** HAL_StatusTypeDef HAL_DMAEx_ConfigMuxRequestGenerator(DMA_HandleTypeDef *hdma, HAL_DMA_MuxRequestGe
 146:Drivers/STM32G0xx_HAL_Driver/Src/stm32g0xx_hal_dma_ex.c **** {
 130              		.loc 1 146 1 is_stmt 1 view -0
 131              		.cfi_startproc
 132              		@ args = 0, pretend = 0, frame = 0
 133              		@ frame_needed = 0, uses_anonymous_args = 0
 134              		.loc 1 146 1 is_stmt 0 view .LVU30
 135 0000 30B5     		push	{r4, r5, lr}
 136              	.LCFI1:
 137              		.cfi_def_cfa_offset 12
 138              		.cfi_offset 4, -12
 139              		.cfi_offset 5, -8
 140              		.cfi_offset 14, -4
ARM GAS  /tmp/ccD3VkfN.s 			page 6


 147:Drivers/STM32G0xx_HAL_Driver/Src/stm32g0xx_hal_dma_ex.c ****   HAL_StatusTypeDef status;
 141              		.loc 1 147 3 is_stmt 1 view .LVU31
 148:Drivers/STM32G0xx_HAL_Driver/Src/stm32g0xx_hal_dma_ex.c ****   HAL_DMA_StateTypeDef temp_state = hdma->State;
 142              		.loc 1 148 3 view .LVU32
 143              		.loc 1 148 24 is_stmt 0 view .LVU33
 144 0002 2523     		movs	r3, #37
 145 0004 C35C     		ldrb	r3, [r0, r3]
 146 0006 DBB2     		uxtb	r3, r3
 147              	.LVL7:
 149:Drivers/STM32G0xx_HAL_Driver/Src/stm32g0xx_hal_dma_ex.c **** 
 150:Drivers/STM32G0xx_HAL_Driver/Src/stm32g0xx_hal_dma_ex.c ****   /* Check the parameters */
 151:Drivers/STM32G0xx_HAL_Driver/Src/stm32g0xx_hal_dma_ex.c ****   assert_param(IS_DMA_ALL_INSTANCE(hdma->Instance));
 148              		.loc 1 151 3 is_stmt 1 view .LVU34
 152:Drivers/STM32G0xx_HAL_Driver/Src/stm32g0xx_hal_dma_ex.c **** 
 153:Drivers/STM32G0xx_HAL_Driver/Src/stm32g0xx_hal_dma_ex.c ****   assert_param(IS_DMAMUX_REQUEST_GEN_SIGNAL_ID(pRequestGeneratorConfig->SignalID));
 149              		.loc 1 153 3 view .LVU35
 154:Drivers/STM32G0xx_HAL_Driver/Src/stm32g0xx_hal_dma_ex.c **** 
 155:Drivers/STM32G0xx_HAL_Driver/Src/stm32g0xx_hal_dma_ex.c ****   assert_param(IS_DMAMUX_REQUEST_GEN_POLARITY(pRequestGeneratorConfig->Polarity));
 150              		.loc 1 155 3 view .LVU36
 156:Drivers/STM32G0xx_HAL_Driver/Src/stm32g0xx_hal_dma_ex.c ****   assert_param(IS_DMAMUX_REQUEST_GEN_REQUEST_NUMBER(pRequestGeneratorConfig->RequestNumber));
 151              		.loc 1 156 3 view .LVU37
 157:Drivers/STM32G0xx_HAL_Driver/Src/stm32g0xx_hal_dma_ex.c **** 
 158:Drivers/STM32G0xx_HAL_Driver/Src/stm32g0xx_hal_dma_ex.c ****   /* check if the DMA state is ready
 159:Drivers/STM32G0xx_HAL_Driver/Src/stm32g0xx_hal_dma_ex.c ****      and DMA is using a DMAMUX request generator block
 160:Drivers/STM32G0xx_HAL_Driver/Src/stm32g0xx_hal_dma_ex.c ****   */
 161:Drivers/STM32G0xx_HAL_Driver/Src/stm32g0xx_hal_dma_ex.c ****   if (hdma->DMAmuxRequestGen == 0U)
 152              		.loc 1 161 3 view .LVU38
 153              		.loc 1 161 11 is_stmt 0 view .LVU39
 154 0008 426D     		ldr	r2, [r0, #84]
 155              		.loc 1 161 6 view .LVU40
 156 000a 002A     		cmp	r2, #0
 157 000c 08D0     		beq	.L11
 162:Drivers/STM32G0xx_HAL_Driver/Src/stm32g0xx_hal_dma_ex.c ****   {
 163:Drivers/STM32G0xx_HAL_Driver/Src/stm32g0xx_hal_dma_ex.c ****     /* Set the error code to busy */
 164:Drivers/STM32G0xx_HAL_Driver/Src/stm32g0xx_hal_dma_ex.c ****     hdma->ErrorCode = HAL_DMA_ERROR_PARAM;
 165:Drivers/STM32G0xx_HAL_Driver/Src/stm32g0xx_hal_dma_ex.c **** 
 166:Drivers/STM32G0xx_HAL_Driver/Src/stm32g0xx_hal_dma_ex.c ****     /* error status */
 167:Drivers/STM32G0xx_HAL_Driver/Src/stm32g0xx_hal_dma_ex.c ****     status = HAL_ERROR;
 168:Drivers/STM32G0xx_HAL_Driver/Src/stm32g0xx_hal_dma_ex.c ****   }
 169:Drivers/STM32G0xx_HAL_Driver/Src/stm32g0xx_hal_dma_ex.c ****   else if (((hdma->DMAmuxRequestGen->RGCR & DMAMUX_RGxCR_GE) == 0U) && (temp_state == HAL_DMA_STATE
 158              		.loc 1 169 8 is_stmt 1 view .LVU41
 159              		.loc 1 169 36 is_stmt 0 view .LVU42
 160 000e 1468     		ldr	r4, [r2]
 161              		.loc 1 169 11 view .LVU43
 162 0010 E403     		lsls	r4, r4, #15
 163 0012 01D4     		bmi	.L8
 164              		.loc 1 169 69 discriminator 1 view .LVU44
 165 0014 012B     		cmp	r3, #1
 166 0016 07D0     		beq	.L12
 167              	.L8:
 170:Drivers/STM32G0xx_HAL_Driver/Src/stm32g0xx_hal_dma_ex.c ****   {
 171:Drivers/STM32G0xx_HAL_Driver/Src/stm32g0xx_hal_dma_ex.c ****     /* RequestGenerator must be disable prior to the configuration i.e GE bit is 0 */
 172:Drivers/STM32G0xx_HAL_Driver/Src/stm32g0xx_hal_dma_ex.c **** 
 173:Drivers/STM32G0xx_HAL_Driver/Src/stm32g0xx_hal_dma_ex.c ****     /* Process Locked */
 174:Drivers/STM32G0xx_HAL_Driver/Src/stm32g0xx_hal_dma_ex.c ****     __HAL_LOCK(hdma);
 175:Drivers/STM32G0xx_HAL_Driver/Src/stm32g0xx_hal_dma_ex.c **** 
 176:Drivers/STM32G0xx_HAL_Driver/Src/stm32g0xx_hal_dma_ex.c ****     /* Set the request generator new parameters*/
ARM GAS  /tmp/ccD3VkfN.s 			page 7


 177:Drivers/STM32G0xx_HAL_Driver/Src/stm32g0xx_hal_dma_ex.c ****     hdma->DMAmuxRequestGen->RGCR = pRequestGeneratorConfig->SignalID | \
 178:Drivers/STM32G0xx_HAL_Driver/Src/stm32g0xx_hal_dma_ex.c ****                                    ((pRequestGeneratorConfig->RequestNumber - 1U) << DMAMUX_RGxCR_G
 179:Drivers/STM32G0xx_HAL_Driver/Src/stm32g0xx_hal_dma_ex.c ****                                    pRequestGeneratorConfig->Polarity;
 180:Drivers/STM32G0xx_HAL_Driver/Src/stm32g0xx_hal_dma_ex.c ****     /* Process UnLocked */
 181:Drivers/STM32G0xx_HAL_Driver/Src/stm32g0xx_hal_dma_ex.c ****     __HAL_UNLOCK(hdma);
 182:Drivers/STM32G0xx_HAL_Driver/Src/stm32g0xx_hal_dma_ex.c **** 
 183:Drivers/STM32G0xx_HAL_Driver/Src/stm32g0xx_hal_dma_ex.c ****     return HAL_OK;
 184:Drivers/STM32G0xx_HAL_Driver/Src/stm32g0xx_hal_dma_ex.c ****   }
 185:Drivers/STM32G0xx_HAL_Driver/Src/stm32g0xx_hal_dma_ex.c ****   else
 186:Drivers/STM32G0xx_HAL_Driver/Src/stm32g0xx_hal_dma_ex.c ****   {
 187:Drivers/STM32G0xx_HAL_Driver/Src/stm32g0xx_hal_dma_ex.c ****     /* Set the error code to busy */
 188:Drivers/STM32G0xx_HAL_Driver/Src/stm32g0xx_hal_dma_ex.c ****     hdma->ErrorCode = HAL_DMA_ERROR_BUSY;
 168              		.loc 1 188 5 is_stmt 1 view .LVU45
 169              		.loc 1 188 21 is_stmt 0 view .LVU46
 170 0018 8023     		movs	r3, #128
 171              	.LVL8:
 172              		.loc 1 188 21 view .LVU47
 173 001a C363     		str	r3, [r0, #60]
 189:Drivers/STM32G0xx_HAL_Driver/Src/stm32g0xx_hal_dma_ex.c **** 
 190:Drivers/STM32G0xx_HAL_Driver/Src/stm32g0xx_hal_dma_ex.c ****     /* error status */
 191:Drivers/STM32G0xx_HAL_Driver/Src/stm32g0xx_hal_dma_ex.c ****     status = HAL_ERROR;
 174              		.loc 1 191 5 is_stmt 1 view .LVU48
 175              	.LVL9:
 192:Drivers/STM32G0xx_HAL_Driver/Src/stm32g0xx_hal_dma_ex.c ****   }
 193:Drivers/STM32G0xx_HAL_Driver/Src/stm32g0xx_hal_dma_ex.c **** 
 194:Drivers/STM32G0xx_HAL_Driver/Src/stm32g0xx_hal_dma_ex.c ****   return status;
 176              		.loc 1 194 10 is_stmt 0 view .LVU49
 177 001c 0120     		movs	r0, #1
 178              	.LVL10:
 179              	.L7:
 195:Drivers/STM32G0xx_HAL_Driver/Src/stm32g0xx_hal_dma_ex.c **** }
 180              		.loc 1 195 1 view .LVU50
 181              		@ sp needed
 182 001e 30BD     		pop	{r4, r5, pc}
 183              	.LVL11:
 184              	.L11:
 164:Drivers/STM32G0xx_HAL_Driver/Src/stm32g0xx_hal_dma_ex.c **** 
 185              		.loc 1 164 5 is_stmt 1 view .LVU51
 164:Drivers/STM32G0xx_HAL_Driver/Src/stm32g0xx_hal_dma_ex.c **** 
 186              		.loc 1 164 21 is_stmt 0 view .LVU52
 187 0020 4023     		movs	r3, #64
 188              	.LVL12:
 164:Drivers/STM32G0xx_HAL_Driver/Src/stm32g0xx_hal_dma_ex.c **** 
 189              		.loc 1 164 21 view .LVU53
 190 0022 C363     		str	r3, [r0, #60]
 167:Drivers/STM32G0xx_HAL_Driver/Src/stm32g0xx_hal_dma_ex.c ****   }
 191              		.loc 1 167 5 is_stmt 1 view .LVU54
 192              	.LVL13:
 194:Drivers/STM32G0xx_HAL_Driver/Src/stm32g0xx_hal_dma_ex.c **** }
 193              		.loc 1 194 10 is_stmt 0 view .LVU55
 194 0024 0120     		movs	r0, #1
 195              	.LVL14:
 194:Drivers/STM32G0xx_HAL_Driver/Src/stm32g0xx_hal_dma_ex.c **** }
 196              		.loc 1 194 10 view .LVU56
 197 0026 FAE7     		b	.L7
 198              	.LVL15:
 199              	.L12:
ARM GAS  /tmp/ccD3VkfN.s 			page 8


 174:Drivers/STM32G0xx_HAL_Driver/Src/stm32g0xx_hal_dma_ex.c **** 
 200              		.loc 1 174 5 is_stmt 1 view .LVU57
 174:Drivers/STM32G0xx_HAL_Driver/Src/stm32g0xx_hal_dma_ex.c **** 
 201              		.loc 1 174 5 view .LVU58
 202 0028 2333     		adds	r3, r3, #35
 203              	.LVL16:
 174:Drivers/STM32G0xx_HAL_Driver/Src/stm32g0xx_hal_dma_ex.c **** 
 204              		.loc 1 174 5 is_stmt 0 view .LVU59
 205 002a C35C     		ldrb	r3, [r0, r3]
 206              	.LVL17:
 174:Drivers/STM32G0xx_HAL_Driver/Src/stm32g0xx_hal_dma_ex.c **** 
 207              		.loc 1 174 5 view .LVU60
 208 002c 012B     		cmp	r3, #1
 209 002e 0ED0     		beq	.L9
 174:Drivers/STM32G0xx_HAL_Driver/Src/stm32g0xx_hal_dma_ex.c **** 
 210              		.loc 1 174 5 is_stmt 1 discriminator 2 view .LVU61
 211 0030 2425     		movs	r5, #36
 212 0032 0123     		movs	r3, #1
 213 0034 4355     		strb	r3, [r0, r5]
 174:Drivers/STM32G0xx_HAL_Driver/Src/stm32g0xx_hal_dma_ex.c **** 
 214              		.loc 1 174 5 discriminator 2 view .LVU62
 177:Drivers/STM32G0xx_HAL_Driver/Src/stm32g0xx_hal_dma_ex.c ****                                    ((pRequestGeneratorConfig->RequestNumber - 1U) << DMAMUX_RGxCR_G
 215              		.loc 1 177 5 discriminator 2 view .LVU63
 177:Drivers/STM32G0xx_HAL_Driver/Src/stm32g0xx_hal_dma_ex.c ****                                    ((pRequestGeneratorConfig->RequestNumber - 1U) << DMAMUX_RGxCR_G
 216              		.loc 1 177 59 is_stmt 0 discriminator 2 view .LVU64
 217 0036 0B68     		ldr	r3, [r1]
 178:Drivers/STM32G0xx_HAL_Driver/Src/stm32g0xx_hal_dma_ex.c ****                                    pRequestGeneratorConfig->Polarity;
 218              		.loc 1 178 61 discriminator 2 view .LVU65
 219 0038 8C68     		ldr	r4, [r1, #8]
 178:Drivers/STM32G0xx_HAL_Driver/Src/stm32g0xx_hal_dma_ex.c ****                                    pRequestGeneratorConfig->Polarity;
 220              		.loc 1 178 77 discriminator 2 view .LVU66
 221 003a 013C     		subs	r4, r4, #1
 178:Drivers/STM32G0xx_HAL_Driver/Src/stm32g0xx_hal_dma_ex.c ****                                    pRequestGeneratorConfig->Polarity;
 222              		.loc 1 178 83 discriminator 2 view .LVU67
 223 003c E404     		lsls	r4, r4, #19
 177:Drivers/STM32G0xx_HAL_Driver/Src/stm32g0xx_hal_dma_ex.c ****                                    ((pRequestGeneratorConfig->RequestNumber - 1U) << DMAMUX_RGxCR_G
 224              		.loc 1 177 70 discriminator 2 view .LVU68
 225 003e 2343     		orrs	r3, r4
 179:Drivers/STM32G0xx_HAL_Driver/Src/stm32g0xx_hal_dma_ex.c ****     /* Process UnLocked */
 226              		.loc 1 179 59 discriminator 2 view .LVU69
 227 0040 4968     		ldr	r1, [r1, #4]
 228              	.LVL18:
 178:Drivers/STM32G0xx_HAL_Driver/Src/stm32g0xx_hal_dma_ex.c ****                                    pRequestGeneratorConfig->Polarity;
 229              		.loc 1 178 111 discriminator 2 view .LVU70
 230 0042 0B43     		orrs	r3, r1
 177:Drivers/STM32G0xx_HAL_Driver/Src/stm32g0xx_hal_dma_ex.c ****                                    ((pRequestGeneratorConfig->RequestNumber - 1U) << DMAMUX_RGxCR_G
 231              		.loc 1 177 34 discriminator 2 view .LVU71
 232 0044 1360     		str	r3, [r2]
 181:Drivers/STM32G0xx_HAL_Driver/Src/stm32g0xx_hal_dma_ex.c **** 
 233              		.loc 1 181 5 is_stmt 1 discriminator 2 view .LVU72
 181:Drivers/STM32G0xx_HAL_Driver/Src/stm32g0xx_hal_dma_ex.c **** 
 234              		.loc 1 181 5 discriminator 2 view .LVU73
 235 0046 0023     		movs	r3, #0
 236 0048 4355     		strb	r3, [r0, r5]
 181:Drivers/STM32G0xx_HAL_Driver/Src/stm32g0xx_hal_dma_ex.c **** 
 237              		.loc 1 181 5 discriminator 2 view .LVU74
 183:Drivers/STM32G0xx_HAL_Driver/Src/stm32g0xx_hal_dma_ex.c ****   }
ARM GAS  /tmp/ccD3VkfN.s 			page 9


 238              		.loc 1 183 5 discriminator 2 view .LVU75
 183:Drivers/STM32G0xx_HAL_Driver/Src/stm32g0xx_hal_dma_ex.c ****   }
 239              		.loc 1 183 12 is_stmt 0 discriminator 2 view .LVU76
 240 004a 0020     		movs	r0, #0
 241              	.LVL19:
 183:Drivers/STM32G0xx_HAL_Driver/Src/stm32g0xx_hal_dma_ex.c ****   }
 242              		.loc 1 183 12 discriminator 2 view .LVU77
 243 004c E7E7     		b	.L7
 244              	.LVL20:
 245              	.L9:
 174:Drivers/STM32G0xx_HAL_Driver/Src/stm32g0xx_hal_dma_ex.c **** 
 246              		.loc 1 174 5 view .LVU78
 247 004e 0220     		movs	r0, #2
 248              	.LVL21:
 174:Drivers/STM32G0xx_HAL_Driver/Src/stm32g0xx_hal_dma_ex.c **** 
 249              		.loc 1 174 5 view .LVU79
 250 0050 E5E7     		b	.L7
 251              		.cfi_endproc
 252              	.LFE359:
 254              		.section	.text.HAL_DMAEx_EnableMuxRequestGenerator,"ax",%progbits
 255              		.align	1
 256              		.global	HAL_DMAEx_EnableMuxRequestGenerator
 257              		.syntax unified
 258              		.code	16
 259              		.thumb_func
 260              		.fpu softvfp
 262              	HAL_DMAEx_EnableMuxRequestGenerator:
 263              	.LVL22:
 264              	.LFB360:
 196:Drivers/STM32G0xx_HAL_Driver/Src/stm32g0xx_hal_dma_ex.c **** 
 197:Drivers/STM32G0xx_HAL_Driver/Src/stm32g0xx_hal_dma_ex.c **** /**
 198:Drivers/STM32G0xx_HAL_Driver/Src/stm32g0xx_hal_dma_ex.c ****   * @brief Enable the DMAMUX request generator block used by the given DMA channel (instance).
 199:Drivers/STM32G0xx_HAL_Driver/Src/stm32g0xx_hal_dma_ex.c ****   * @param hdma Pointer to a DMA_HandleTypeDef structure that contains
 200:Drivers/STM32G0xx_HAL_Driver/Src/stm32g0xx_hal_dma_ex.c ****   *             the configuration information for the specified DMA channel.
 201:Drivers/STM32G0xx_HAL_Driver/Src/stm32g0xx_hal_dma_ex.c ****   * @retval HAL status
 202:Drivers/STM32G0xx_HAL_Driver/Src/stm32g0xx_hal_dma_ex.c ****   */
 203:Drivers/STM32G0xx_HAL_Driver/Src/stm32g0xx_hal_dma_ex.c **** HAL_StatusTypeDef HAL_DMAEx_EnableMuxRequestGenerator(DMA_HandleTypeDef *hdma)
 204:Drivers/STM32G0xx_HAL_Driver/Src/stm32g0xx_hal_dma_ex.c **** {
 265              		.loc 1 204 1 is_stmt 1 view -0
 266              		.cfi_startproc
 267              		@ args = 0, pretend = 0, frame = 0
 268              		@ frame_needed = 0, uses_anonymous_args = 0
 269              		@ link register save eliminated.
 205:Drivers/STM32G0xx_HAL_Driver/Src/stm32g0xx_hal_dma_ex.c ****   /* Check the parameters */
 206:Drivers/STM32G0xx_HAL_Driver/Src/stm32g0xx_hal_dma_ex.c ****   assert_param(IS_DMA_ALL_INSTANCE(hdma->Instance));
 270              		.loc 1 206 3 view .LVU81
 207:Drivers/STM32G0xx_HAL_Driver/Src/stm32g0xx_hal_dma_ex.c **** 
 208:Drivers/STM32G0xx_HAL_Driver/Src/stm32g0xx_hal_dma_ex.c ****   /* check if the DMA state is ready
 209:Drivers/STM32G0xx_HAL_Driver/Src/stm32g0xx_hal_dma_ex.c ****      and DMA is using a DMAMUX request generator block
 210:Drivers/STM32G0xx_HAL_Driver/Src/stm32g0xx_hal_dma_ex.c ****   */
 211:Drivers/STM32G0xx_HAL_Driver/Src/stm32g0xx_hal_dma_ex.c ****   if ((hdma->State != HAL_DMA_STATE_RESET) && (hdma->DMAmuxRequestGen != 0))
 271              		.loc 1 211 3 view .LVU82
 272              		.loc 1 211 12 is_stmt 0 view .LVU83
 273 0000 2523     		movs	r3, #37
 274 0002 C35C     		ldrb	r3, [r0, r3]
 275              		.loc 1 211 6 view .LVU84
 276 0004 002B     		cmp	r3, #0
ARM GAS  /tmp/ccD3VkfN.s 			page 10


 277 0006 09D0     		beq	.L15
 278              		.loc 1 211 52 discriminator 1 view .LVU85
 279 0008 436D     		ldr	r3, [r0, #84]
 280              		.loc 1 211 44 discriminator 1 view .LVU86
 281 000a 002B     		cmp	r3, #0
 282 000c 08D0     		beq	.L16
 212:Drivers/STM32G0xx_HAL_Driver/Src/stm32g0xx_hal_dma_ex.c ****   {
 213:Drivers/STM32G0xx_HAL_Driver/Src/stm32g0xx_hal_dma_ex.c **** 
 214:Drivers/STM32G0xx_HAL_Driver/Src/stm32g0xx_hal_dma_ex.c ****     /* Enable the request generator*/
 215:Drivers/STM32G0xx_HAL_Driver/Src/stm32g0xx_hal_dma_ex.c ****     hdma->DMAmuxRequestGen->RGCR |= DMAMUX_RGxCR_GE;
 283              		.loc 1 215 5 is_stmt 1 view .LVU87
 284              		.loc 1 215 34 is_stmt 0 view .LVU88
 285 000e 1968     		ldr	r1, [r3]
 286 0010 8022     		movs	r2, #128
 287 0012 5202     		lsls	r2, r2, #9
 288 0014 0A43     		orrs	r2, r1
 289 0016 1A60     		str	r2, [r3]
 216:Drivers/STM32G0xx_HAL_Driver/Src/stm32g0xx_hal_dma_ex.c **** 
 217:Drivers/STM32G0xx_HAL_Driver/Src/stm32g0xx_hal_dma_ex.c ****     return HAL_OK;
 290              		.loc 1 217 5 is_stmt 1 view .LVU89
 291              		.loc 1 217 12 is_stmt 0 view .LVU90
 292 0018 0020     		movs	r0, #0
 293              	.LVL23:
 294              	.L14:
 218:Drivers/STM32G0xx_HAL_Driver/Src/stm32g0xx_hal_dma_ex.c ****   }
 219:Drivers/STM32G0xx_HAL_Driver/Src/stm32g0xx_hal_dma_ex.c ****   else
 220:Drivers/STM32G0xx_HAL_Driver/Src/stm32g0xx_hal_dma_ex.c ****   {
 221:Drivers/STM32G0xx_HAL_Driver/Src/stm32g0xx_hal_dma_ex.c ****     return HAL_ERROR;
 222:Drivers/STM32G0xx_HAL_Driver/Src/stm32g0xx_hal_dma_ex.c ****   }
 223:Drivers/STM32G0xx_HAL_Driver/Src/stm32g0xx_hal_dma_ex.c **** }
 295              		.loc 1 223 1 view .LVU91
 296              		@ sp needed
 297 001a 7047     		bx	lr
 298              	.LVL24:
 299              	.L15:
 221:Drivers/STM32G0xx_HAL_Driver/Src/stm32g0xx_hal_dma_ex.c ****   }
 300              		.loc 1 221 12 view .LVU92
 301 001c 0120     		movs	r0, #1
 302              	.LVL25:
 221:Drivers/STM32G0xx_HAL_Driver/Src/stm32g0xx_hal_dma_ex.c ****   }
 303              		.loc 1 221 12 view .LVU93
 304 001e FCE7     		b	.L14
 305              	.LVL26:
 306              	.L16:
 221:Drivers/STM32G0xx_HAL_Driver/Src/stm32g0xx_hal_dma_ex.c ****   }
 307              		.loc 1 221 12 view .LVU94
 308 0020 0120     		movs	r0, #1
 309              	.LVL27:
 221:Drivers/STM32G0xx_HAL_Driver/Src/stm32g0xx_hal_dma_ex.c ****   }
 310              		.loc 1 221 12 view .LVU95
 311 0022 FAE7     		b	.L14
 312              		.cfi_endproc
 313              	.LFE360:
 315              		.section	.text.HAL_DMAEx_DisableMuxRequestGenerator,"ax",%progbits
 316              		.align	1
 317              		.global	HAL_DMAEx_DisableMuxRequestGenerator
 318              		.syntax unified
ARM GAS  /tmp/ccD3VkfN.s 			page 11


 319              		.code	16
 320              		.thumb_func
 321              		.fpu softvfp
 323              	HAL_DMAEx_DisableMuxRequestGenerator:
 324              	.LVL28:
 325              	.LFB361:
 224:Drivers/STM32G0xx_HAL_Driver/Src/stm32g0xx_hal_dma_ex.c **** 
 225:Drivers/STM32G0xx_HAL_Driver/Src/stm32g0xx_hal_dma_ex.c **** /**
 226:Drivers/STM32G0xx_HAL_Driver/Src/stm32g0xx_hal_dma_ex.c ****   * @brief Disable the DMAMUX request generator block used by the given DMA channel (instance).
 227:Drivers/STM32G0xx_HAL_Driver/Src/stm32g0xx_hal_dma_ex.c ****   * @param hdma Pointer to a DMA_HandleTypeDef structure that contains
 228:Drivers/STM32G0xx_HAL_Driver/Src/stm32g0xx_hal_dma_ex.c ****   *             the configuration information for the specified DMA channel.
 229:Drivers/STM32G0xx_HAL_Driver/Src/stm32g0xx_hal_dma_ex.c ****   * @retval HAL status
 230:Drivers/STM32G0xx_HAL_Driver/Src/stm32g0xx_hal_dma_ex.c ****   */
 231:Drivers/STM32G0xx_HAL_Driver/Src/stm32g0xx_hal_dma_ex.c **** HAL_StatusTypeDef HAL_DMAEx_DisableMuxRequestGenerator(DMA_HandleTypeDef *hdma)
 232:Drivers/STM32G0xx_HAL_Driver/Src/stm32g0xx_hal_dma_ex.c **** {
 326              		.loc 1 232 1 is_stmt 1 view -0
 327              		.cfi_startproc
 328              		@ args = 0, pretend = 0, frame = 0
 329              		@ frame_needed = 0, uses_anonymous_args = 0
 330              		@ link register save eliminated.
 233:Drivers/STM32G0xx_HAL_Driver/Src/stm32g0xx_hal_dma_ex.c ****   /* Check the parameters */
 234:Drivers/STM32G0xx_HAL_Driver/Src/stm32g0xx_hal_dma_ex.c ****   assert_param(IS_DMA_ALL_INSTANCE(hdma->Instance));
 331              		.loc 1 234 3 view .LVU97
 235:Drivers/STM32G0xx_HAL_Driver/Src/stm32g0xx_hal_dma_ex.c **** 
 236:Drivers/STM32G0xx_HAL_Driver/Src/stm32g0xx_hal_dma_ex.c ****   /* check if the DMA state is ready
 237:Drivers/STM32G0xx_HAL_Driver/Src/stm32g0xx_hal_dma_ex.c ****      and DMA is using a DMAMUX request generator block
 238:Drivers/STM32G0xx_HAL_Driver/Src/stm32g0xx_hal_dma_ex.c ****   */
 239:Drivers/STM32G0xx_HAL_Driver/Src/stm32g0xx_hal_dma_ex.c ****   if ((hdma->State != HAL_DMA_STATE_RESET) && (hdma->DMAmuxRequestGen != 0))
 332              		.loc 1 239 3 view .LVU98
 333              		.loc 1 239 12 is_stmt 0 view .LVU99
 334 0000 2523     		movs	r3, #37
 335 0002 C35C     		ldrb	r3, [r0, r3]
 336              		.loc 1 239 6 view .LVU100
 337 0004 002B     		cmp	r3, #0
 338 0006 08D0     		beq	.L19
 339              		.loc 1 239 52 discriminator 1 view .LVU101
 340 0008 436D     		ldr	r3, [r0, #84]
 341              		.loc 1 239 44 discriminator 1 view .LVU102
 342 000a 002B     		cmp	r3, #0
 343 000c 07D0     		beq	.L20
 240:Drivers/STM32G0xx_HAL_Driver/Src/stm32g0xx_hal_dma_ex.c ****   {
 241:Drivers/STM32G0xx_HAL_Driver/Src/stm32g0xx_hal_dma_ex.c **** 
 242:Drivers/STM32G0xx_HAL_Driver/Src/stm32g0xx_hal_dma_ex.c ****     /* Disable the request generator*/
 243:Drivers/STM32G0xx_HAL_Driver/Src/stm32g0xx_hal_dma_ex.c ****     hdma->DMAmuxRequestGen->RGCR &= ~DMAMUX_RGxCR_GE;
 344              		.loc 1 243 5 is_stmt 1 view .LVU103
 345              		.loc 1 243 34 is_stmt 0 view .LVU104
 346 000e 1A68     		ldr	r2, [r3]
 347 0010 0449     		ldr	r1, .L21
 348 0012 0A40     		ands	r2, r1
 349 0014 1A60     		str	r2, [r3]
 244:Drivers/STM32G0xx_HAL_Driver/Src/stm32g0xx_hal_dma_ex.c **** 
 245:Drivers/STM32G0xx_HAL_Driver/Src/stm32g0xx_hal_dma_ex.c ****     return HAL_OK;
 350              		.loc 1 245 5 is_stmt 1 view .LVU105
 351              		.loc 1 245 12 is_stmt 0 view .LVU106
 352 0016 0020     		movs	r0, #0
 353              	.LVL29:
 354              	.L18:
ARM GAS  /tmp/ccD3VkfN.s 			page 12


 246:Drivers/STM32G0xx_HAL_Driver/Src/stm32g0xx_hal_dma_ex.c ****   }
 247:Drivers/STM32G0xx_HAL_Driver/Src/stm32g0xx_hal_dma_ex.c ****   else
 248:Drivers/STM32G0xx_HAL_Driver/Src/stm32g0xx_hal_dma_ex.c ****   {
 249:Drivers/STM32G0xx_HAL_Driver/Src/stm32g0xx_hal_dma_ex.c ****     return HAL_ERROR;
 250:Drivers/STM32G0xx_HAL_Driver/Src/stm32g0xx_hal_dma_ex.c ****   }
 251:Drivers/STM32G0xx_HAL_Driver/Src/stm32g0xx_hal_dma_ex.c **** }
 355              		.loc 1 251 1 view .LVU107
 356              		@ sp needed
 357 0018 7047     		bx	lr
 358              	.LVL30:
 359              	.L19:
 249:Drivers/STM32G0xx_HAL_Driver/Src/stm32g0xx_hal_dma_ex.c ****   }
 360              		.loc 1 249 12 view .LVU108
 361 001a 0120     		movs	r0, #1
 362              	.LVL31:
 249:Drivers/STM32G0xx_HAL_Driver/Src/stm32g0xx_hal_dma_ex.c ****   }
 363              		.loc 1 249 12 view .LVU109
 364 001c FCE7     		b	.L18
 365              	.LVL32:
 366              	.L20:
 249:Drivers/STM32G0xx_HAL_Driver/Src/stm32g0xx_hal_dma_ex.c ****   }
 367              		.loc 1 249 12 view .LVU110
 368 001e 0120     		movs	r0, #1
 369              	.LVL33:
 249:Drivers/STM32G0xx_HAL_Driver/Src/stm32g0xx_hal_dma_ex.c ****   }
 370              		.loc 1 249 12 view .LVU111
 371 0020 FAE7     		b	.L18
 372              	.L22:
 373 0022 C046     		.align	2
 374              	.L21:
 375 0024 FFFFFEFF 		.word	-65537
 376              		.cfi_endproc
 377              	.LFE361:
 379              		.section	.text.HAL_DMAEx_MUX_IRQHandler,"ax",%progbits
 380              		.align	1
 381              		.global	HAL_DMAEx_MUX_IRQHandler
 382              		.syntax unified
 383              		.code	16
 384              		.thumb_func
 385              		.fpu softvfp
 387              	HAL_DMAEx_MUX_IRQHandler:
 388              	.LVL34:
 389              	.LFB362:
 252:Drivers/STM32G0xx_HAL_Driver/Src/stm32g0xx_hal_dma_ex.c **** 
 253:Drivers/STM32G0xx_HAL_Driver/Src/stm32g0xx_hal_dma_ex.c **** /**
 254:Drivers/STM32G0xx_HAL_Driver/Src/stm32g0xx_hal_dma_ex.c ****   * @brief Handles DMAMUX interrupt request.
 255:Drivers/STM32G0xx_HAL_Driver/Src/stm32g0xx_hal_dma_ex.c ****   * @param hdma Pointer to a DMA_HandleTypeDef structure that contains
 256:Drivers/STM32G0xx_HAL_Driver/Src/stm32g0xx_hal_dma_ex.c ****   *             the configuration information for the specified DMA channel.
 257:Drivers/STM32G0xx_HAL_Driver/Src/stm32g0xx_hal_dma_ex.c ****   * @retval None
 258:Drivers/STM32G0xx_HAL_Driver/Src/stm32g0xx_hal_dma_ex.c ****   */
 259:Drivers/STM32G0xx_HAL_Driver/Src/stm32g0xx_hal_dma_ex.c **** void HAL_DMAEx_MUX_IRQHandler(DMA_HandleTypeDef *hdma)
 260:Drivers/STM32G0xx_HAL_Driver/Src/stm32g0xx_hal_dma_ex.c **** {
 390              		.loc 1 260 1 is_stmt 1 view -0
 391              		.cfi_startproc
 392              		@ args = 0, pretend = 0, frame = 0
 393              		@ frame_needed = 0, uses_anonymous_args = 0
 394              		.loc 1 260 1 is_stmt 0 view .LVU113
ARM GAS  /tmp/ccD3VkfN.s 			page 13


 395 0000 10B5     		push	{r4, lr}
 396              	.LCFI2:
 397              		.cfi_def_cfa_offset 8
 398              		.cfi_offset 4, -8
 399              		.cfi_offset 14, -4
 400 0002 0400     		movs	r4, r0
 261:Drivers/STM32G0xx_HAL_Driver/Src/stm32g0xx_hal_dma_ex.c ****   /* Check for DMAMUX Synchronization overrun */
 262:Drivers/STM32G0xx_HAL_Driver/Src/stm32g0xx_hal_dma_ex.c ****   if ((hdma->DMAmuxChannelStatus->CSR & hdma->DMAmuxChannelStatusMask) != 0U)
 401              		.loc 1 262 3 is_stmt 1 view .LVU114
 402              		.loc 1 262 12 is_stmt 0 view .LVU115
 403 0004 C36C     		ldr	r3, [r0, #76]
 404              		.loc 1 262 33 view .LVU116
 405 0006 1B68     		ldr	r3, [r3]
 406              		.loc 1 262 45 view .LVU117
 407 0008 026D     		ldr	r2, [r0, #80]
 408              		.loc 1 262 6 view .LVU118
 409 000a 1A42     		tst	r2, r3
 410 000c 10D0     		beq	.L24
 263:Drivers/STM32G0xx_HAL_Driver/Src/stm32g0xx_hal_dma_ex.c ****   {
 264:Drivers/STM32G0xx_HAL_Driver/Src/stm32g0xx_hal_dma_ex.c ****     /* Disable the synchro overrun interrupt */
 265:Drivers/STM32G0xx_HAL_Driver/Src/stm32g0xx_hal_dma_ex.c ****     hdma->DMAmuxChannel->CCR &= ~DMAMUX_CxCR_SOIE;
 411              		.loc 1 265 5 is_stmt 1 view .LVU119
 412              		.loc 1 265 9 is_stmt 0 view .LVU120
 413 000e 826C     		ldr	r2, [r0, #72]
 414              		.loc 1 265 30 view .LVU121
 415 0010 1368     		ldr	r3, [r2]
 416 0012 1449     		ldr	r1, .L26
 417 0014 0B40     		ands	r3, r1
 418 0016 1360     		str	r3, [r2]
 266:Drivers/STM32G0xx_HAL_Driver/Src/stm32g0xx_hal_dma_ex.c **** 
 267:Drivers/STM32G0xx_HAL_Driver/Src/stm32g0xx_hal_dma_ex.c ****     /* Clear the DMAMUX synchro overrun flag */
 268:Drivers/STM32G0xx_HAL_Driver/Src/stm32g0xx_hal_dma_ex.c ****     hdma->DMAmuxChannelStatus->CFR = hdma->DMAmuxChannelStatusMask;
 419              		.loc 1 268 5 is_stmt 1 view .LVU122
 420              		.loc 1 268 9 is_stmt 0 view .LVU123
 421 0018 C36C     		ldr	r3, [r0, #76]
 422              		.loc 1 268 42 view .LVU124
 423 001a 026D     		ldr	r2, [r0, #80]
 424              		.loc 1 268 36 view .LVU125
 425 001c 5A60     		str	r2, [r3, #4]
 269:Drivers/STM32G0xx_HAL_Driver/Src/stm32g0xx_hal_dma_ex.c **** 
 270:Drivers/STM32G0xx_HAL_Driver/Src/stm32g0xx_hal_dma_ex.c ****     /* Update error code */
 271:Drivers/STM32G0xx_HAL_Driver/Src/stm32g0xx_hal_dma_ex.c ****     hdma->ErrorCode |= HAL_DMA_ERROR_SYNC;
 426              		.loc 1 271 5 is_stmt 1 view .LVU126
 427              		.loc 1 271 21 is_stmt 0 view .LVU127
 428 001e C26B     		ldr	r2, [r0, #60]
 429 0020 8023     		movs	r3, #128
 430 0022 9B00     		lsls	r3, r3, #2
 431 0024 1343     		orrs	r3, r2
 432 0026 C363     		str	r3, [r0, #60]
 272:Drivers/STM32G0xx_HAL_Driver/Src/stm32g0xx_hal_dma_ex.c **** 
 273:Drivers/STM32G0xx_HAL_Driver/Src/stm32g0xx_hal_dma_ex.c ****     if (hdma->XferErrorCallback != NULL)
 433              		.loc 1 273 5 is_stmt 1 view .LVU128
 434              		.loc 1 273 13 is_stmt 0 view .LVU129
 435 0028 436B     		ldr	r3, [r0, #52]
 436              		.loc 1 273 8 view .LVU130
 437 002a 002B     		cmp	r3, #0
 438 002c 00D0     		beq	.L24
ARM GAS  /tmp/ccD3VkfN.s 			page 14


 274:Drivers/STM32G0xx_HAL_Driver/Src/stm32g0xx_hal_dma_ex.c ****     {
 275:Drivers/STM32G0xx_HAL_Driver/Src/stm32g0xx_hal_dma_ex.c ****       /* Transfer error callback */
 276:Drivers/STM32G0xx_HAL_Driver/Src/stm32g0xx_hal_dma_ex.c ****       hdma->XferErrorCallback(hdma);
 439              		.loc 1 276 7 is_stmt 1 view .LVU131
 440 002e 9847     		blx	r3
 441              	.LVL35:
 442              	.L24:
 277:Drivers/STM32G0xx_HAL_Driver/Src/stm32g0xx_hal_dma_ex.c ****     }
 278:Drivers/STM32G0xx_HAL_Driver/Src/stm32g0xx_hal_dma_ex.c ****   }
 279:Drivers/STM32G0xx_HAL_Driver/Src/stm32g0xx_hal_dma_ex.c **** 
 280:Drivers/STM32G0xx_HAL_Driver/Src/stm32g0xx_hal_dma_ex.c ****   if (hdma->DMAmuxRequestGen != 0)
 443              		.loc 1 280 3 view .LVU132
 444              		.loc 1 280 11 is_stmt 0 view .LVU133
 445 0030 636D     		ldr	r3, [r4, #84]
 446              		.loc 1 280 6 view .LVU134
 447 0032 002B     		cmp	r3, #0
 448 0034 15D0     		beq	.L23
 281:Drivers/STM32G0xx_HAL_Driver/Src/stm32g0xx_hal_dma_ex.c ****   {
 282:Drivers/STM32G0xx_HAL_Driver/Src/stm32g0xx_hal_dma_ex.c ****     /* if using a DMAMUX request generator block Check for DMAMUX request generator overrun */
 283:Drivers/STM32G0xx_HAL_Driver/Src/stm32g0xx_hal_dma_ex.c ****     if ((hdma->DMAmuxRequestGenStatus->RGSR & hdma->DMAmuxRequestGenStatusMask) != 0U)
 449              		.loc 1 283 5 is_stmt 1 view .LVU135
 450              		.loc 1 283 14 is_stmt 0 view .LVU136
 451 0036 A26D     		ldr	r2, [r4, #88]
 452              		.loc 1 283 38 view .LVU137
 453 0038 1268     		ldr	r2, [r2]
 454              		.loc 1 283 51 view .LVU138
 455 003a E16D     		ldr	r1, [r4, #92]
 456              		.loc 1 283 8 view .LVU139
 457 003c 1142     		tst	r1, r2
 458 003e 10D0     		beq	.L23
 284:Drivers/STM32G0xx_HAL_Driver/Src/stm32g0xx_hal_dma_ex.c ****     {
 285:Drivers/STM32G0xx_HAL_Driver/Src/stm32g0xx_hal_dma_ex.c ****       /* Disable the request gen overrun interrupt */
 286:Drivers/STM32G0xx_HAL_Driver/Src/stm32g0xx_hal_dma_ex.c ****       hdma->DMAmuxRequestGen->RGCR &= ~DMAMUX_RGxCR_OIE;
 459              		.loc 1 286 7 is_stmt 1 view .LVU140
 460              		.loc 1 286 36 is_stmt 0 view .LVU141
 461 0040 1A68     		ldr	r2, [r3]
 462 0042 0849     		ldr	r1, .L26
 463 0044 0A40     		ands	r2, r1
 464 0046 1A60     		str	r2, [r3]
 287:Drivers/STM32G0xx_HAL_Driver/Src/stm32g0xx_hal_dma_ex.c **** 
 288:Drivers/STM32G0xx_HAL_Driver/Src/stm32g0xx_hal_dma_ex.c ****       /* Clear the DMAMUX request generator overrun flag */
 289:Drivers/STM32G0xx_HAL_Driver/Src/stm32g0xx_hal_dma_ex.c ****       hdma->DMAmuxRequestGenStatus->RGCFR = hdma->DMAmuxRequestGenStatusMask;
 465              		.loc 1 289 7 is_stmt 1 view .LVU142
 466              		.loc 1 289 11 is_stmt 0 view .LVU143
 467 0048 A36D     		ldr	r3, [r4, #88]
 468              		.loc 1 289 49 view .LVU144
 469 004a E26D     		ldr	r2, [r4, #92]
 470              		.loc 1 289 43 view .LVU145
 471 004c 5A60     		str	r2, [r3, #4]
 290:Drivers/STM32G0xx_HAL_Driver/Src/stm32g0xx_hal_dma_ex.c **** 
 291:Drivers/STM32G0xx_HAL_Driver/Src/stm32g0xx_hal_dma_ex.c ****       /* Update error code */
 292:Drivers/STM32G0xx_HAL_Driver/Src/stm32g0xx_hal_dma_ex.c ****       hdma->ErrorCode |= HAL_DMA_ERROR_REQGEN;
 472              		.loc 1 292 7 is_stmt 1 view .LVU146
 473              		.loc 1 292 23 is_stmt 0 view .LVU147
 474 004e E26B     		ldr	r2, [r4, #60]
 475 0050 8023     		movs	r3, #128
 476 0052 DB00     		lsls	r3, r3, #3
ARM GAS  /tmp/ccD3VkfN.s 			page 15


 477 0054 1343     		orrs	r3, r2
 478 0056 E363     		str	r3, [r4, #60]
 293:Drivers/STM32G0xx_HAL_Driver/Src/stm32g0xx_hal_dma_ex.c **** 
 294:Drivers/STM32G0xx_HAL_Driver/Src/stm32g0xx_hal_dma_ex.c ****       if (hdma->XferErrorCallback != NULL)
 479              		.loc 1 294 7 is_stmt 1 view .LVU148
 480              		.loc 1 294 15 is_stmt 0 view .LVU149
 481 0058 636B     		ldr	r3, [r4, #52]
 482              		.loc 1 294 10 view .LVU150
 483 005a 002B     		cmp	r3, #0
 484 005c 01D0     		beq	.L23
 295:Drivers/STM32G0xx_HAL_Driver/Src/stm32g0xx_hal_dma_ex.c ****       {
 296:Drivers/STM32G0xx_HAL_Driver/Src/stm32g0xx_hal_dma_ex.c ****         /* Transfer error callback */
 297:Drivers/STM32G0xx_HAL_Driver/Src/stm32g0xx_hal_dma_ex.c ****         hdma->XferErrorCallback(hdma);
 485              		.loc 1 297 9 is_stmt 1 view .LVU151
 486 005e 2000     		movs	r0, r4
 487 0060 9847     		blx	r3
 488              	.LVL36:
 489              	.L23:
 298:Drivers/STM32G0xx_HAL_Driver/Src/stm32g0xx_hal_dma_ex.c ****       }
 299:Drivers/STM32G0xx_HAL_Driver/Src/stm32g0xx_hal_dma_ex.c ****     }
 300:Drivers/STM32G0xx_HAL_Driver/Src/stm32g0xx_hal_dma_ex.c ****   }
 301:Drivers/STM32G0xx_HAL_Driver/Src/stm32g0xx_hal_dma_ex.c **** }
 490              		.loc 1 301 1 is_stmt 0 view .LVU152
 491              		@ sp needed
 492              	.LVL37:
 493              		.loc 1 301 1 view .LVU153
 494 0062 10BD     		pop	{r4, pc}
 495              	.L27:
 496              		.align	2
 497              	.L26:
 498 0064 FFFEFFFF 		.word	-257
 499              		.cfi_endproc
 500              	.LFE362:
 502              		.text
 503              	.Letext0:
 504              		.file 2 "/usr/arm-none-eabi/include/machine/_default_types.h"
 505              		.file 3 "/usr/arm-none-eabi/include/sys/_stdint.h"
 506              		.file 4 "Drivers/CMSIS/Device/ST/STM32G0xx/Include/stm32g0b1xx.h"
 507              		.file 5 "Drivers/CMSIS/Device/ST/STM32G0xx/Include/stm32g0xx.h"
 508              		.file 6 "Drivers/STM32G0xx_HAL_Driver/Inc/stm32g0xx_hal_def.h"
 509              		.file 7 "Drivers/STM32G0xx_HAL_Driver/Inc/stm32g0xx_hal_dma.h"
 510              		.file 8 "Drivers/STM32G0xx_HAL_Driver/Inc/stm32g0xx_hal_dma_ex.h"
 511              		.file 9 "Drivers/STM32G0xx_HAL_Driver/Inc/stm32g0xx_ll_dma.h"
ARM GAS  /tmp/ccD3VkfN.s 			page 16


DEFINED SYMBOLS
                            *ABS*:0000000000000000 stm32g0xx_hal_dma_ex.c
     /tmp/ccD3VkfN.s:16     .text.HAL_DMAEx_ConfigMuxSync:0000000000000000 $t
     /tmp/ccD3VkfN.s:24     .text.HAL_DMAEx_ConfigMuxSync:0000000000000000 HAL_DMAEx_ConfigMuxSync
     /tmp/ccD3VkfN.s:120    .text.HAL_DMAEx_ConfigMuxRequestGenerator:0000000000000000 $t
     /tmp/ccD3VkfN.s:127    .text.HAL_DMAEx_ConfigMuxRequestGenerator:0000000000000000 HAL_DMAEx_ConfigMuxRequestGenerator
     /tmp/ccD3VkfN.s:255    .text.HAL_DMAEx_EnableMuxRequestGenerator:0000000000000000 $t
     /tmp/ccD3VkfN.s:262    .text.HAL_DMAEx_EnableMuxRequestGenerator:0000000000000000 HAL_DMAEx_EnableMuxRequestGenerator
     /tmp/ccD3VkfN.s:316    .text.HAL_DMAEx_DisableMuxRequestGenerator:0000000000000000 $t
     /tmp/ccD3VkfN.s:323    .text.HAL_DMAEx_DisableMuxRequestGenerator:0000000000000000 HAL_DMAEx_DisableMuxRequestGenerator
     /tmp/ccD3VkfN.s:375    .text.HAL_DMAEx_DisableMuxRequestGenerator:0000000000000024 $d
     /tmp/ccD3VkfN.s:380    .text.HAL_DMAEx_MUX_IRQHandler:0000000000000000 $t
     /tmp/ccD3VkfN.s:387    .text.HAL_DMAEx_MUX_IRQHandler:0000000000000000 HAL_DMAEx_MUX_IRQHandler
     /tmp/ccD3VkfN.s:498    .text.HAL_DMAEx_MUX_IRQHandler:0000000000000064 $d

NO UNDEFINED SYMBOLS
