ARM GAS  /tmp/ccvZL7ww.s 			page 1


   1              		.cpu cortex-m0plus
   2              		.eabi_attribute 20, 1
   3              		.eabi_attribute 21, 1
   4              		.eabi_attribute 23, 3
   5              		.eabi_attribute 24, 1
   6              		.eabi_attribute 25, 1
   7              		.eabi_attribute 26, 1
   8              		.eabi_attribute 30, 1
   9              		.eabi_attribute 34, 0
  10              		.eabi_attribute 18, 4
  11              		.file	"usbd_ioreq.c"
  12              		.text
  13              	.Ltext0:
  14              		.cfi_sections	.debug_frame
  15              		.section	.text.USBD_CtlSendData,"ax",%progbits
  16              		.align	1
  17              		.global	USBD_CtlSendData
  18              		.arch armv6s-m
  19              		.syntax unified
  20              		.code	16
  21              		.thumb_func
  22              		.fpu softvfp
  24              	USBD_CtlSendData:
  25              	.LVL0:
  26              	.LFB362:
  27              		.file 1 "Middlewares/ST/STM32_USB_Device_Library/Core/Src/usbd_ioreq.c"
   1:Middlewares/ST/STM32_USB_Device_Library/Core/Src/usbd_ioreq.c **** /**
   2:Middlewares/ST/STM32_USB_Device_Library/Core/Src/usbd_ioreq.c ****   ******************************************************************************
   3:Middlewares/ST/STM32_USB_Device_Library/Core/Src/usbd_ioreq.c ****   * @file    usbd_ioreq.c
   4:Middlewares/ST/STM32_USB_Device_Library/Core/Src/usbd_ioreq.c ****   * @author  MCD Application Team
   5:Middlewares/ST/STM32_USB_Device_Library/Core/Src/usbd_ioreq.c ****   * @brief   This file provides the IO requests APIs for control endpoints.
   6:Middlewares/ST/STM32_USB_Device_Library/Core/Src/usbd_ioreq.c ****   ******************************************************************************
   7:Middlewares/ST/STM32_USB_Device_Library/Core/Src/usbd_ioreq.c ****   * @attention
   8:Middlewares/ST/STM32_USB_Device_Library/Core/Src/usbd_ioreq.c ****   *
   9:Middlewares/ST/STM32_USB_Device_Library/Core/Src/usbd_ioreq.c ****   * <h2><center>&copy; Copyright (c) 2015 STMicroelectronics.
  10:Middlewares/ST/STM32_USB_Device_Library/Core/Src/usbd_ioreq.c ****   * All rights reserved.</center></h2>
  11:Middlewares/ST/STM32_USB_Device_Library/Core/Src/usbd_ioreq.c ****   *
  12:Middlewares/ST/STM32_USB_Device_Library/Core/Src/usbd_ioreq.c ****   * This software component is licensed by ST under Ultimate Liberty license
  13:Middlewares/ST/STM32_USB_Device_Library/Core/Src/usbd_ioreq.c ****   * SLA0044, the "License"; You may not use this file except in compliance with
  14:Middlewares/ST/STM32_USB_Device_Library/Core/Src/usbd_ioreq.c ****   * the License. You may obtain a copy of the License at:
  15:Middlewares/ST/STM32_USB_Device_Library/Core/Src/usbd_ioreq.c ****   *                      www.st.com/SLA0044
  16:Middlewares/ST/STM32_USB_Device_Library/Core/Src/usbd_ioreq.c ****   *
  17:Middlewares/ST/STM32_USB_Device_Library/Core/Src/usbd_ioreq.c ****   ******************************************************************************
  18:Middlewares/ST/STM32_USB_Device_Library/Core/Src/usbd_ioreq.c ****   */
  19:Middlewares/ST/STM32_USB_Device_Library/Core/Src/usbd_ioreq.c **** 
  20:Middlewares/ST/STM32_USB_Device_Library/Core/Src/usbd_ioreq.c **** /* Includes ------------------------------------------------------------------*/
  21:Middlewares/ST/STM32_USB_Device_Library/Core/Src/usbd_ioreq.c **** #include "usbd_ioreq.h"
  22:Middlewares/ST/STM32_USB_Device_Library/Core/Src/usbd_ioreq.c **** 
  23:Middlewares/ST/STM32_USB_Device_Library/Core/Src/usbd_ioreq.c **** /** @addtogroup STM32_USB_DEVICE_LIBRARY
  24:Middlewares/ST/STM32_USB_Device_Library/Core/Src/usbd_ioreq.c ****   * @{
  25:Middlewares/ST/STM32_USB_Device_Library/Core/Src/usbd_ioreq.c ****   */
  26:Middlewares/ST/STM32_USB_Device_Library/Core/Src/usbd_ioreq.c **** 
  27:Middlewares/ST/STM32_USB_Device_Library/Core/Src/usbd_ioreq.c **** 
  28:Middlewares/ST/STM32_USB_Device_Library/Core/Src/usbd_ioreq.c **** /** @defgroup USBD_IOREQ
  29:Middlewares/ST/STM32_USB_Device_Library/Core/Src/usbd_ioreq.c ****   * @brief control I/O requests module
  30:Middlewares/ST/STM32_USB_Device_Library/Core/Src/usbd_ioreq.c ****   * @{
  31:Middlewares/ST/STM32_USB_Device_Library/Core/Src/usbd_ioreq.c ****   */
ARM GAS  /tmp/ccvZL7ww.s 			page 2


  32:Middlewares/ST/STM32_USB_Device_Library/Core/Src/usbd_ioreq.c **** 
  33:Middlewares/ST/STM32_USB_Device_Library/Core/Src/usbd_ioreq.c **** /** @defgroup USBD_IOREQ_Private_TypesDefinitions
  34:Middlewares/ST/STM32_USB_Device_Library/Core/Src/usbd_ioreq.c ****   * @{
  35:Middlewares/ST/STM32_USB_Device_Library/Core/Src/usbd_ioreq.c ****   */
  36:Middlewares/ST/STM32_USB_Device_Library/Core/Src/usbd_ioreq.c **** /**
  37:Middlewares/ST/STM32_USB_Device_Library/Core/Src/usbd_ioreq.c ****   * @}
  38:Middlewares/ST/STM32_USB_Device_Library/Core/Src/usbd_ioreq.c ****   */
  39:Middlewares/ST/STM32_USB_Device_Library/Core/Src/usbd_ioreq.c **** 
  40:Middlewares/ST/STM32_USB_Device_Library/Core/Src/usbd_ioreq.c **** 
  41:Middlewares/ST/STM32_USB_Device_Library/Core/Src/usbd_ioreq.c **** /** @defgroup USBD_IOREQ_Private_Defines
  42:Middlewares/ST/STM32_USB_Device_Library/Core/Src/usbd_ioreq.c ****   * @{
  43:Middlewares/ST/STM32_USB_Device_Library/Core/Src/usbd_ioreq.c ****   */
  44:Middlewares/ST/STM32_USB_Device_Library/Core/Src/usbd_ioreq.c **** 
  45:Middlewares/ST/STM32_USB_Device_Library/Core/Src/usbd_ioreq.c **** /**
  46:Middlewares/ST/STM32_USB_Device_Library/Core/Src/usbd_ioreq.c ****   * @}
  47:Middlewares/ST/STM32_USB_Device_Library/Core/Src/usbd_ioreq.c ****   */
  48:Middlewares/ST/STM32_USB_Device_Library/Core/Src/usbd_ioreq.c **** 
  49:Middlewares/ST/STM32_USB_Device_Library/Core/Src/usbd_ioreq.c **** 
  50:Middlewares/ST/STM32_USB_Device_Library/Core/Src/usbd_ioreq.c **** /** @defgroup USBD_IOREQ_Private_Macros
  51:Middlewares/ST/STM32_USB_Device_Library/Core/Src/usbd_ioreq.c ****   * @{
  52:Middlewares/ST/STM32_USB_Device_Library/Core/Src/usbd_ioreq.c ****   */
  53:Middlewares/ST/STM32_USB_Device_Library/Core/Src/usbd_ioreq.c **** /**
  54:Middlewares/ST/STM32_USB_Device_Library/Core/Src/usbd_ioreq.c ****   * @}
  55:Middlewares/ST/STM32_USB_Device_Library/Core/Src/usbd_ioreq.c ****   */
  56:Middlewares/ST/STM32_USB_Device_Library/Core/Src/usbd_ioreq.c **** 
  57:Middlewares/ST/STM32_USB_Device_Library/Core/Src/usbd_ioreq.c **** 
  58:Middlewares/ST/STM32_USB_Device_Library/Core/Src/usbd_ioreq.c **** /** @defgroup USBD_IOREQ_Private_Variables
  59:Middlewares/ST/STM32_USB_Device_Library/Core/Src/usbd_ioreq.c ****   * @{
  60:Middlewares/ST/STM32_USB_Device_Library/Core/Src/usbd_ioreq.c ****   */
  61:Middlewares/ST/STM32_USB_Device_Library/Core/Src/usbd_ioreq.c **** 
  62:Middlewares/ST/STM32_USB_Device_Library/Core/Src/usbd_ioreq.c **** /**
  63:Middlewares/ST/STM32_USB_Device_Library/Core/Src/usbd_ioreq.c ****   * @}
  64:Middlewares/ST/STM32_USB_Device_Library/Core/Src/usbd_ioreq.c ****   */
  65:Middlewares/ST/STM32_USB_Device_Library/Core/Src/usbd_ioreq.c **** 
  66:Middlewares/ST/STM32_USB_Device_Library/Core/Src/usbd_ioreq.c **** 
  67:Middlewares/ST/STM32_USB_Device_Library/Core/Src/usbd_ioreq.c **** /** @defgroup USBD_IOREQ_Private_FunctionPrototypes
  68:Middlewares/ST/STM32_USB_Device_Library/Core/Src/usbd_ioreq.c ****   * @{
  69:Middlewares/ST/STM32_USB_Device_Library/Core/Src/usbd_ioreq.c ****   */
  70:Middlewares/ST/STM32_USB_Device_Library/Core/Src/usbd_ioreq.c **** /**
  71:Middlewares/ST/STM32_USB_Device_Library/Core/Src/usbd_ioreq.c ****   * @}
  72:Middlewares/ST/STM32_USB_Device_Library/Core/Src/usbd_ioreq.c ****   */
  73:Middlewares/ST/STM32_USB_Device_Library/Core/Src/usbd_ioreq.c **** 
  74:Middlewares/ST/STM32_USB_Device_Library/Core/Src/usbd_ioreq.c **** 
  75:Middlewares/ST/STM32_USB_Device_Library/Core/Src/usbd_ioreq.c **** /** @defgroup USBD_IOREQ_Private_Functions
  76:Middlewares/ST/STM32_USB_Device_Library/Core/Src/usbd_ioreq.c ****   * @{
  77:Middlewares/ST/STM32_USB_Device_Library/Core/Src/usbd_ioreq.c ****   */
  78:Middlewares/ST/STM32_USB_Device_Library/Core/Src/usbd_ioreq.c **** 
  79:Middlewares/ST/STM32_USB_Device_Library/Core/Src/usbd_ioreq.c **** /**
  80:Middlewares/ST/STM32_USB_Device_Library/Core/Src/usbd_ioreq.c ****   * @brief  USBD_CtlSendData
  81:Middlewares/ST/STM32_USB_Device_Library/Core/Src/usbd_ioreq.c ****   *         send data on the ctl pipe
  82:Middlewares/ST/STM32_USB_Device_Library/Core/Src/usbd_ioreq.c ****   * @param  pdev: device instance
  83:Middlewares/ST/STM32_USB_Device_Library/Core/Src/usbd_ioreq.c ****   * @param  buff: pointer to data buffer
  84:Middlewares/ST/STM32_USB_Device_Library/Core/Src/usbd_ioreq.c ****   * @param  len: length of data to be sent
  85:Middlewares/ST/STM32_USB_Device_Library/Core/Src/usbd_ioreq.c ****   * @retval status
  86:Middlewares/ST/STM32_USB_Device_Library/Core/Src/usbd_ioreq.c ****   */
  87:Middlewares/ST/STM32_USB_Device_Library/Core/Src/usbd_ioreq.c **** USBD_StatusTypeDef USBD_CtlSendData(USBD_HandleTypeDef *pdev,
  88:Middlewares/ST/STM32_USB_Device_Library/Core/Src/usbd_ioreq.c ****                                     uint8_t *pbuf, uint32_t len)
ARM GAS  /tmp/ccvZL7ww.s 			page 3


  89:Middlewares/ST/STM32_USB_Device_Library/Core/Src/usbd_ioreq.c **** {
  28              		.loc 1 89 1 view -0
  29              		.cfi_startproc
  30              		@ args = 0, pretend = 0, frame = 0
  31              		@ frame_needed = 0, uses_anonymous_args = 0
  32              		.loc 1 89 1 is_stmt 0 view .LVU1
  33 0000 10B5     		push	{r4, lr}
  34              	.LCFI0:
  35              		.cfi_def_cfa_offset 8
  36              		.cfi_offset 4, -8
  37              		.cfi_offset 14, -4
  38 0002 1300     		movs	r3, r2
  90:Middlewares/ST/STM32_USB_Device_Library/Core/Src/usbd_ioreq.c ****   /* Set EP0 State */
  91:Middlewares/ST/STM32_USB_Device_Library/Core/Src/usbd_ioreq.c ****   pdev->ep0_state = USBD_EP0_DATA_IN;
  39              		.loc 1 91 3 is_stmt 1 view .LVU2
  40              		.loc 1 91 19 is_stmt 0 view .LVU3
  41 0004 A522     		movs	r2, #165
  42              	.LVL1:
  43              		.loc 1 91 19 view .LVU4
  44 0006 9200     		lsls	r2, r2, #2
  45 0008 0224     		movs	r4, #2
  46 000a 8450     		str	r4, [r0, r2]
  92:Middlewares/ST/STM32_USB_Device_Library/Core/Src/usbd_ioreq.c ****   pdev->ep_in[0].total_length = len;
  47              		.loc 1 92 3 is_stmt 1 view .LVU5
  48              		.loc 1 92 31 is_stmt 0 view .LVU6
  49 000c 8361     		str	r3, [r0, #24]
  93:Middlewares/ST/STM32_USB_Device_Library/Core/Src/usbd_ioreq.c **** 
  94:Middlewares/ST/STM32_USB_Device_Library/Core/Src/usbd_ioreq.c **** #ifdef USBD_AVOID_PACKET_SPLIT_MPS
  95:Middlewares/ST/STM32_USB_Device_Library/Core/Src/usbd_ioreq.c ****   pdev->ep_in[0].rem_length = 0U;
  96:Middlewares/ST/STM32_USB_Device_Library/Core/Src/usbd_ioreq.c **** #else
  97:Middlewares/ST/STM32_USB_Device_Library/Core/Src/usbd_ioreq.c ****   pdev->ep_in[0].rem_length = len;
  50              		.loc 1 97 3 is_stmt 1 view .LVU7
  51              		.loc 1 97 29 is_stmt 0 view .LVU8
  52 000e C361     		str	r3, [r0, #28]
  98:Middlewares/ST/STM32_USB_Device_Library/Core/Src/usbd_ioreq.c **** #endif
  99:Middlewares/ST/STM32_USB_Device_Library/Core/Src/usbd_ioreq.c **** 
 100:Middlewares/ST/STM32_USB_Device_Library/Core/Src/usbd_ioreq.c ****   /* Start the transfer */
 101:Middlewares/ST/STM32_USB_Device_Library/Core/Src/usbd_ioreq.c ****   (void)USBD_LL_Transmit(pdev, 0x00U, pbuf, len);
  53              		.loc 1 101 3 is_stmt 1 view .LVU9
  54              		.loc 1 101 9 is_stmt 0 view .LVU10
  55 0010 0A00     		movs	r2, r1
  56 0012 0021     		movs	r1, #0
  57              	.LVL2:
  58              		.loc 1 101 9 view .LVU11
  59 0014 FFF7FEFF 		bl	USBD_LL_Transmit
  60              	.LVL3:
 102:Middlewares/ST/STM32_USB_Device_Library/Core/Src/usbd_ioreq.c **** 
 103:Middlewares/ST/STM32_USB_Device_Library/Core/Src/usbd_ioreq.c ****   return USBD_OK;
  61              		.loc 1 103 3 is_stmt 1 view .LVU12
 104:Middlewares/ST/STM32_USB_Device_Library/Core/Src/usbd_ioreq.c **** }
  62              		.loc 1 104 1 is_stmt 0 view .LVU13
  63 0018 0020     		movs	r0, #0
  64              		@ sp needed
  65 001a 10BD     		pop	{r4, pc}
  66              		.cfi_endproc
  67              	.LFE362:
  69              		.section	.text.USBD_CtlContinueSendData,"ax",%progbits
ARM GAS  /tmp/ccvZL7ww.s 			page 4


  70              		.align	1
  71              		.global	USBD_CtlContinueSendData
  72              		.syntax unified
  73              		.code	16
  74              		.thumb_func
  75              		.fpu softvfp
  77              	USBD_CtlContinueSendData:
  78              	.LVL4:
  79              	.LFB363:
 105:Middlewares/ST/STM32_USB_Device_Library/Core/Src/usbd_ioreq.c **** 
 106:Middlewares/ST/STM32_USB_Device_Library/Core/Src/usbd_ioreq.c **** /**
 107:Middlewares/ST/STM32_USB_Device_Library/Core/Src/usbd_ioreq.c ****   * @brief  USBD_CtlContinueSendData
 108:Middlewares/ST/STM32_USB_Device_Library/Core/Src/usbd_ioreq.c ****   *         continue sending data on the ctl pipe
 109:Middlewares/ST/STM32_USB_Device_Library/Core/Src/usbd_ioreq.c ****   * @param  pdev: device instance
 110:Middlewares/ST/STM32_USB_Device_Library/Core/Src/usbd_ioreq.c ****   * @param  buff: pointer to data buffer
 111:Middlewares/ST/STM32_USB_Device_Library/Core/Src/usbd_ioreq.c ****   * @param  len: length of data to be sent
 112:Middlewares/ST/STM32_USB_Device_Library/Core/Src/usbd_ioreq.c ****   * @retval status
 113:Middlewares/ST/STM32_USB_Device_Library/Core/Src/usbd_ioreq.c ****   */
 114:Middlewares/ST/STM32_USB_Device_Library/Core/Src/usbd_ioreq.c **** USBD_StatusTypeDef USBD_CtlContinueSendData(USBD_HandleTypeDef *pdev,
 115:Middlewares/ST/STM32_USB_Device_Library/Core/Src/usbd_ioreq.c ****                                             uint8_t *pbuf, uint32_t len)
 116:Middlewares/ST/STM32_USB_Device_Library/Core/Src/usbd_ioreq.c **** {
  80              		.loc 1 116 1 is_stmt 1 view -0
  81              		.cfi_startproc
  82              		@ args = 0, pretend = 0, frame = 0
  83              		@ frame_needed = 0, uses_anonymous_args = 0
  84              		.loc 1 116 1 is_stmt 0 view .LVU15
  85 0000 10B5     		push	{r4, lr}
  86              	.LCFI1:
  87              		.cfi_def_cfa_offset 8
  88              		.cfi_offset 4, -8
  89              		.cfi_offset 14, -4
  90 0002 1300     		movs	r3, r2
 117:Middlewares/ST/STM32_USB_Device_Library/Core/Src/usbd_ioreq.c ****   /* Start the next transfer */
 118:Middlewares/ST/STM32_USB_Device_Library/Core/Src/usbd_ioreq.c ****   (void)USBD_LL_Transmit(pdev, 0x00U, pbuf, len);
  91              		.loc 1 118 3 is_stmt 1 view .LVU16
  92              		.loc 1 118 9 is_stmt 0 view .LVU17
  93 0004 0A00     		movs	r2, r1
  94              	.LVL5:
  95              		.loc 1 118 9 view .LVU18
  96 0006 0021     		movs	r1, #0
  97              	.LVL6:
  98              		.loc 1 118 9 view .LVU19
  99 0008 FFF7FEFF 		bl	USBD_LL_Transmit
 100              	.LVL7:
 119:Middlewares/ST/STM32_USB_Device_Library/Core/Src/usbd_ioreq.c **** 
 120:Middlewares/ST/STM32_USB_Device_Library/Core/Src/usbd_ioreq.c ****   return USBD_OK;
 101              		.loc 1 120 3 is_stmt 1 view .LVU20
 121:Middlewares/ST/STM32_USB_Device_Library/Core/Src/usbd_ioreq.c **** }
 102              		.loc 1 121 1 is_stmt 0 view .LVU21
 103 000c 0020     		movs	r0, #0
 104              		@ sp needed
 105 000e 10BD     		pop	{r4, pc}
 106              		.cfi_endproc
 107              	.LFE363:
 109              		.section	.text.USBD_CtlPrepareRx,"ax",%progbits
 110              		.align	1
 111              		.global	USBD_CtlPrepareRx
ARM GAS  /tmp/ccvZL7ww.s 			page 5


 112              		.syntax unified
 113              		.code	16
 114              		.thumb_func
 115              		.fpu softvfp
 117              	USBD_CtlPrepareRx:
 118              	.LVL8:
 119              	.LFB364:
 122:Middlewares/ST/STM32_USB_Device_Library/Core/Src/usbd_ioreq.c **** 
 123:Middlewares/ST/STM32_USB_Device_Library/Core/Src/usbd_ioreq.c **** /**
 124:Middlewares/ST/STM32_USB_Device_Library/Core/Src/usbd_ioreq.c ****   * @brief  USBD_CtlPrepareRx
 125:Middlewares/ST/STM32_USB_Device_Library/Core/Src/usbd_ioreq.c ****   *         receive data on the ctl pipe
 126:Middlewares/ST/STM32_USB_Device_Library/Core/Src/usbd_ioreq.c ****   * @param  pdev: device instance
 127:Middlewares/ST/STM32_USB_Device_Library/Core/Src/usbd_ioreq.c ****   * @param  buff: pointer to data buffer
 128:Middlewares/ST/STM32_USB_Device_Library/Core/Src/usbd_ioreq.c ****   * @param  len: length of data to be received
 129:Middlewares/ST/STM32_USB_Device_Library/Core/Src/usbd_ioreq.c ****   * @retval status
 130:Middlewares/ST/STM32_USB_Device_Library/Core/Src/usbd_ioreq.c ****   */
 131:Middlewares/ST/STM32_USB_Device_Library/Core/Src/usbd_ioreq.c **** USBD_StatusTypeDef USBD_CtlPrepareRx(USBD_HandleTypeDef *pdev,
 132:Middlewares/ST/STM32_USB_Device_Library/Core/Src/usbd_ioreq.c ****                                      uint8_t *pbuf, uint32_t len)
 133:Middlewares/ST/STM32_USB_Device_Library/Core/Src/usbd_ioreq.c **** {
 120              		.loc 1 133 1 is_stmt 1 view -0
 121              		.cfi_startproc
 122              		@ args = 0, pretend = 0, frame = 0
 123              		@ frame_needed = 0, uses_anonymous_args = 0
 124              		.loc 1 133 1 is_stmt 0 view .LVU23
 125 0000 10B5     		push	{r4, lr}
 126              	.LCFI2:
 127              		.cfi_def_cfa_offset 8
 128              		.cfi_offset 4, -8
 129              		.cfi_offset 14, -4
 130 0002 1300     		movs	r3, r2
 134:Middlewares/ST/STM32_USB_Device_Library/Core/Src/usbd_ioreq.c ****   /* Set EP0 State */
 135:Middlewares/ST/STM32_USB_Device_Library/Core/Src/usbd_ioreq.c ****   pdev->ep0_state = USBD_EP0_DATA_OUT;
 131              		.loc 1 135 3 is_stmt 1 view .LVU24
 132              		.loc 1 135 19 is_stmt 0 view .LVU25
 133 0004 A522     		movs	r2, #165
 134              	.LVL9:
 135              		.loc 1 135 19 view .LVU26
 136 0006 9200     		lsls	r2, r2, #2
 137 0008 0324     		movs	r4, #3
 138 000a 8450     		str	r4, [r0, r2]
 136:Middlewares/ST/STM32_USB_Device_Library/Core/Src/usbd_ioreq.c ****   pdev->ep_out[0].total_length = len;
 139              		.loc 1 136 3 is_stmt 1 view .LVU27
 140              		.loc 1 136 32 is_stmt 0 view .LVU28
 141 000c 3D3A     		subs	r2, r2, #61
 142 000e FF3A     		subs	r2, r2, #255
 143 0010 8350     		str	r3, [r0, r2]
 137:Middlewares/ST/STM32_USB_Device_Library/Core/Src/usbd_ioreq.c **** 
 138:Middlewares/ST/STM32_USB_Device_Library/Core/Src/usbd_ioreq.c **** #ifdef USBD_AVOID_PACKET_SPLIT_MPS
 139:Middlewares/ST/STM32_USB_Device_Library/Core/Src/usbd_ioreq.c ****   pdev->ep_out[0].rem_length = 0U;
 140:Middlewares/ST/STM32_USB_Device_Library/Core/Src/usbd_ioreq.c **** #else
 141:Middlewares/ST/STM32_USB_Device_Library/Core/Src/usbd_ioreq.c ****   pdev->ep_out[0].rem_length = len;
 144              		.loc 1 141 3 is_stmt 1 view .LVU29
 145              		.loc 1 141 30 is_stmt 0 view .LVU30
 146 0012 0432     		adds	r2, r2, #4
 147 0014 8350     		str	r3, [r0, r2]
 142:Middlewares/ST/STM32_USB_Device_Library/Core/Src/usbd_ioreq.c **** #endif
 143:Middlewares/ST/STM32_USB_Device_Library/Core/Src/usbd_ioreq.c **** 
ARM GAS  /tmp/ccvZL7ww.s 			page 6


 144:Middlewares/ST/STM32_USB_Device_Library/Core/Src/usbd_ioreq.c ****   /* Start the transfer */
 145:Middlewares/ST/STM32_USB_Device_Library/Core/Src/usbd_ioreq.c ****   (void)USBD_LL_PrepareReceive(pdev, 0U, pbuf, len);
 148              		.loc 1 145 3 is_stmt 1 view .LVU31
 149              		.loc 1 145 9 is_stmt 0 view .LVU32
 150 0016 0A00     		movs	r2, r1
 151 0018 0021     		movs	r1, #0
 152              	.LVL10:
 153              		.loc 1 145 9 view .LVU33
 154 001a FFF7FEFF 		bl	USBD_LL_PrepareReceive
 155              	.LVL11:
 146:Middlewares/ST/STM32_USB_Device_Library/Core/Src/usbd_ioreq.c **** 
 147:Middlewares/ST/STM32_USB_Device_Library/Core/Src/usbd_ioreq.c ****   return USBD_OK;
 156              		.loc 1 147 3 is_stmt 1 view .LVU34
 148:Middlewares/ST/STM32_USB_Device_Library/Core/Src/usbd_ioreq.c **** }
 157              		.loc 1 148 1 is_stmt 0 view .LVU35
 158 001e 0020     		movs	r0, #0
 159              		@ sp needed
 160 0020 10BD     		pop	{r4, pc}
 161              		.cfi_endproc
 162              	.LFE364:
 164              		.section	.text.USBD_CtlContinueRx,"ax",%progbits
 165              		.align	1
 166              		.global	USBD_CtlContinueRx
 167              		.syntax unified
 168              		.code	16
 169              		.thumb_func
 170              		.fpu softvfp
 172              	USBD_CtlContinueRx:
 173              	.LVL12:
 174              	.LFB365:
 149:Middlewares/ST/STM32_USB_Device_Library/Core/Src/usbd_ioreq.c **** 
 150:Middlewares/ST/STM32_USB_Device_Library/Core/Src/usbd_ioreq.c **** /**
 151:Middlewares/ST/STM32_USB_Device_Library/Core/Src/usbd_ioreq.c ****   * @brief  USBD_CtlContinueRx
 152:Middlewares/ST/STM32_USB_Device_Library/Core/Src/usbd_ioreq.c ****   *         continue receive data on the ctl pipe
 153:Middlewares/ST/STM32_USB_Device_Library/Core/Src/usbd_ioreq.c ****   * @param  pdev: device instance
 154:Middlewares/ST/STM32_USB_Device_Library/Core/Src/usbd_ioreq.c ****   * @param  buff: pointer to data buffer
 155:Middlewares/ST/STM32_USB_Device_Library/Core/Src/usbd_ioreq.c ****   * @param  len: length of data to be received
 156:Middlewares/ST/STM32_USB_Device_Library/Core/Src/usbd_ioreq.c ****   * @retval status
 157:Middlewares/ST/STM32_USB_Device_Library/Core/Src/usbd_ioreq.c ****   */
 158:Middlewares/ST/STM32_USB_Device_Library/Core/Src/usbd_ioreq.c **** USBD_StatusTypeDef USBD_CtlContinueRx(USBD_HandleTypeDef *pdev,
 159:Middlewares/ST/STM32_USB_Device_Library/Core/Src/usbd_ioreq.c ****                                       uint8_t *pbuf, uint32_t len)
 160:Middlewares/ST/STM32_USB_Device_Library/Core/Src/usbd_ioreq.c **** {
 175              		.loc 1 160 1 is_stmt 1 view -0
 176              		.cfi_startproc
 177              		@ args = 0, pretend = 0, frame = 0
 178              		@ frame_needed = 0, uses_anonymous_args = 0
 179              		.loc 1 160 1 is_stmt 0 view .LVU37
 180 0000 10B5     		push	{r4, lr}
 181              	.LCFI3:
 182              		.cfi_def_cfa_offset 8
 183              		.cfi_offset 4, -8
 184              		.cfi_offset 14, -4
 185 0002 1300     		movs	r3, r2
 161:Middlewares/ST/STM32_USB_Device_Library/Core/Src/usbd_ioreq.c ****   (void)USBD_LL_PrepareReceive(pdev, 0U, pbuf, len);
 186              		.loc 1 161 3 is_stmt 1 view .LVU38
 187              		.loc 1 161 9 is_stmt 0 view .LVU39
 188 0004 0A00     		movs	r2, r1
ARM GAS  /tmp/ccvZL7ww.s 			page 7


 189              	.LVL13:
 190              		.loc 1 161 9 view .LVU40
 191 0006 0021     		movs	r1, #0
 192              	.LVL14:
 193              		.loc 1 161 9 view .LVU41
 194 0008 FFF7FEFF 		bl	USBD_LL_PrepareReceive
 195              	.LVL15:
 162:Middlewares/ST/STM32_USB_Device_Library/Core/Src/usbd_ioreq.c **** 
 163:Middlewares/ST/STM32_USB_Device_Library/Core/Src/usbd_ioreq.c ****   return USBD_OK;
 196              		.loc 1 163 3 is_stmt 1 view .LVU42
 164:Middlewares/ST/STM32_USB_Device_Library/Core/Src/usbd_ioreq.c **** }
 197              		.loc 1 164 1 is_stmt 0 view .LVU43
 198 000c 0020     		movs	r0, #0
 199              		@ sp needed
 200 000e 10BD     		pop	{r4, pc}
 201              		.cfi_endproc
 202              	.LFE365:
 204              		.section	.text.USBD_CtlSendStatus,"ax",%progbits
 205              		.align	1
 206              		.global	USBD_CtlSendStatus
 207              		.syntax unified
 208              		.code	16
 209              		.thumb_func
 210              		.fpu softvfp
 212              	USBD_CtlSendStatus:
 213              	.LVL16:
 214              	.LFB366:
 165:Middlewares/ST/STM32_USB_Device_Library/Core/Src/usbd_ioreq.c **** 
 166:Middlewares/ST/STM32_USB_Device_Library/Core/Src/usbd_ioreq.c **** /**
 167:Middlewares/ST/STM32_USB_Device_Library/Core/Src/usbd_ioreq.c ****   * @brief  USBD_CtlSendStatus
 168:Middlewares/ST/STM32_USB_Device_Library/Core/Src/usbd_ioreq.c ****   *         send zero lzngth packet on the ctl pipe
 169:Middlewares/ST/STM32_USB_Device_Library/Core/Src/usbd_ioreq.c ****   * @param  pdev: device instance
 170:Middlewares/ST/STM32_USB_Device_Library/Core/Src/usbd_ioreq.c ****   * @retval status
 171:Middlewares/ST/STM32_USB_Device_Library/Core/Src/usbd_ioreq.c ****   */
 172:Middlewares/ST/STM32_USB_Device_Library/Core/Src/usbd_ioreq.c **** USBD_StatusTypeDef USBD_CtlSendStatus(USBD_HandleTypeDef *pdev)
 173:Middlewares/ST/STM32_USB_Device_Library/Core/Src/usbd_ioreq.c **** {
 215              		.loc 1 173 1 is_stmt 1 view -0
 216              		.cfi_startproc
 217              		@ args = 0, pretend = 0, frame = 0
 218              		@ frame_needed = 0, uses_anonymous_args = 0
 219              		.loc 1 173 1 is_stmt 0 view .LVU45
 220 0000 10B5     		push	{r4, lr}
 221              	.LCFI4:
 222              		.cfi_def_cfa_offset 8
 223              		.cfi_offset 4, -8
 224              		.cfi_offset 14, -4
 174:Middlewares/ST/STM32_USB_Device_Library/Core/Src/usbd_ioreq.c ****   /* Set EP0 State */
 175:Middlewares/ST/STM32_USB_Device_Library/Core/Src/usbd_ioreq.c ****   pdev->ep0_state = USBD_EP0_STATUS_IN;
 225              		.loc 1 175 3 is_stmt 1 view .LVU46
 226              		.loc 1 175 19 is_stmt 0 view .LVU47
 227 0002 A523     		movs	r3, #165
 228 0004 9B00     		lsls	r3, r3, #2
 229 0006 0422     		movs	r2, #4
 230 0008 C250     		str	r2, [r0, r3]
 176:Middlewares/ST/STM32_USB_Device_Library/Core/Src/usbd_ioreq.c **** 
 177:Middlewares/ST/STM32_USB_Device_Library/Core/Src/usbd_ioreq.c ****   /* Start the transfer */
 178:Middlewares/ST/STM32_USB_Device_Library/Core/Src/usbd_ioreq.c ****   (void)USBD_LL_Transmit(pdev, 0x00U, NULL, 0U);
ARM GAS  /tmp/ccvZL7ww.s 			page 8


 231              		.loc 1 178 3 is_stmt 1 view .LVU48
 232              		.loc 1 178 9 is_stmt 0 view .LVU49
 233 000a 0023     		movs	r3, #0
 234 000c 0022     		movs	r2, #0
 235 000e 0021     		movs	r1, #0
 236 0010 FFF7FEFF 		bl	USBD_LL_Transmit
 237              	.LVL17:
 179:Middlewares/ST/STM32_USB_Device_Library/Core/Src/usbd_ioreq.c **** 
 180:Middlewares/ST/STM32_USB_Device_Library/Core/Src/usbd_ioreq.c ****   return USBD_OK;
 238              		.loc 1 180 3 is_stmt 1 view .LVU50
 181:Middlewares/ST/STM32_USB_Device_Library/Core/Src/usbd_ioreq.c **** }
 239              		.loc 1 181 1 is_stmt 0 view .LVU51
 240 0014 0020     		movs	r0, #0
 241              		@ sp needed
 242 0016 10BD     		pop	{r4, pc}
 243              		.cfi_endproc
 244              	.LFE366:
 246              		.section	.text.USBD_CtlReceiveStatus,"ax",%progbits
 247              		.align	1
 248              		.global	USBD_CtlReceiveStatus
 249              		.syntax unified
 250              		.code	16
 251              		.thumb_func
 252              		.fpu softvfp
 254              	USBD_CtlReceiveStatus:
 255              	.LVL18:
 256              	.LFB367:
 182:Middlewares/ST/STM32_USB_Device_Library/Core/Src/usbd_ioreq.c **** 
 183:Middlewares/ST/STM32_USB_Device_Library/Core/Src/usbd_ioreq.c **** /**
 184:Middlewares/ST/STM32_USB_Device_Library/Core/Src/usbd_ioreq.c ****   * @brief  USBD_CtlReceiveStatus
 185:Middlewares/ST/STM32_USB_Device_Library/Core/Src/usbd_ioreq.c ****   *         receive zero lzngth packet on the ctl pipe
 186:Middlewares/ST/STM32_USB_Device_Library/Core/Src/usbd_ioreq.c ****   * @param  pdev: device instance
 187:Middlewares/ST/STM32_USB_Device_Library/Core/Src/usbd_ioreq.c ****   * @retval status
 188:Middlewares/ST/STM32_USB_Device_Library/Core/Src/usbd_ioreq.c ****   */
 189:Middlewares/ST/STM32_USB_Device_Library/Core/Src/usbd_ioreq.c **** USBD_StatusTypeDef USBD_CtlReceiveStatus(USBD_HandleTypeDef *pdev)
 190:Middlewares/ST/STM32_USB_Device_Library/Core/Src/usbd_ioreq.c **** {
 257              		.loc 1 190 1 is_stmt 1 view -0
 258              		.cfi_startproc
 259              		@ args = 0, pretend = 0, frame = 0
 260              		@ frame_needed = 0, uses_anonymous_args = 0
 261              		.loc 1 190 1 is_stmt 0 view .LVU53
 262 0000 10B5     		push	{r4, lr}
 263              	.LCFI5:
 264              		.cfi_def_cfa_offset 8
 265              		.cfi_offset 4, -8
 266              		.cfi_offset 14, -4
 191:Middlewares/ST/STM32_USB_Device_Library/Core/Src/usbd_ioreq.c ****   /* Set EP0 State */
 192:Middlewares/ST/STM32_USB_Device_Library/Core/Src/usbd_ioreq.c ****   pdev->ep0_state = USBD_EP0_STATUS_OUT;
 267              		.loc 1 192 3 is_stmt 1 view .LVU54
 268              		.loc 1 192 19 is_stmt 0 view .LVU55
 269 0002 A523     		movs	r3, #165
 270 0004 9B00     		lsls	r3, r3, #2
 271 0006 0522     		movs	r2, #5
 272 0008 C250     		str	r2, [r0, r3]
 193:Middlewares/ST/STM32_USB_Device_Library/Core/Src/usbd_ioreq.c **** 
 194:Middlewares/ST/STM32_USB_Device_Library/Core/Src/usbd_ioreq.c ****   /* Start the transfer */
 195:Middlewares/ST/STM32_USB_Device_Library/Core/Src/usbd_ioreq.c ****   (void)USBD_LL_PrepareReceive(pdev, 0U, NULL, 0U);
ARM GAS  /tmp/ccvZL7ww.s 			page 9


 273              		.loc 1 195 3 is_stmt 1 view .LVU56
 274              		.loc 1 195 9 is_stmt 0 view .LVU57
 275 000a 0023     		movs	r3, #0
 276 000c 0022     		movs	r2, #0
 277 000e 0021     		movs	r1, #0
 278 0010 FFF7FEFF 		bl	USBD_LL_PrepareReceive
 279              	.LVL19:
 196:Middlewares/ST/STM32_USB_Device_Library/Core/Src/usbd_ioreq.c **** 
 197:Middlewares/ST/STM32_USB_Device_Library/Core/Src/usbd_ioreq.c ****   return USBD_OK;
 280              		.loc 1 197 3 is_stmt 1 view .LVU58
 198:Middlewares/ST/STM32_USB_Device_Library/Core/Src/usbd_ioreq.c **** }
 281              		.loc 1 198 1 is_stmt 0 view .LVU59
 282 0014 0020     		movs	r0, #0
 283              		@ sp needed
 284 0016 10BD     		pop	{r4, pc}
 285              		.cfi_endproc
 286              	.LFE367:
 288              		.section	.text.USBD_GetRxCount,"ax",%progbits
 289              		.align	1
 290              		.global	USBD_GetRxCount
 291              		.syntax unified
 292              		.code	16
 293              		.thumb_func
 294              		.fpu softvfp
 296              	USBD_GetRxCount:
 297              	.LVL20:
 298              	.LFB368:
 199:Middlewares/ST/STM32_USB_Device_Library/Core/Src/usbd_ioreq.c **** 
 200:Middlewares/ST/STM32_USB_Device_Library/Core/Src/usbd_ioreq.c **** /**
 201:Middlewares/ST/STM32_USB_Device_Library/Core/Src/usbd_ioreq.c ****   * @brief  USBD_GetRxCount
 202:Middlewares/ST/STM32_USB_Device_Library/Core/Src/usbd_ioreq.c ****   *         returns the received data length
 203:Middlewares/ST/STM32_USB_Device_Library/Core/Src/usbd_ioreq.c ****   * @param  pdev: device instance
 204:Middlewares/ST/STM32_USB_Device_Library/Core/Src/usbd_ioreq.c ****   * @param  ep_addr: endpoint address
 205:Middlewares/ST/STM32_USB_Device_Library/Core/Src/usbd_ioreq.c ****   * @retval Rx Data blength
 206:Middlewares/ST/STM32_USB_Device_Library/Core/Src/usbd_ioreq.c ****   */
 207:Middlewares/ST/STM32_USB_Device_Library/Core/Src/usbd_ioreq.c **** uint32_t USBD_GetRxCount(USBD_HandleTypeDef *pdev, uint8_t ep_addr)
 208:Middlewares/ST/STM32_USB_Device_Library/Core/Src/usbd_ioreq.c **** {
 299              		.loc 1 208 1 is_stmt 1 view -0
 300              		.cfi_startproc
 301              		@ args = 0, pretend = 0, frame = 0
 302              		@ frame_needed = 0, uses_anonymous_args = 0
 303              		.loc 1 208 1 is_stmt 0 view .LVU61
 304 0000 10B5     		push	{r4, lr}
 305              	.LCFI6:
 306              		.cfi_def_cfa_offset 8
 307              		.cfi_offset 4, -8
 308              		.cfi_offset 14, -4
 209:Middlewares/ST/STM32_USB_Device_Library/Core/Src/usbd_ioreq.c ****   return USBD_LL_GetRxDataSize(pdev, ep_addr);
 309              		.loc 1 209 3 is_stmt 1 view .LVU62
 310              		.loc 1 209 10 is_stmt 0 view .LVU63
 311 0002 FFF7FEFF 		bl	USBD_LL_GetRxDataSize
 312              	.LVL21:
 210:Middlewares/ST/STM32_USB_Device_Library/Core/Src/usbd_ioreq.c **** }
 313              		.loc 1 210 1 view .LVU64
 314              		@ sp needed
 315 0006 10BD     		pop	{r4, pc}
 316              		.cfi_endproc
ARM GAS  /tmp/ccvZL7ww.s 			page 10


 317              	.LFE368:
 319              		.text
 320              	.Letext0:
 321              		.file 2 "/usr/arm-none-eabi/include/machine/_default_types.h"
 322              		.file 3 "/usr/arm-none-eabi/include/sys/_stdint.h"
 323              		.file 4 "Middlewares/ST/STM32_USB_Device_Library/Core/Inc/usbd_def.h"
 324              		.file 5 "Middlewares/ST/STM32_USB_Device_Library/Core/Inc/usbd_core.h"
 325              		.file 6 "Drivers/STM32G0xx_HAL_Driver/Inc/stm32g0xx_ll_dma.h"
ARM GAS  /tmp/ccvZL7ww.s 			page 11


DEFINED SYMBOLS
                            *ABS*:0000000000000000 usbd_ioreq.c
     /tmp/ccvZL7ww.s:16     .text.USBD_CtlSendData:0000000000000000 $t
     /tmp/ccvZL7ww.s:24     .text.USBD_CtlSendData:0000000000000000 USBD_CtlSendData
     /tmp/ccvZL7ww.s:70     .text.USBD_CtlContinueSendData:0000000000000000 $t
     /tmp/ccvZL7ww.s:77     .text.USBD_CtlContinueSendData:0000000000000000 USBD_CtlContinueSendData
     /tmp/ccvZL7ww.s:110    .text.USBD_CtlPrepareRx:0000000000000000 $t
     /tmp/ccvZL7ww.s:117    .text.USBD_CtlPrepareRx:0000000000000000 USBD_CtlPrepareRx
     /tmp/ccvZL7ww.s:165    .text.USBD_CtlContinueRx:0000000000000000 $t
     /tmp/ccvZL7ww.s:172    .text.USBD_CtlContinueRx:0000000000000000 USBD_CtlContinueRx
     /tmp/ccvZL7ww.s:205    .text.USBD_CtlSendStatus:0000000000000000 $t
     /tmp/ccvZL7ww.s:212    .text.USBD_CtlSendStatus:0000000000000000 USBD_CtlSendStatus
     /tmp/ccvZL7ww.s:247    .text.USBD_CtlReceiveStatus:0000000000000000 $t
     /tmp/ccvZL7ww.s:254    .text.USBD_CtlReceiveStatus:0000000000000000 USBD_CtlReceiveStatus
     /tmp/ccvZL7ww.s:289    .text.USBD_GetRxCount:0000000000000000 $t
     /tmp/ccvZL7ww.s:296    .text.USBD_GetRxCount:0000000000000000 USBD_GetRxCount

UNDEFINED SYMBOLS
USBD_LL_Transmit
USBD_LL_PrepareReceive
USBD_LL_GetRxDataSize
