ARM GAS  /tmp/ccEcebFb.s 			page 1


   1              		.cpu cortex-m0plus
   2              		.eabi_attribute 20, 1
   3              		.eabi_attribute 21, 1
   4              		.eabi_attribute 23, 3
   5              		.eabi_attribute 24, 1
   6              		.eabi_attribute 25, 1
   7              		.eabi_attribute 26, 1
   8              		.eabi_attribute 30, 1
   9              		.eabi_attribute 34, 0
  10              		.eabi_attribute 18, 4
  11              		.file	"usbd_desc.c"
  12              		.text
  13              	.Ltext0:
  14              		.cfi_sections	.debug_frame
  15              		.section	.text.USBD_HID_DeviceDescriptor,"ax",%progbits
  16              		.align	1
  17              		.global	USBD_HID_DeviceDescriptor
  18              		.arch armv6s-m
  19              		.syntax unified
  20              		.code	16
  21              		.thumb_func
  22              		.fpu softvfp
  24              	USBD_HID_DeviceDescriptor:
  25              	.LVL0:
  26              	.LFB362:
  27              		.file 1 "USB_Device/App/usbd_desc.c"
   1:USB_Device/App/usbd_desc.c **** /* USER CODE BEGIN Header */
   2:USB_Device/App/usbd_desc.c **** /**
   3:USB_Device/App/usbd_desc.c ****   ******************************************************************************
   4:USB_Device/App/usbd_desc.c ****   * @file           : App/usbd_desc.c
   5:USB_Device/App/usbd_desc.c ****   * @version        : v3.0_Cube
   6:USB_Device/App/usbd_desc.c ****   * @brief          : This file implements the USB device descriptors.
   7:USB_Device/App/usbd_desc.c ****   ******************************************************************************
   8:USB_Device/App/usbd_desc.c ****   * @attention
   9:USB_Device/App/usbd_desc.c ****   *
  10:USB_Device/App/usbd_desc.c ****   * <h2><center>&copy; Copyright (c) 2022 STMicroelectronics.
  11:USB_Device/App/usbd_desc.c ****   * All rights reserved.</center></h2>
  12:USB_Device/App/usbd_desc.c ****   *
  13:USB_Device/App/usbd_desc.c ****   * This software component is licensed by ST under Ultimate Liberty license
  14:USB_Device/App/usbd_desc.c ****   * SLA0044, the "License"; You may not use this file except in compliance with
  15:USB_Device/App/usbd_desc.c ****   * the License. You may obtain a copy of the License at:
  16:USB_Device/App/usbd_desc.c ****   *                             www.st.com/SLA0044
  17:USB_Device/App/usbd_desc.c ****   *
  18:USB_Device/App/usbd_desc.c ****   ******************************************************************************
  19:USB_Device/App/usbd_desc.c ****   */
  20:USB_Device/App/usbd_desc.c **** /* USER CODE END Header */
  21:USB_Device/App/usbd_desc.c **** 
  22:USB_Device/App/usbd_desc.c **** /* Includes ------------------------------------------------------------------*/
  23:USB_Device/App/usbd_desc.c **** #include "usbd_core.h"
  24:USB_Device/App/usbd_desc.c **** #include "usbd_desc.h"
  25:USB_Device/App/usbd_desc.c **** #include "usbd_conf.h"
  26:USB_Device/App/usbd_desc.c **** 
  27:USB_Device/App/usbd_desc.c **** /* USER CODE BEGIN INCLUDE */
  28:USB_Device/App/usbd_desc.c **** 
  29:USB_Device/App/usbd_desc.c **** /* USER CODE END INCLUDE */
  30:USB_Device/App/usbd_desc.c **** 
  31:USB_Device/App/usbd_desc.c **** /* Private typedef -----------------------------------------------------------*/
ARM GAS  /tmp/ccEcebFb.s 			page 2


  32:USB_Device/App/usbd_desc.c **** /* Private define ------------------------------------------------------------*/
  33:USB_Device/App/usbd_desc.c **** /* Private macro -------------------------------------------------------------*/
  34:USB_Device/App/usbd_desc.c **** 
  35:USB_Device/App/usbd_desc.c **** /* USER CODE BEGIN PV */
  36:USB_Device/App/usbd_desc.c **** /* Private variables ---------------------------------------------------------*/
  37:USB_Device/App/usbd_desc.c **** 
  38:USB_Device/App/usbd_desc.c **** /* USER CODE END PV */
  39:USB_Device/App/usbd_desc.c **** 
  40:USB_Device/App/usbd_desc.c **** /** @addtogroup STM32_USB_OTG_DEVICE_LIBRARY
  41:USB_Device/App/usbd_desc.c ****   * @{
  42:USB_Device/App/usbd_desc.c ****   */
  43:USB_Device/App/usbd_desc.c **** 
  44:USB_Device/App/usbd_desc.c **** /** @addtogroup USBD_DESC
  45:USB_Device/App/usbd_desc.c ****   * @{
  46:USB_Device/App/usbd_desc.c ****   */
  47:USB_Device/App/usbd_desc.c **** 
  48:USB_Device/App/usbd_desc.c **** /** @defgroup USBD_DESC_Private_TypesDefinitions USBD_DESC_Private_TypesDefinitions
  49:USB_Device/App/usbd_desc.c ****   * @brief Private types.
  50:USB_Device/App/usbd_desc.c ****   * @{
  51:USB_Device/App/usbd_desc.c ****   */
  52:USB_Device/App/usbd_desc.c **** 
  53:USB_Device/App/usbd_desc.c **** /* USER CODE BEGIN PRIVATE_TYPES */
  54:USB_Device/App/usbd_desc.c **** 
  55:USB_Device/App/usbd_desc.c **** /* USER CODE END PRIVATE_TYPES */
  56:USB_Device/App/usbd_desc.c **** 
  57:USB_Device/App/usbd_desc.c **** /**
  58:USB_Device/App/usbd_desc.c ****   * @}
  59:USB_Device/App/usbd_desc.c ****   */
  60:USB_Device/App/usbd_desc.c **** 
  61:USB_Device/App/usbd_desc.c **** /** @defgroup USBD_DESC_Private_Defines USBD_DESC_Private_Defines
  62:USB_Device/App/usbd_desc.c ****   * @brief Private defines.
  63:USB_Device/App/usbd_desc.c ****   * @{
  64:USB_Device/App/usbd_desc.c ****   */
  65:USB_Device/App/usbd_desc.c **** 
  66:USB_Device/App/usbd_desc.c **** #define USBD_VID     1155
  67:USB_Device/App/usbd_desc.c **** #define USBD_LANGID_STRING     1033
  68:USB_Device/App/usbd_desc.c **** #define USBD_MANUFACTURER_STRING     "STMicroelectronics"
  69:USB_Device/App/usbd_desc.c **** #define USBD_PID     22315
  70:USB_Device/App/usbd_desc.c **** #define USBD_PRODUCT_STRING     "Nunchuk USB Adapter"
  71:USB_Device/App/usbd_desc.c **** #define USBD_CONFIGURATION_STRING     "HID Config"
  72:USB_Device/App/usbd_desc.c **** #define USBD_INTERFACE_STRING     "HID Interface"
  73:USB_Device/App/usbd_desc.c **** 
  74:USB_Device/App/usbd_desc.c **** /* USER CODE BEGIN PRIVATE_DEFINES */
  75:USB_Device/App/usbd_desc.c **** 
  76:USB_Device/App/usbd_desc.c **** /* USER CODE END PRIVATE_DEFINES */
  77:USB_Device/App/usbd_desc.c **** 
  78:USB_Device/App/usbd_desc.c **** /**
  79:USB_Device/App/usbd_desc.c ****   * @}
  80:USB_Device/App/usbd_desc.c ****   */
  81:USB_Device/App/usbd_desc.c **** 
  82:USB_Device/App/usbd_desc.c **** /* USER CODE BEGIN 0 */
  83:USB_Device/App/usbd_desc.c **** 
  84:USB_Device/App/usbd_desc.c **** /* USER CODE END 0 */
  85:USB_Device/App/usbd_desc.c **** 
  86:USB_Device/App/usbd_desc.c **** /** @defgroup USBD_DESC_Private_Macros USBD_DESC_Private_Macros
  87:USB_Device/App/usbd_desc.c ****   * @brief Private macros.
  88:USB_Device/App/usbd_desc.c ****   * @{
ARM GAS  /tmp/ccEcebFb.s 			page 3


  89:USB_Device/App/usbd_desc.c ****   */
  90:USB_Device/App/usbd_desc.c **** 
  91:USB_Device/App/usbd_desc.c **** /* USER CODE BEGIN PRIVATE_MACRO */
  92:USB_Device/App/usbd_desc.c **** 
  93:USB_Device/App/usbd_desc.c **** /* USER CODE END PRIVATE_MACRO */
  94:USB_Device/App/usbd_desc.c **** 
  95:USB_Device/App/usbd_desc.c **** /**
  96:USB_Device/App/usbd_desc.c ****   * @}
  97:USB_Device/App/usbd_desc.c ****   */
  98:USB_Device/App/usbd_desc.c **** 
  99:USB_Device/App/usbd_desc.c **** /** @defgroup USBD_DESC_Private_FunctionPrototypes USBD_DESC_Private_FunctionPrototypes
 100:USB_Device/App/usbd_desc.c ****   * @brief Private functions declaration.
 101:USB_Device/App/usbd_desc.c ****   * @{
 102:USB_Device/App/usbd_desc.c ****   */
 103:USB_Device/App/usbd_desc.c **** 
 104:USB_Device/App/usbd_desc.c **** static void Get_SerialNum(void);
 105:USB_Device/App/usbd_desc.c **** static void IntToUnicode(uint32_t value, uint8_t * pbuf, uint8_t len);
 106:USB_Device/App/usbd_desc.c **** 
 107:USB_Device/App/usbd_desc.c **** /**
 108:USB_Device/App/usbd_desc.c ****   * @}
 109:USB_Device/App/usbd_desc.c ****   */
 110:USB_Device/App/usbd_desc.c **** 
 111:USB_Device/App/usbd_desc.c **** /** @defgroup USBD_DESC_Private_FunctionPrototypes USBD_DESC_Private_FunctionPrototypes
 112:USB_Device/App/usbd_desc.c ****   * @brief Private functions declaration.
 113:USB_Device/App/usbd_desc.c ****   * @{
 114:USB_Device/App/usbd_desc.c ****   */
 115:USB_Device/App/usbd_desc.c **** 
 116:USB_Device/App/usbd_desc.c **** uint8_t * USBD_HID_DeviceDescriptor(USBD_SpeedTypeDef speed, uint16_t *length);
 117:USB_Device/App/usbd_desc.c **** uint8_t * USBD_HID_LangIDStrDescriptor(USBD_SpeedTypeDef speed, uint16_t *length);
 118:USB_Device/App/usbd_desc.c **** uint8_t * USBD_HID_ManufacturerStrDescriptor(USBD_SpeedTypeDef speed, uint16_t *length);
 119:USB_Device/App/usbd_desc.c **** uint8_t * USBD_HID_ProductStrDescriptor(USBD_SpeedTypeDef speed, uint16_t *length);
 120:USB_Device/App/usbd_desc.c **** uint8_t * USBD_HID_SerialStrDescriptor(USBD_SpeedTypeDef speed, uint16_t *length);
 121:USB_Device/App/usbd_desc.c **** uint8_t * USBD_HID_ConfigStrDescriptor(USBD_SpeedTypeDef speed, uint16_t *length);
 122:USB_Device/App/usbd_desc.c **** uint8_t * USBD_HID_InterfaceStrDescriptor(USBD_SpeedTypeDef speed, uint16_t *length);
 123:USB_Device/App/usbd_desc.c **** 
 124:USB_Device/App/usbd_desc.c **** /**
 125:USB_Device/App/usbd_desc.c ****   * @}
 126:USB_Device/App/usbd_desc.c ****   */
 127:USB_Device/App/usbd_desc.c **** 
 128:USB_Device/App/usbd_desc.c **** /** @defgroup USBD_DESC_Private_Variables USBD_DESC_Private_Variables
 129:USB_Device/App/usbd_desc.c ****   * @brief Private variables.
 130:USB_Device/App/usbd_desc.c ****   * @{
 131:USB_Device/App/usbd_desc.c ****   */
 132:USB_Device/App/usbd_desc.c **** 
 133:USB_Device/App/usbd_desc.c **** USBD_DescriptorsTypeDef HID_Desc =
 134:USB_Device/App/usbd_desc.c **** {
 135:USB_Device/App/usbd_desc.c ****   USBD_HID_DeviceDescriptor,
 136:USB_Device/App/usbd_desc.c ****   USBD_HID_LangIDStrDescriptor,
 137:USB_Device/App/usbd_desc.c ****   USBD_HID_ManufacturerStrDescriptor,
 138:USB_Device/App/usbd_desc.c ****   USBD_HID_ProductStrDescriptor,
 139:USB_Device/App/usbd_desc.c ****   USBD_HID_SerialStrDescriptor,
 140:USB_Device/App/usbd_desc.c ****   USBD_HID_ConfigStrDescriptor,
 141:USB_Device/App/usbd_desc.c ****   USBD_HID_InterfaceStrDescriptor
 142:USB_Device/App/usbd_desc.c **** };
 143:USB_Device/App/usbd_desc.c **** 
 144:USB_Device/App/usbd_desc.c **** #if defined ( __ICCARM__ ) /* IAR Compiler */
 145:USB_Device/App/usbd_desc.c ****   #pragma data_alignment=4
ARM GAS  /tmp/ccEcebFb.s 			page 4


 146:USB_Device/App/usbd_desc.c **** #endif /* defined ( __ICCARM__ ) */
 147:USB_Device/App/usbd_desc.c **** /** USB standard device descriptor. */
 148:USB_Device/App/usbd_desc.c **** __ALIGN_BEGIN uint8_t USBD_HID_DeviceDesc[USB_LEN_DEV_DESC] __ALIGN_END =
 149:USB_Device/App/usbd_desc.c **** {
 150:USB_Device/App/usbd_desc.c ****   0x12,                       /*bLength */
 151:USB_Device/App/usbd_desc.c ****   USB_DESC_TYPE_DEVICE,       /*bDescriptorType*/
 152:USB_Device/App/usbd_desc.c ****   0x00,                       /*bcdUSB */
 153:USB_Device/App/usbd_desc.c ****   0x02,
 154:USB_Device/App/usbd_desc.c ****   0x00,                       /*bDeviceClass*/
 155:USB_Device/App/usbd_desc.c ****   0x00,                       /*bDeviceSubClass*/
 156:USB_Device/App/usbd_desc.c ****   0x00,                       /*bDeviceProtocol*/
 157:USB_Device/App/usbd_desc.c ****   USB_MAX_EP0_SIZE,           /*bMaxPacketSize*/
 158:USB_Device/App/usbd_desc.c ****   LOBYTE(USBD_VID),           /*idVendor*/
 159:USB_Device/App/usbd_desc.c ****   HIBYTE(USBD_VID),           /*idVendor*/
 160:USB_Device/App/usbd_desc.c ****   LOBYTE(USBD_PID),           /*idProduct*/
 161:USB_Device/App/usbd_desc.c ****   HIBYTE(USBD_PID),           /*idProduct*/
 162:USB_Device/App/usbd_desc.c ****   0x00,                       /*bcdDevice rel. 2.00*/
 163:USB_Device/App/usbd_desc.c ****   0x02,
 164:USB_Device/App/usbd_desc.c ****   USBD_IDX_MFC_STR,           /*Index of manufacturer  string*/
 165:USB_Device/App/usbd_desc.c ****   USBD_IDX_PRODUCT_STR,       /*Index of product string*/
 166:USB_Device/App/usbd_desc.c ****   USBD_IDX_SERIAL_STR,        /*Index of serial number string*/
 167:USB_Device/App/usbd_desc.c ****   USBD_MAX_NUM_CONFIGURATION  /*bNumConfigurations*/
 168:USB_Device/App/usbd_desc.c **** };
 169:USB_Device/App/usbd_desc.c **** 
 170:USB_Device/App/usbd_desc.c **** /* USB_DeviceDescriptor */
 171:USB_Device/App/usbd_desc.c **** 
 172:USB_Device/App/usbd_desc.c **** /**
 173:USB_Device/App/usbd_desc.c ****   * @}
 174:USB_Device/App/usbd_desc.c ****   */
 175:USB_Device/App/usbd_desc.c **** 
 176:USB_Device/App/usbd_desc.c **** /** @defgroup USBD_DESC_Private_Variables USBD_DESC_Private_Variables
 177:USB_Device/App/usbd_desc.c ****   * @brief Private variables.
 178:USB_Device/App/usbd_desc.c ****   * @{
 179:USB_Device/App/usbd_desc.c ****   */
 180:USB_Device/App/usbd_desc.c **** 
 181:USB_Device/App/usbd_desc.c **** #if defined ( __ICCARM__ ) /* IAR Compiler */
 182:USB_Device/App/usbd_desc.c ****   #pragma data_alignment=4
 183:USB_Device/App/usbd_desc.c **** #endif /* defined ( __ICCARM__ ) */
 184:USB_Device/App/usbd_desc.c **** 
 185:USB_Device/App/usbd_desc.c **** /** USB lang identifier descriptor. */
 186:USB_Device/App/usbd_desc.c **** __ALIGN_BEGIN uint8_t USBD_LangIDDesc[USB_LEN_LANGID_STR_DESC] __ALIGN_END =
 187:USB_Device/App/usbd_desc.c **** {
 188:USB_Device/App/usbd_desc.c ****      USB_LEN_LANGID_STR_DESC,
 189:USB_Device/App/usbd_desc.c ****      USB_DESC_TYPE_STRING,
 190:USB_Device/App/usbd_desc.c ****      LOBYTE(USBD_LANGID_STRING),
 191:USB_Device/App/usbd_desc.c ****      HIBYTE(USBD_LANGID_STRING)
 192:USB_Device/App/usbd_desc.c **** };
 193:USB_Device/App/usbd_desc.c **** 
 194:USB_Device/App/usbd_desc.c **** #if defined ( __ICCARM__ ) /* IAR Compiler */
 195:USB_Device/App/usbd_desc.c ****   #pragma data_alignment=4
 196:USB_Device/App/usbd_desc.c **** #endif /* defined ( __ICCARM__ ) */
 197:USB_Device/App/usbd_desc.c **** /* Internal string descriptor. */
 198:USB_Device/App/usbd_desc.c **** __ALIGN_BEGIN uint8_t USBD_StrDesc[USBD_MAX_STR_DESC_SIZ] __ALIGN_END;
 199:USB_Device/App/usbd_desc.c **** 
 200:USB_Device/App/usbd_desc.c **** #if defined ( __ICCARM__ ) /*!< IAR Compiler */
 201:USB_Device/App/usbd_desc.c ****   #pragma data_alignment=4
 202:USB_Device/App/usbd_desc.c **** #endif
ARM GAS  /tmp/ccEcebFb.s 			page 5


 203:USB_Device/App/usbd_desc.c **** __ALIGN_BEGIN uint8_t USBD_StringSerial[USB_SIZ_STRING_SERIAL] __ALIGN_END = {
 204:USB_Device/App/usbd_desc.c ****   USB_SIZ_STRING_SERIAL,
 205:USB_Device/App/usbd_desc.c ****   USB_DESC_TYPE_STRING,
 206:USB_Device/App/usbd_desc.c **** };
 207:USB_Device/App/usbd_desc.c **** 
 208:USB_Device/App/usbd_desc.c **** /**
 209:USB_Device/App/usbd_desc.c ****   * @}
 210:USB_Device/App/usbd_desc.c ****   */
 211:USB_Device/App/usbd_desc.c **** 
 212:USB_Device/App/usbd_desc.c **** /** @defgroup USBD_DESC_Private_Functions USBD_DESC_Private_Functions
 213:USB_Device/App/usbd_desc.c ****   * @brief Private functions.
 214:USB_Device/App/usbd_desc.c ****   * @{
 215:USB_Device/App/usbd_desc.c ****   */
 216:USB_Device/App/usbd_desc.c **** 
 217:USB_Device/App/usbd_desc.c **** /**
 218:USB_Device/App/usbd_desc.c ****   * @brief  Return the device descriptor
 219:USB_Device/App/usbd_desc.c ****   * @param  speed : Current device speed
 220:USB_Device/App/usbd_desc.c ****   * @param  length : Pointer to data length variable
 221:USB_Device/App/usbd_desc.c ****   * @retval Pointer to descriptor buffer
 222:USB_Device/App/usbd_desc.c ****   */
 223:USB_Device/App/usbd_desc.c **** uint8_t * USBD_HID_DeviceDescriptor(USBD_SpeedTypeDef speed, uint16_t *length)
 224:USB_Device/App/usbd_desc.c **** {
  28              		.loc 1 224 1 view -0
  29              		.cfi_startproc
  30              		@ args = 0, pretend = 0, frame = 0
  31              		@ frame_needed = 0, uses_anonymous_args = 0
  32              		@ link register save eliminated.
 225:USB_Device/App/usbd_desc.c ****   UNUSED(speed);
  33              		.loc 1 225 3 view .LVU1
 226:USB_Device/App/usbd_desc.c ****   *length = sizeof(USBD_HID_DeviceDesc);
  34              		.loc 1 226 3 view .LVU2
  35              		.loc 1 226 11 is_stmt 0 view .LVU3
  36 0000 1223     		movs	r3, #18
  37 0002 0B80     		strh	r3, [r1]
 227:USB_Device/App/usbd_desc.c ****   return USBD_HID_DeviceDesc;
  38              		.loc 1 227 3 is_stmt 1 view .LVU4
  39              		.loc 1 227 10 is_stmt 0 view .LVU5
  40 0004 0048     		ldr	r0, .L2
  41              	.LVL1:
 228:USB_Device/App/usbd_desc.c **** }
  42              		.loc 1 228 1 view .LVU6
  43              		@ sp needed
  44 0006 7047     		bx	lr
  45              	.L3:
  46              		.align	2
  47              	.L2:
  48 0008 00000000 		.word	.LANCHOR0
  49              		.cfi_endproc
  50              	.LFE362:
  52              		.section	.text.USBD_HID_LangIDStrDescriptor,"ax",%progbits
  53              		.align	1
  54              		.global	USBD_HID_LangIDStrDescriptor
  55              		.syntax unified
  56              		.code	16
  57              		.thumb_func
  58              		.fpu softvfp
  60              	USBD_HID_LangIDStrDescriptor:
ARM GAS  /tmp/ccEcebFb.s 			page 6


  61              	.LVL2:
  62              	.LFB363:
 229:USB_Device/App/usbd_desc.c **** 
 230:USB_Device/App/usbd_desc.c **** /**
 231:USB_Device/App/usbd_desc.c ****   * @brief  Return the LangID string descriptor
 232:USB_Device/App/usbd_desc.c ****   * @param  speed : Current device speed
 233:USB_Device/App/usbd_desc.c ****   * @param  length : Pointer to data length variable
 234:USB_Device/App/usbd_desc.c ****   * @retval Pointer to descriptor buffer
 235:USB_Device/App/usbd_desc.c ****   */
 236:USB_Device/App/usbd_desc.c **** uint8_t * USBD_HID_LangIDStrDescriptor(USBD_SpeedTypeDef speed, uint16_t *length)
 237:USB_Device/App/usbd_desc.c **** {
  63              		.loc 1 237 1 is_stmt 1 view -0
  64              		.cfi_startproc
  65              		@ args = 0, pretend = 0, frame = 0
  66              		@ frame_needed = 0, uses_anonymous_args = 0
  67              		@ link register save eliminated.
 238:USB_Device/App/usbd_desc.c ****   UNUSED(speed);
  68              		.loc 1 238 3 view .LVU8
 239:USB_Device/App/usbd_desc.c ****   *length = sizeof(USBD_LangIDDesc);
  69              		.loc 1 239 3 view .LVU9
  70              		.loc 1 239 11 is_stmt 0 view .LVU10
  71 0000 0423     		movs	r3, #4
  72 0002 0B80     		strh	r3, [r1]
 240:USB_Device/App/usbd_desc.c ****   return USBD_LangIDDesc;
  73              		.loc 1 240 3 is_stmt 1 view .LVU11
  74              		.loc 1 240 10 is_stmt 0 view .LVU12
  75 0004 0048     		ldr	r0, .L5
  76              	.LVL3:
 241:USB_Device/App/usbd_desc.c **** }
  77              		.loc 1 241 1 view .LVU13
  78              		@ sp needed
  79 0006 7047     		bx	lr
  80              	.L6:
  81              		.align	2
  82              	.L5:
  83 0008 00000000 		.word	.LANCHOR1
  84              		.cfi_endproc
  85              	.LFE363:
  87              		.section	.text.IntToUnicode,"ax",%progbits
  88              		.align	1
  89              		.syntax unified
  90              		.code	16
  91              		.thumb_func
  92              		.fpu softvfp
  94              	IntToUnicode:
  95              	.LVL4:
  96              	.LFB370:
 242:USB_Device/App/usbd_desc.c **** 
 243:USB_Device/App/usbd_desc.c **** /**
 244:USB_Device/App/usbd_desc.c ****   * @brief  Return the product string descriptor
 245:USB_Device/App/usbd_desc.c ****   * @param  speed : Current device speed
 246:USB_Device/App/usbd_desc.c ****   * @param  length : Pointer to data length variable
 247:USB_Device/App/usbd_desc.c ****   * @retval Pointer to descriptor buffer
 248:USB_Device/App/usbd_desc.c ****   */
 249:USB_Device/App/usbd_desc.c **** uint8_t * USBD_HID_ProductStrDescriptor(USBD_SpeedTypeDef speed, uint16_t *length)
 250:USB_Device/App/usbd_desc.c **** {
 251:USB_Device/App/usbd_desc.c ****   if(speed == 0)
ARM GAS  /tmp/ccEcebFb.s 			page 7


 252:USB_Device/App/usbd_desc.c ****   {
 253:USB_Device/App/usbd_desc.c ****     USBD_GetString((uint8_t *)USBD_PRODUCT_STRING, USBD_StrDesc, length);
 254:USB_Device/App/usbd_desc.c ****   }
 255:USB_Device/App/usbd_desc.c ****   else
 256:USB_Device/App/usbd_desc.c ****   {
 257:USB_Device/App/usbd_desc.c ****     USBD_GetString((uint8_t *)USBD_PRODUCT_STRING, USBD_StrDesc, length);
 258:USB_Device/App/usbd_desc.c ****   }
 259:USB_Device/App/usbd_desc.c ****   return USBD_StrDesc;
 260:USB_Device/App/usbd_desc.c **** }
 261:USB_Device/App/usbd_desc.c **** 
 262:USB_Device/App/usbd_desc.c **** /**
 263:USB_Device/App/usbd_desc.c ****   * @brief  Return the manufacturer string descriptor
 264:USB_Device/App/usbd_desc.c ****   * @param  speed : Current device speed
 265:USB_Device/App/usbd_desc.c ****   * @param  length : Pointer to data length variable
 266:USB_Device/App/usbd_desc.c ****   * @retval Pointer to descriptor buffer
 267:USB_Device/App/usbd_desc.c ****   */
 268:USB_Device/App/usbd_desc.c **** uint8_t * USBD_HID_ManufacturerStrDescriptor(USBD_SpeedTypeDef speed, uint16_t *length)
 269:USB_Device/App/usbd_desc.c **** {
 270:USB_Device/App/usbd_desc.c ****   UNUSED(speed);
 271:USB_Device/App/usbd_desc.c ****   USBD_GetString((uint8_t *)USBD_MANUFACTURER_STRING, USBD_StrDesc, length);
 272:USB_Device/App/usbd_desc.c ****   return USBD_StrDesc;
 273:USB_Device/App/usbd_desc.c **** }
 274:USB_Device/App/usbd_desc.c **** 
 275:USB_Device/App/usbd_desc.c **** /**
 276:USB_Device/App/usbd_desc.c ****   * @brief  Return the serial number string descriptor
 277:USB_Device/App/usbd_desc.c ****   * @param  speed : Current device speed
 278:USB_Device/App/usbd_desc.c ****   * @param  length : Pointer to data length variable
 279:USB_Device/App/usbd_desc.c ****   * @retval Pointer to descriptor buffer
 280:USB_Device/App/usbd_desc.c ****   */
 281:USB_Device/App/usbd_desc.c **** uint8_t * USBD_HID_SerialStrDescriptor(USBD_SpeedTypeDef speed, uint16_t *length)
 282:USB_Device/App/usbd_desc.c **** {
 283:USB_Device/App/usbd_desc.c ****   UNUSED(speed);
 284:USB_Device/App/usbd_desc.c ****   *length = USB_SIZ_STRING_SERIAL;
 285:USB_Device/App/usbd_desc.c **** 
 286:USB_Device/App/usbd_desc.c ****   /* Update the serial number string descriptor with the data from the unique
 287:USB_Device/App/usbd_desc.c ****    * ID */
 288:USB_Device/App/usbd_desc.c ****   Get_SerialNum();
 289:USB_Device/App/usbd_desc.c **** 
 290:USB_Device/App/usbd_desc.c ****   /* USER CODE BEGIN USBD_HID_SerialStrDescriptor */
 291:USB_Device/App/usbd_desc.c **** 
 292:USB_Device/App/usbd_desc.c ****   /* USER CODE END USBD_HID_SerialStrDescriptor */
 293:USB_Device/App/usbd_desc.c **** 
 294:USB_Device/App/usbd_desc.c ****   return (uint8_t *) USBD_StringSerial;
 295:USB_Device/App/usbd_desc.c **** }
 296:USB_Device/App/usbd_desc.c **** 
 297:USB_Device/App/usbd_desc.c **** /**
 298:USB_Device/App/usbd_desc.c ****   * @brief  Return the configuration string descriptor
 299:USB_Device/App/usbd_desc.c ****   * @param  speed : Current device speed
 300:USB_Device/App/usbd_desc.c ****   * @param  length : Pointer to data length variable
 301:USB_Device/App/usbd_desc.c ****   * @retval Pointer to descriptor buffer
 302:USB_Device/App/usbd_desc.c ****   */
 303:USB_Device/App/usbd_desc.c **** uint8_t * USBD_HID_ConfigStrDescriptor(USBD_SpeedTypeDef speed, uint16_t *length)
 304:USB_Device/App/usbd_desc.c **** {
 305:USB_Device/App/usbd_desc.c ****   if(speed == USBD_SPEED_HIGH)
 306:USB_Device/App/usbd_desc.c ****   {
 307:USB_Device/App/usbd_desc.c ****     USBD_GetString((uint8_t *)USBD_CONFIGURATION_STRING, USBD_StrDesc, length);
 308:USB_Device/App/usbd_desc.c ****   }
ARM GAS  /tmp/ccEcebFb.s 			page 8


 309:USB_Device/App/usbd_desc.c ****   else
 310:USB_Device/App/usbd_desc.c ****   {
 311:USB_Device/App/usbd_desc.c ****     USBD_GetString((uint8_t *)USBD_CONFIGURATION_STRING, USBD_StrDesc, length);
 312:USB_Device/App/usbd_desc.c ****   }
 313:USB_Device/App/usbd_desc.c ****   return USBD_StrDesc;
 314:USB_Device/App/usbd_desc.c **** }
 315:USB_Device/App/usbd_desc.c **** 
 316:USB_Device/App/usbd_desc.c **** /**
 317:USB_Device/App/usbd_desc.c ****   * @brief  Return the interface string descriptor
 318:USB_Device/App/usbd_desc.c ****   * @param  speed : Current device speed
 319:USB_Device/App/usbd_desc.c ****   * @param  length : Pointer to data length variable
 320:USB_Device/App/usbd_desc.c ****   * @retval Pointer to descriptor buffer
 321:USB_Device/App/usbd_desc.c ****   */
 322:USB_Device/App/usbd_desc.c **** uint8_t * USBD_HID_InterfaceStrDescriptor(USBD_SpeedTypeDef speed, uint16_t *length)
 323:USB_Device/App/usbd_desc.c **** {
 324:USB_Device/App/usbd_desc.c ****   if(speed == 0)
 325:USB_Device/App/usbd_desc.c ****   {
 326:USB_Device/App/usbd_desc.c ****     USBD_GetString((uint8_t *)USBD_INTERFACE_STRING, USBD_StrDesc, length);
 327:USB_Device/App/usbd_desc.c ****   }
 328:USB_Device/App/usbd_desc.c ****   else
 329:USB_Device/App/usbd_desc.c ****   {
 330:USB_Device/App/usbd_desc.c ****     USBD_GetString((uint8_t *)USBD_INTERFACE_STRING, USBD_StrDesc, length);
 331:USB_Device/App/usbd_desc.c ****   }
 332:USB_Device/App/usbd_desc.c ****   return USBD_StrDesc;
 333:USB_Device/App/usbd_desc.c **** }
 334:USB_Device/App/usbd_desc.c **** 
 335:USB_Device/App/usbd_desc.c **** /**
 336:USB_Device/App/usbd_desc.c ****   * @brief  Create the serial number string descriptor
 337:USB_Device/App/usbd_desc.c ****   * @param  None
 338:USB_Device/App/usbd_desc.c ****   * @retval None
 339:USB_Device/App/usbd_desc.c ****   */
 340:USB_Device/App/usbd_desc.c **** static void Get_SerialNum(void)
 341:USB_Device/App/usbd_desc.c **** {
 342:USB_Device/App/usbd_desc.c ****   uint32_t deviceserial0, deviceserial1, deviceserial2;
 343:USB_Device/App/usbd_desc.c **** 
 344:USB_Device/App/usbd_desc.c ****   deviceserial0 = *(uint32_t *) DEVICE_ID1;
 345:USB_Device/App/usbd_desc.c ****   deviceserial1 = *(uint32_t *) DEVICE_ID2;
 346:USB_Device/App/usbd_desc.c ****   deviceserial2 = *(uint32_t *) DEVICE_ID3;
 347:USB_Device/App/usbd_desc.c **** 
 348:USB_Device/App/usbd_desc.c ****   deviceserial0 += deviceserial2;
 349:USB_Device/App/usbd_desc.c **** 
 350:USB_Device/App/usbd_desc.c ****   if (deviceserial0 != 0)
 351:USB_Device/App/usbd_desc.c ****   {
 352:USB_Device/App/usbd_desc.c ****     IntToUnicode(deviceserial0, &USBD_StringSerial[2], 8);
 353:USB_Device/App/usbd_desc.c ****     IntToUnicode(deviceserial1, &USBD_StringSerial[18], 4);
 354:USB_Device/App/usbd_desc.c ****   }
 355:USB_Device/App/usbd_desc.c **** }
 356:USB_Device/App/usbd_desc.c **** 
 357:USB_Device/App/usbd_desc.c **** /**
 358:USB_Device/App/usbd_desc.c ****   * @brief  Convert Hex 32Bits value into char
 359:USB_Device/App/usbd_desc.c ****   * @param  value: value to convert
 360:USB_Device/App/usbd_desc.c ****   * @param  pbuf: pointer to the buffer
 361:USB_Device/App/usbd_desc.c ****   * @param  len: buffer length
 362:USB_Device/App/usbd_desc.c ****   * @retval None
 363:USB_Device/App/usbd_desc.c ****   */
 364:USB_Device/App/usbd_desc.c **** static void IntToUnicode(uint32_t value, uint8_t * pbuf, uint8_t len)
 365:USB_Device/App/usbd_desc.c **** {
ARM GAS  /tmp/ccEcebFb.s 			page 9


  97              		.loc 1 365 1 is_stmt 1 view -0
  98              		.cfi_startproc
  99              		@ args = 0, pretend = 0, frame = 0
 100              		@ frame_needed = 0, uses_anonymous_args = 0
 101              		.loc 1 365 1 is_stmt 0 view .LVU15
 102 0000 30B5     		push	{r4, r5, lr}
 103              	.LCFI0:
 104              		.cfi_def_cfa_offset 12
 105              		.cfi_offset 4, -12
 106              		.cfi_offset 5, -8
 107              		.cfi_offset 14, -4
 366:USB_Device/App/usbd_desc.c ****   uint8_t idx = 0;
 108              		.loc 1 366 3 is_stmt 1 view .LVU16
 109              	.LVL5:
 367:USB_Device/App/usbd_desc.c **** 
 368:USB_Device/App/usbd_desc.c ****   for (idx = 0; idx < len; idx++)
 110              		.loc 1 368 3 view .LVU17
 111              		.loc 1 368 12 is_stmt 0 view .LVU18
 112 0002 0023     		movs	r3, #0
 113              		.loc 1 368 3 view .LVU19
 114 0004 0AE0     		b	.L8
 115              	.LVL6:
 116              	.L9:
 369:USB_Device/App/usbd_desc.c ****   {
 370:USB_Device/App/usbd_desc.c ****     if (((value >> 28)) < 0xA)
 371:USB_Device/App/usbd_desc.c ****     {
 372:USB_Device/App/usbd_desc.c ****       pbuf[2 * idx] = (value >> 28) + '0';
 373:USB_Device/App/usbd_desc.c ****     }
 374:USB_Device/App/usbd_desc.c ****     else
 375:USB_Device/App/usbd_desc.c ****     {
 376:USB_Device/App/usbd_desc.c ****       pbuf[2 * idx] = (value >> 28) + 'A' - 10;
 117              		.loc 1 376 7 is_stmt 1 view .LVU20
 118              		.loc 1 376 14 is_stmt 0 view .LVU21
 119 0006 5D00     		lsls	r5, r3, #1
 120              		.loc 1 376 43 view .LVU22
 121 0008 3734     		adds	r4, r4, #55
 122              		.loc 1 376 21 view .LVU23
 123 000a 4C55     		strb	r4, [r1, r5]
 124              	.L10:
 377:USB_Device/App/usbd_desc.c ****     }
 378:USB_Device/App/usbd_desc.c **** 
 379:USB_Device/App/usbd_desc.c ****     value = value << 4;
 125              		.loc 1 379 5 is_stmt 1 discriminator 2 view .LVU24
 126              		.loc 1 379 11 is_stmt 0 discriminator 2 view .LVU25
 127 000c 0001     		lsls	r0, r0, #4
 128              	.LVL7:
 380:USB_Device/App/usbd_desc.c **** 
 381:USB_Device/App/usbd_desc.c ****     pbuf[2 * idx + 1] = 0;
 129              		.loc 1 381 5 is_stmt 1 discriminator 2 view .LVU26
 130              		.loc 1 381 12 is_stmt 0 discriminator 2 view .LVU27
 131 000e 5C00     		lsls	r4, r3, #1
 132              		.loc 1 381 9 discriminator 2 view .LVU28
 133 0010 0134     		adds	r4, r4, #1
 134 0012 0C19     		adds	r4, r1, r4
 135              		.loc 1 381 23 discriminator 2 view .LVU29
 136 0014 0025     		movs	r5, #0
 137 0016 2570     		strb	r5, [r4]
ARM GAS  /tmp/ccEcebFb.s 			page 10


 368:USB_Device/App/usbd_desc.c ****   {
 138              		.loc 1 368 31 is_stmt 1 discriminator 2 view .LVU30
 139 0018 0133     		adds	r3, r3, #1
 140              	.LVL8:
 368:USB_Device/App/usbd_desc.c ****   {
 141              		.loc 1 368 31 is_stmt 0 discriminator 2 view .LVU31
 142 001a DBB2     		uxtb	r3, r3
 143              	.LVL9:
 144              	.L8:
 368:USB_Device/App/usbd_desc.c ****   {
 145              		.loc 1 368 21 is_stmt 1 discriminator 1 view .LVU32
 146 001c 9342     		cmp	r3, r2
 147 001e 06D2     		bcs	.L12
 370:USB_Device/App/usbd_desc.c ****     {
 148              		.loc 1 370 5 view .LVU33
 370:USB_Device/App/usbd_desc.c ****     {
 149              		.loc 1 370 17 is_stmt 0 view .LVU34
 150 0020 040F     		lsrs	r4, r0, #28
 370:USB_Device/App/usbd_desc.c ****     {
 151              		.loc 1 370 8 view .LVU35
 152 0022 092C     		cmp	r4, #9
 153 0024 EFD8     		bhi	.L9
 372:USB_Device/App/usbd_desc.c ****     }
 154              		.loc 1 372 7 is_stmt 1 view .LVU36
 372:USB_Device/App/usbd_desc.c ****     }
 155              		.loc 1 372 14 is_stmt 0 view .LVU37
 156 0026 5D00     		lsls	r5, r3, #1
 372:USB_Device/App/usbd_desc.c ****     }
 157              		.loc 1 372 37 view .LVU38
 158 0028 3034     		adds	r4, r4, #48
 372:USB_Device/App/usbd_desc.c ****     }
 159              		.loc 1 372 21 view .LVU39
 160 002a 4C55     		strb	r4, [r1, r5]
 161 002c EEE7     		b	.L10
 162              	.L12:
 382:USB_Device/App/usbd_desc.c ****   }
 383:USB_Device/App/usbd_desc.c **** }
 163              		.loc 1 383 1 view .LVU40
 164              		@ sp needed
 165 002e 30BD     		pop	{r4, r5, pc}
 166              		.cfi_endproc
 167              	.LFE370:
 169              		.section	.text.Get_SerialNum,"ax",%progbits
 170              		.align	1
 171              		.syntax unified
 172              		.code	16
 173              		.thumb_func
 174              		.fpu softvfp
 176              	Get_SerialNum:
 177              	.LFB369:
 341:USB_Device/App/usbd_desc.c ****   uint32_t deviceserial0, deviceserial1, deviceserial2;
 178              		.loc 1 341 1 is_stmt 1 view -0
 179              		.cfi_startproc
 180              		@ args = 0, pretend = 0, frame = 0
 181              		@ frame_needed = 0, uses_anonymous_args = 0
 182 0000 70B5     		push	{r4, r5, r6, lr}
 183              	.LCFI1:
ARM GAS  /tmp/ccEcebFb.s 			page 11


 184              		.cfi_def_cfa_offset 16
 185              		.cfi_offset 4, -16
 186              		.cfi_offset 5, -12
 187              		.cfi_offset 6, -8
 188              		.cfi_offset 14, -4
 342:USB_Device/App/usbd_desc.c **** 
 189              		.loc 1 342 3 view .LVU42
 344:USB_Device/App/usbd_desc.c ****   deviceserial1 = *(uint32_t *) DEVICE_ID2;
 190              		.loc 1 344 3 view .LVU43
 344:USB_Device/App/usbd_desc.c ****   deviceserial1 = *(uint32_t *) DEVICE_ID2;
 191              		.loc 1 344 17 is_stmt 0 view .LVU44
 192 0002 0B4B     		ldr	r3, .L16
 193 0004 1868     		ldr	r0, [r3]
 194              	.LVL10:
 345:USB_Device/App/usbd_desc.c ****   deviceserial2 = *(uint32_t *) DEVICE_ID3;
 195              		.loc 1 345 3 is_stmt 1 view .LVU45
 345:USB_Device/App/usbd_desc.c ****   deviceserial2 = *(uint32_t *) DEVICE_ID3;
 196              		.loc 1 345 17 is_stmt 0 view .LVU46
 197 0006 0B4B     		ldr	r3, .L16+4
 198 0008 1D68     		ldr	r5, [r3]
 199              	.LVL11:
 346:USB_Device/App/usbd_desc.c **** 
 200              		.loc 1 346 3 is_stmt 1 view .LVU47
 346:USB_Device/App/usbd_desc.c **** 
 201              		.loc 1 346 17 is_stmt 0 view .LVU48
 202 000a 0B4B     		ldr	r3, .L16+8
 203 000c 1B68     		ldr	r3, [r3]
 204              	.LVL12:
 348:USB_Device/App/usbd_desc.c **** 
 205              		.loc 1 348 3 is_stmt 1 view .LVU49
 348:USB_Device/App/usbd_desc.c **** 
 206              		.loc 1 348 17 is_stmt 0 view .LVU50
 207 000e C018     		adds	r0, r0, r3
 208              	.LVL13:
 350:USB_Device/App/usbd_desc.c ****   {
 209              		.loc 1 350 3 is_stmt 1 view .LVU51
 350:USB_Device/App/usbd_desc.c ****   {
 210              		.loc 1 350 6 is_stmt 0 view .LVU52
 211 0010 0028     		cmp	r0, #0
 212 0012 00D1     		bne	.L15
 213              	.LVL14:
 214              	.L13:
 355:USB_Device/App/usbd_desc.c **** 
 215              		.loc 1 355 1 view .LVU53
 216              		@ sp needed
 217              	.LVL15:
 355:USB_Device/App/usbd_desc.c **** 
 218              		.loc 1 355 1 view .LVU54
 219 0014 70BD     		pop	{r4, r5, r6, pc}
 220              	.LVL16:
 221              	.L15:
 352:USB_Device/App/usbd_desc.c ****     IntToUnicode(deviceserial1, &USBD_StringSerial[18], 4);
 222              		.loc 1 352 5 is_stmt 1 view .LVU55
 223 0016 094C     		ldr	r4, .L16+12
 224 0018 A11C     		adds	r1, r4, #2
 225 001a 0822     		movs	r2, #8
 226 001c FFF7FEFF 		bl	IntToUnicode
ARM GAS  /tmp/ccEcebFb.s 			page 12


 227              	.LVL17:
 353:USB_Device/App/usbd_desc.c ****   }
 228              		.loc 1 353 5 view .LVU56
 229 0020 2100     		movs	r1, r4
 230 0022 1231     		adds	r1, r1, #18
 231 0024 0422     		movs	r2, #4
 232 0026 2800     		movs	r0, r5
 233 0028 FFF7FEFF 		bl	IntToUnicode
 234              	.LVL18:
 355:USB_Device/App/usbd_desc.c **** 
 235              		.loc 1 355 1 is_stmt 0 view .LVU57
 236 002c F2E7     		b	.L13
 237              	.L17:
 238 002e C046     		.align	2
 239              	.L16:
 240 0030 9075FF1F 		.word	536835472
 241 0034 9475FF1F 		.word	536835476
 242 0038 9875FF1F 		.word	536835480
 243 003c 00000000 		.word	.LANCHOR2
 244              		.cfi_endproc
 245              	.LFE369:
 247              		.section	.text.USBD_HID_SerialStrDescriptor,"ax",%progbits
 248              		.align	1
 249              		.global	USBD_HID_SerialStrDescriptor
 250              		.syntax unified
 251              		.code	16
 252              		.thumb_func
 253              		.fpu softvfp
 255              	USBD_HID_SerialStrDescriptor:
 256              	.LVL19:
 257              	.LFB366:
 282:USB_Device/App/usbd_desc.c ****   UNUSED(speed);
 258              		.loc 1 282 1 is_stmt 1 view -0
 259              		.cfi_startproc
 260              		@ args = 0, pretend = 0, frame = 0
 261              		@ frame_needed = 0, uses_anonymous_args = 0
 282:USB_Device/App/usbd_desc.c ****   UNUSED(speed);
 262              		.loc 1 282 1 is_stmt 0 view .LVU59
 263 0000 10B5     		push	{r4, lr}
 264              	.LCFI2:
 265              		.cfi_def_cfa_offset 8
 266              		.cfi_offset 4, -8
 267              		.cfi_offset 14, -4
 283:USB_Device/App/usbd_desc.c ****   *length = USB_SIZ_STRING_SERIAL;
 268              		.loc 1 283 3 is_stmt 1 view .LVU60
 284:USB_Device/App/usbd_desc.c **** 
 269              		.loc 1 284 3 view .LVU61
 284:USB_Device/App/usbd_desc.c **** 
 270              		.loc 1 284 11 is_stmt 0 view .LVU62
 271 0002 1A23     		movs	r3, #26
 272 0004 0B80     		strh	r3, [r1]
 288:USB_Device/App/usbd_desc.c **** 
 273              		.loc 1 288 3 is_stmt 1 view .LVU63
 274 0006 FFF7FEFF 		bl	Get_SerialNum
 275              	.LVL20:
 294:USB_Device/App/usbd_desc.c **** }
 276              		.loc 1 294 3 view .LVU64
ARM GAS  /tmp/ccEcebFb.s 			page 13


 294:USB_Device/App/usbd_desc.c **** }
 277              		.loc 1 294 10 is_stmt 0 view .LVU65
 278 000a 0148     		ldr	r0, .L19
 295:USB_Device/App/usbd_desc.c **** 
 279              		.loc 1 295 1 view .LVU66
 280              		@ sp needed
 281 000c 10BD     		pop	{r4, pc}
 282              	.L20:
 283 000e C046     		.align	2
 284              	.L19:
 285 0010 00000000 		.word	.LANCHOR2
 286              		.cfi_endproc
 287              	.LFE366:
 289              		.section	.rodata.USBD_HID_ProductStrDescriptor.str1.4,"aMS",%progbits,1
 290              		.align	2
 291              	.LC7:
 292 0000 4E756E63 		.ascii	"Nunchuk USB Adapter\000"
 292      68756B20 
 292      55534220 
 292      41646170 
 292      74657200 
 293              		.section	.text.USBD_HID_ProductStrDescriptor,"ax",%progbits
 294              		.align	1
 295              		.global	USBD_HID_ProductStrDescriptor
 296              		.syntax unified
 297              		.code	16
 298              		.thumb_func
 299              		.fpu softvfp
 301              	USBD_HID_ProductStrDescriptor:
 302              	.LVL21:
 303              	.LFB364:
 250:USB_Device/App/usbd_desc.c ****   if(speed == 0)
 304              		.loc 1 250 1 is_stmt 1 view -0
 305              		.cfi_startproc
 306              		@ args = 0, pretend = 0, frame = 0
 307              		@ frame_needed = 0, uses_anonymous_args = 0
 250:USB_Device/App/usbd_desc.c ****   if(speed == 0)
 308              		.loc 1 250 1 is_stmt 0 view .LVU68
 309 0000 10B5     		push	{r4, lr}
 310              	.LCFI3:
 311              		.cfi_def_cfa_offset 8
 312              		.cfi_offset 4, -8
 313              		.cfi_offset 14, -4
 314 0002 0A00     		movs	r2, r1
 251:USB_Device/App/usbd_desc.c ****   {
 315              		.loc 1 251 3 is_stmt 1 view .LVU69
 251:USB_Device/App/usbd_desc.c ****   {
 316              		.loc 1 251 5 is_stmt 0 view .LVU70
 317 0004 0028     		cmp	r0, #0
 318 0006 05D1     		bne	.L22
 253:USB_Device/App/usbd_desc.c ****   }
 319              		.loc 1 253 5 is_stmt 1 view .LVU71
 320 0008 0549     		ldr	r1, .L24
 321              	.LVL22:
 253:USB_Device/App/usbd_desc.c ****   }
 322              		.loc 1 253 5 is_stmt 0 view .LVU72
 323 000a 0648     		ldr	r0, .L24+4
ARM GAS  /tmp/ccEcebFb.s 			page 14


 324              	.LVL23:
 253:USB_Device/App/usbd_desc.c ****   }
 325              		.loc 1 253 5 view .LVU73
 326 000c FFF7FEFF 		bl	USBD_GetString
 327              	.LVL24:
 328              	.L23:
 259:USB_Device/App/usbd_desc.c **** }
 329              		.loc 1 259 3 is_stmt 1 view .LVU74
 259:USB_Device/App/usbd_desc.c **** }
 330              		.loc 1 259 10 is_stmt 0 view .LVU75
 331 0010 0348     		ldr	r0, .L24
 260:USB_Device/App/usbd_desc.c **** 
 332              		.loc 1 260 1 view .LVU76
 333              		@ sp needed
 334 0012 10BD     		pop	{r4, pc}
 335              	.LVL25:
 336              	.L22:
 257:USB_Device/App/usbd_desc.c ****   }
 337              		.loc 1 257 5 is_stmt 1 view .LVU77
 338 0014 0249     		ldr	r1, .L24
 339              	.LVL26:
 257:USB_Device/App/usbd_desc.c ****   }
 340              		.loc 1 257 5 is_stmt 0 view .LVU78
 341 0016 0348     		ldr	r0, .L24+4
 342              	.LVL27:
 257:USB_Device/App/usbd_desc.c ****   }
 343              		.loc 1 257 5 view .LVU79
 344 0018 FFF7FEFF 		bl	USBD_GetString
 345              	.LVL28:
 257:USB_Device/App/usbd_desc.c ****   }
 346              		.loc 1 257 5 view .LVU80
 347 001c F8E7     		b	.L23
 348              	.L25:
 349 001e C046     		.align	2
 350              	.L24:
 351 0020 00000000 		.word	USBD_StrDesc
 352 0024 00000000 		.word	.LC7
 353              		.cfi_endproc
 354              	.LFE364:
 356              		.section	.rodata.USBD_HID_ManufacturerStrDescriptor.str1.4,"aMS",%progbits,1
 357              		.align	2
 358              	.LC10:
 359 0000 53544D69 		.ascii	"STMicroelectronics\000"
 359      63726F65 
 359      6C656374 
 359      726F6E69 
 359      637300
 360              		.section	.text.USBD_HID_ManufacturerStrDescriptor,"ax",%progbits
 361              		.align	1
 362              		.global	USBD_HID_ManufacturerStrDescriptor
 363              		.syntax unified
 364              		.code	16
 365              		.thumb_func
 366              		.fpu softvfp
 368              	USBD_HID_ManufacturerStrDescriptor:
 369              	.LVL29:
 370              	.LFB365:
ARM GAS  /tmp/ccEcebFb.s 			page 15


 269:USB_Device/App/usbd_desc.c ****   UNUSED(speed);
 371              		.loc 1 269 1 is_stmt 1 view -0
 372              		.cfi_startproc
 373              		@ args = 0, pretend = 0, frame = 0
 374              		@ frame_needed = 0, uses_anonymous_args = 0
 269:USB_Device/App/usbd_desc.c ****   UNUSED(speed);
 375              		.loc 1 269 1 is_stmt 0 view .LVU82
 376 0000 10B5     		push	{r4, lr}
 377              	.LCFI4:
 378              		.cfi_def_cfa_offset 8
 379              		.cfi_offset 4, -8
 380              		.cfi_offset 14, -4
 381 0002 0A00     		movs	r2, r1
 270:USB_Device/App/usbd_desc.c ****   USBD_GetString((uint8_t *)USBD_MANUFACTURER_STRING, USBD_StrDesc, length);
 382              		.loc 1 270 3 is_stmt 1 view .LVU83
 271:USB_Device/App/usbd_desc.c ****   return USBD_StrDesc;
 383              		.loc 1 271 3 view .LVU84
 384 0004 034C     		ldr	r4, .L27
 385 0006 0448     		ldr	r0, .L27+4
 386              	.LVL30:
 271:USB_Device/App/usbd_desc.c ****   return USBD_StrDesc;
 387              		.loc 1 271 3 is_stmt 0 view .LVU85
 388 0008 2100     		movs	r1, r4
 389              	.LVL31:
 271:USB_Device/App/usbd_desc.c ****   return USBD_StrDesc;
 390              		.loc 1 271 3 view .LVU86
 391 000a FFF7FEFF 		bl	USBD_GetString
 392              	.LVL32:
 272:USB_Device/App/usbd_desc.c **** }
 393              		.loc 1 272 3 is_stmt 1 view .LVU87
 273:USB_Device/App/usbd_desc.c **** 
 394              		.loc 1 273 1 is_stmt 0 view .LVU88
 395 000e 2000     		movs	r0, r4
 396              		@ sp needed
 397 0010 10BD     		pop	{r4, pc}
 398              	.L28:
 399 0012 C046     		.align	2
 400              	.L27:
 401 0014 00000000 		.word	USBD_StrDesc
 402 0018 00000000 		.word	.LC10
 403              		.cfi_endproc
 404              	.LFE365:
 406              		.section	.rodata.USBD_HID_ConfigStrDescriptor.str1.4,"aMS",%progbits,1
 407              		.align	2
 408              	.LC13:
 409 0000 48494420 		.ascii	"HID Config\000"
 409      436F6E66 
 409      696700
 410              		.section	.text.USBD_HID_ConfigStrDescriptor,"ax",%progbits
 411              		.align	1
 412              		.global	USBD_HID_ConfigStrDescriptor
 413              		.syntax unified
 414              		.code	16
 415              		.thumb_func
 416              		.fpu softvfp
 418              	USBD_HID_ConfigStrDescriptor:
 419              	.LVL33:
ARM GAS  /tmp/ccEcebFb.s 			page 16


 420              	.LFB367:
 304:USB_Device/App/usbd_desc.c ****   if(speed == USBD_SPEED_HIGH)
 421              		.loc 1 304 1 is_stmt 1 view -0
 422              		.cfi_startproc
 423              		@ args = 0, pretend = 0, frame = 0
 424              		@ frame_needed = 0, uses_anonymous_args = 0
 304:USB_Device/App/usbd_desc.c ****   if(speed == USBD_SPEED_HIGH)
 425              		.loc 1 304 1 is_stmt 0 view .LVU90
 426 0000 10B5     		push	{r4, lr}
 427              	.LCFI5:
 428              		.cfi_def_cfa_offset 8
 429              		.cfi_offset 4, -8
 430              		.cfi_offset 14, -4
 431 0002 0A00     		movs	r2, r1
 305:USB_Device/App/usbd_desc.c ****   {
 432              		.loc 1 305 3 is_stmt 1 view .LVU91
 305:USB_Device/App/usbd_desc.c ****   {
 433              		.loc 1 305 5 is_stmt 0 view .LVU92
 434 0004 0028     		cmp	r0, #0
 435 0006 05D1     		bne	.L30
 307:USB_Device/App/usbd_desc.c ****   }
 436              		.loc 1 307 5 is_stmt 1 view .LVU93
 437 0008 0549     		ldr	r1, .L32
 438              	.LVL34:
 307:USB_Device/App/usbd_desc.c ****   }
 439              		.loc 1 307 5 is_stmt 0 view .LVU94
 440 000a 0648     		ldr	r0, .L32+4
 441              	.LVL35:
 307:USB_Device/App/usbd_desc.c ****   }
 442              		.loc 1 307 5 view .LVU95
 443 000c FFF7FEFF 		bl	USBD_GetString
 444              	.LVL36:
 445              	.L31:
 313:USB_Device/App/usbd_desc.c **** }
 446              		.loc 1 313 3 is_stmt 1 view .LVU96
 313:USB_Device/App/usbd_desc.c **** }
 447              		.loc 1 313 10 is_stmt 0 view .LVU97
 448 0010 0348     		ldr	r0, .L32
 314:USB_Device/App/usbd_desc.c **** 
 449              		.loc 1 314 1 view .LVU98
 450              		@ sp needed
 451 0012 10BD     		pop	{r4, pc}
 452              	.LVL37:
 453              	.L30:
 311:USB_Device/App/usbd_desc.c ****   }
 454              		.loc 1 311 5 is_stmt 1 view .LVU99
 455 0014 0249     		ldr	r1, .L32
 456              	.LVL38:
 311:USB_Device/App/usbd_desc.c ****   }
 457              		.loc 1 311 5 is_stmt 0 view .LVU100
 458 0016 0348     		ldr	r0, .L32+4
 459              	.LVL39:
 311:USB_Device/App/usbd_desc.c ****   }
 460              		.loc 1 311 5 view .LVU101
 461 0018 FFF7FEFF 		bl	USBD_GetString
 462              	.LVL40:
 311:USB_Device/App/usbd_desc.c ****   }
ARM GAS  /tmp/ccEcebFb.s 			page 17


 463              		.loc 1 311 5 view .LVU102
 464 001c F8E7     		b	.L31
 465              	.L33:
 466 001e C046     		.align	2
 467              	.L32:
 468 0020 00000000 		.word	USBD_StrDesc
 469 0024 00000000 		.word	.LC13
 470              		.cfi_endproc
 471              	.LFE367:
 473              		.section	.rodata.USBD_HID_InterfaceStrDescriptor.str1.4,"aMS",%progbits,1
 474              		.align	2
 475              	.LC16:
 476 0000 48494420 		.ascii	"HID Interface\000"
 476      496E7465 
 476      72666163 
 476      6500
 477              		.section	.text.USBD_HID_InterfaceStrDescriptor,"ax",%progbits
 478              		.align	1
 479              		.global	USBD_HID_InterfaceStrDescriptor
 480              		.syntax unified
 481              		.code	16
 482              		.thumb_func
 483              		.fpu softvfp
 485              	USBD_HID_InterfaceStrDescriptor:
 486              	.LVL41:
 487              	.LFB368:
 323:USB_Device/App/usbd_desc.c ****   if(speed == 0)
 488              		.loc 1 323 1 is_stmt 1 view -0
 489              		.cfi_startproc
 490              		@ args = 0, pretend = 0, frame = 0
 491              		@ frame_needed = 0, uses_anonymous_args = 0
 323:USB_Device/App/usbd_desc.c ****   if(speed == 0)
 492              		.loc 1 323 1 is_stmt 0 view .LVU104
 493 0000 10B5     		push	{r4, lr}
 494              	.LCFI6:
 495              		.cfi_def_cfa_offset 8
 496              		.cfi_offset 4, -8
 497              		.cfi_offset 14, -4
 498 0002 0A00     		movs	r2, r1
 324:USB_Device/App/usbd_desc.c ****   {
 499              		.loc 1 324 3 is_stmt 1 view .LVU105
 324:USB_Device/App/usbd_desc.c ****   {
 500              		.loc 1 324 5 is_stmt 0 view .LVU106
 501 0004 0028     		cmp	r0, #0
 502 0006 05D1     		bne	.L35
 326:USB_Device/App/usbd_desc.c ****   }
 503              		.loc 1 326 5 is_stmt 1 view .LVU107
 504 0008 0549     		ldr	r1, .L37
 505              	.LVL42:
 326:USB_Device/App/usbd_desc.c ****   }
 506              		.loc 1 326 5 is_stmt 0 view .LVU108
 507 000a 0648     		ldr	r0, .L37+4
 508              	.LVL43:
 326:USB_Device/App/usbd_desc.c ****   }
 509              		.loc 1 326 5 view .LVU109
 510 000c FFF7FEFF 		bl	USBD_GetString
 511              	.LVL44:
ARM GAS  /tmp/ccEcebFb.s 			page 18


 512              	.L36:
 332:USB_Device/App/usbd_desc.c **** }
 513              		.loc 1 332 3 is_stmt 1 view .LVU110
 332:USB_Device/App/usbd_desc.c **** }
 514              		.loc 1 332 10 is_stmt 0 view .LVU111
 515 0010 0348     		ldr	r0, .L37
 333:USB_Device/App/usbd_desc.c **** 
 516              		.loc 1 333 1 view .LVU112
 517              		@ sp needed
 518 0012 10BD     		pop	{r4, pc}
 519              	.LVL45:
 520              	.L35:
 330:USB_Device/App/usbd_desc.c ****   }
 521              		.loc 1 330 5 is_stmt 1 view .LVU113
 522 0014 0249     		ldr	r1, .L37
 523              	.LVL46:
 330:USB_Device/App/usbd_desc.c ****   }
 524              		.loc 1 330 5 is_stmt 0 view .LVU114
 525 0016 0348     		ldr	r0, .L37+4
 526              	.LVL47:
 330:USB_Device/App/usbd_desc.c ****   }
 527              		.loc 1 330 5 view .LVU115
 528 0018 FFF7FEFF 		bl	USBD_GetString
 529              	.LVL48:
 330:USB_Device/App/usbd_desc.c ****   }
 530              		.loc 1 330 5 view .LVU116
 531 001c F8E7     		b	.L36
 532              	.L38:
 533 001e C046     		.align	2
 534              	.L37:
 535 0020 00000000 		.word	USBD_StrDesc
 536 0024 00000000 		.word	.LC16
 537              		.cfi_endproc
 538              	.LFE368:
 540              		.global	USBD_StringSerial
 541              		.global	USBD_StrDesc
 542              		.global	USBD_LangIDDesc
 543              		.global	USBD_HID_DeviceDesc
 544              		.global	HID_Desc
 545              		.section	.bss.USBD_StrDesc,"aw",%nobits
 546              		.align	2
 549              	USBD_StrDesc:
 550 0000 00000000 		.space	512
 550      00000000 
 550      00000000 
 550      00000000 
 550      00000000 
 551              		.section	.data.HID_Desc,"aw"
 552              		.align	2
 555              	HID_Desc:
 556 0000 00000000 		.word	USBD_HID_DeviceDescriptor
 557 0004 00000000 		.word	USBD_HID_LangIDStrDescriptor
 558 0008 00000000 		.word	USBD_HID_ManufacturerStrDescriptor
 559 000c 00000000 		.word	USBD_HID_ProductStrDescriptor
 560 0010 00000000 		.word	USBD_HID_SerialStrDescriptor
 561 0014 00000000 		.word	USBD_HID_ConfigStrDescriptor
 562 0018 00000000 		.word	USBD_HID_InterfaceStrDescriptor
ARM GAS  /tmp/ccEcebFb.s 			page 19


 563 001c 00000000 		.space	4
 564              		.section	.data.USBD_HID_DeviceDesc,"aw"
 565              		.align	2
 566              		.set	.LANCHOR0,. + 0
 569              	USBD_HID_DeviceDesc:
 570 0000 12010002 		.ascii	"\022\001\000\002\000\000\000@\203\004+W\000\002\001"
 570      00000040 
 570      83042B57 
 570      000201
 571 000f 020301   		.ascii	"\002\003\001"
 572              		.section	.data.USBD_LangIDDesc,"aw"
 573              		.align	2
 574              		.set	.LANCHOR1,. + 0
 577              	USBD_LangIDDesc:
 578 0000 04030904 		.ascii	"\004\003\011\004"
 579              		.section	.data.USBD_StringSerial,"aw"
 580              		.align	2
 581              		.set	.LANCHOR2,. + 0
 584              	USBD_StringSerial:
 585 0000 1A0300   		.ascii	"\032\003\000"
 586 0003 00000000 		.space	23
 586      00000000 
 586      00000000 
 586      00000000 
 586      00000000 
 587              		.text
 588              	.Letext0:
 589              		.file 2 "/usr/arm-none-eabi/include/machine/_default_types.h"
 590              		.file 3 "/usr/arm-none-eabi/include/sys/_stdint.h"
 591              		.file 4 "Middlewares/ST/STM32_USB_Device_Library/Core/Inc/usbd_def.h"
 592              		.file 5 "USB_Device/App/usbd_desc.h"
 593              		.file 6 "Drivers/STM32G0xx_HAL_Driver/Inc/stm32g0xx_ll_dma.h"
 594              		.file 7 "Middlewares/ST/STM32_USB_Device_Library/Core/Inc/usbd_ctlreq.h"
ARM GAS  /tmp/ccEcebFb.s 			page 20


DEFINED SYMBOLS
                            *ABS*:0000000000000000 usbd_desc.c
     /tmp/ccEcebFb.s:16     .text.USBD_HID_DeviceDescriptor:0000000000000000 $t
     /tmp/ccEcebFb.s:24     .text.USBD_HID_DeviceDescriptor:0000000000000000 USBD_HID_DeviceDescriptor
     /tmp/ccEcebFb.s:48     .text.USBD_HID_DeviceDescriptor:0000000000000008 $d
     /tmp/ccEcebFb.s:53     .text.USBD_HID_LangIDStrDescriptor:0000000000000000 $t
     /tmp/ccEcebFb.s:60     .text.USBD_HID_LangIDStrDescriptor:0000000000000000 USBD_HID_LangIDStrDescriptor
     /tmp/ccEcebFb.s:83     .text.USBD_HID_LangIDStrDescriptor:0000000000000008 $d
     /tmp/ccEcebFb.s:88     .text.IntToUnicode:0000000000000000 $t
     /tmp/ccEcebFb.s:94     .text.IntToUnicode:0000000000000000 IntToUnicode
     /tmp/ccEcebFb.s:170    .text.Get_SerialNum:0000000000000000 $t
     /tmp/ccEcebFb.s:176    .text.Get_SerialNum:0000000000000000 Get_SerialNum
     /tmp/ccEcebFb.s:240    .text.Get_SerialNum:0000000000000030 $d
     /tmp/ccEcebFb.s:248    .text.USBD_HID_SerialStrDescriptor:0000000000000000 $t
     /tmp/ccEcebFb.s:255    .text.USBD_HID_SerialStrDescriptor:0000000000000000 USBD_HID_SerialStrDescriptor
     /tmp/ccEcebFb.s:285    .text.USBD_HID_SerialStrDescriptor:0000000000000010 $d
     /tmp/ccEcebFb.s:290    .rodata.USBD_HID_ProductStrDescriptor.str1.4:0000000000000000 $d
     /tmp/ccEcebFb.s:294    .text.USBD_HID_ProductStrDescriptor:0000000000000000 $t
     /tmp/ccEcebFb.s:301    .text.USBD_HID_ProductStrDescriptor:0000000000000000 USBD_HID_ProductStrDescriptor
     /tmp/ccEcebFb.s:351    .text.USBD_HID_ProductStrDescriptor:0000000000000020 $d
     /tmp/ccEcebFb.s:549    .bss.USBD_StrDesc:0000000000000000 USBD_StrDesc
     /tmp/ccEcebFb.s:357    .rodata.USBD_HID_ManufacturerStrDescriptor.str1.4:0000000000000000 $d
     /tmp/ccEcebFb.s:361    .text.USBD_HID_ManufacturerStrDescriptor:0000000000000000 $t
     /tmp/ccEcebFb.s:368    .text.USBD_HID_ManufacturerStrDescriptor:0000000000000000 USBD_HID_ManufacturerStrDescriptor
     /tmp/ccEcebFb.s:401    .text.USBD_HID_ManufacturerStrDescriptor:0000000000000014 $d
     /tmp/ccEcebFb.s:407    .rodata.USBD_HID_ConfigStrDescriptor.str1.4:0000000000000000 $d
     /tmp/ccEcebFb.s:411    .text.USBD_HID_ConfigStrDescriptor:0000000000000000 $t
     /tmp/ccEcebFb.s:418    .text.USBD_HID_ConfigStrDescriptor:0000000000000000 USBD_HID_ConfigStrDescriptor
     /tmp/ccEcebFb.s:468    .text.USBD_HID_ConfigStrDescriptor:0000000000000020 $d
     /tmp/ccEcebFb.s:474    .rodata.USBD_HID_InterfaceStrDescriptor.str1.4:0000000000000000 $d
     /tmp/ccEcebFb.s:478    .text.USBD_HID_InterfaceStrDescriptor:0000000000000000 $t
     /tmp/ccEcebFb.s:485    .text.USBD_HID_InterfaceStrDescriptor:0000000000000000 USBD_HID_InterfaceStrDescriptor
     /tmp/ccEcebFb.s:535    .text.USBD_HID_InterfaceStrDescriptor:0000000000000020 $d
     /tmp/ccEcebFb.s:584    .data.USBD_StringSerial:0000000000000000 USBD_StringSerial
     /tmp/ccEcebFb.s:577    .data.USBD_LangIDDesc:0000000000000000 USBD_LangIDDesc
     /tmp/ccEcebFb.s:569    .data.USBD_HID_DeviceDesc:0000000000000000 USBD_HID_DeviceDesc
     /tmp/ccEcebFb.s:555    .data.HID_Desc:0000000000000000 HID_Desc
     /tmp/ccEcebFb.s:546    .bss.USBD_StrDesc:0000000000000000 $d
     /tmp/ccEcebFb.s:552    .data.HID_Desc:0000000000000000 $d
     /tmp/ccEcebFb.s:565    .data.USBD_HID_DeviceDesc:0000000000000000 $d
     /tmp/ccEcebFb.s:573    .data.USBD_LangIDDesc:0000000000000000 $d
     /tmp/ccEcebFb.s:580    .data.USBD_StringSerial:0000000000000000 $d

UNDEFINED SYMBOLS
USBD_GetString
